2023-06-25 22:32:46.641 [ForkJoinPool.commonPool-worker-9] INFO  org.dromara.cloudeon.processor.TagHostLabelTask - command task：10 开始, 记录到数据库
2023-06-25 22:32:46.645 [ForkJoinPool.commonPool-worker-9] INFO  org.dromara.cloudeon.processor.TagHostLabelTask - 给k8s节点 k8s-worker-node1 打上label :zookeeper-server-zookeeper1
2023-06-25 22:32:46.804 [ForkJoinPool.commonPool-worker-9] INFO  org.dromara.cloudeon.processor.TagHostLabelTask - command task：10 结束, 记录到数据库
2023-06-25 22:32:46.807 [ForkJoinPool.commonPool-worker-9] INFO  org.dromara.cloudeon.processor.TagHostLabelTask - close sifting Appender of `1-10`
2023-06-26 13:38:06.314 [ForkJoinPool.commonPool-worker-9] INFO  org.dromara.cloudeon.processor.ConfigTask - command task：10 开始, 记录到数据库
2023-06-26 13:38:06.329 [ForkJoinPool.commonPool-worker-9] INFO  org.dromara.cloudeon.processor.ConfigTask - 加载配置文件模板目录：/Users/ycw/work/ycw/home_lab_shanghai/k8s/couldeon/cloudeon-assembly-v1.0.0-release/stack/EDP-1.0.0/monitor/render
2023-06-26 13:38:06.335 [ForkJoinPool.commonPool-worker-9] INFO  org.dromara.cloudeon.processor.ConfigTask - Scanning directory: /Users/ycw/work/ycw/home_lab_shanghai/k8s/couldeon/cloudeon-assembly-v1.0.0-release/stack/EDP-1.0.0/monitor/render
2023-06-26 13:38:06.336 [ForkJoinPool.commonPool-worker-9] INFO  org.dromara.cloudeon.processor.ConfigTask - File found: prometheus.yml.ftl
2023-06-26 13:38:06.339 [ForkJoinPool.commonPool-worker-9] INFO  org.dromara.cloudeon.processor.ConfigTask - 完成配置文件生成：/Users/ycw/work/ycw/home_lab_shanghai/k8s/couldeon/cloudeon-assembly-v1.0.0-release/work/monitor1/k8s-worker-node1/conf/prometheus.yml
2023-06-26 13:38:06.340 [ForkJoinPool.commonPool-worker-9] INFO  org.dromara.cloudeon.processor.ConfigTask - File found: grafana-bootstrap.sh.ftl
2023-06-26 13:38:06.341 [ForkJoinPool.commonPool-worker-9] INFO  org.dromara.cloudeon.processor.ConfigTask - 完成配置文件生成：/Users/ycw/work/ycw/home_lab_shanghai/k8s/couldeon/cloudeon-assembly-v1.0.0-release/work/monitor1/k8s-worker-node1/conf/grafana-bootstrap.sh
2023-06-26 13:38:06.341 [ForkJoinPool.commonPool-worker-9] INFO  org.dromara.cloudeon.processor.ConfigTask - File found: nodeexporter-bootstrap.sh.ftl
2023-06-26 13:38:06.342 [ForkJoinPool.commonPool-worker-9] INFO  org.dromara.cloudeon.processor.ConfigTask - 完成配置文件生成：/Users/ycw/work/ycw/home_lab_shanghai/k8s/couldeon/cloudeon-assembly-v1.0.0-release/work/monitor1/k8s-worker-node1/conf/nodeexporter-bootstrap.sh
2023-06-26 13:38:06.342 [ForkJoinPool.commonPool-worker-9] INFO  org.dromara.cloudeon.processor.ConfigTask - File found: grafana.ini.ftl
2023-06-26 13:38:06.356 [ForkJoinPool.commonPool-worker-9] INFO  org.dromara.cloudeon.processor.ConfigTask - 完成配置文件生成：/Users/ycw/work/ycw/home_lab_shanghai/k8s/couldeon/cloudeon-assembly-v1.0.0-release/work/monitor1/k8s-worker-node1/conf/grafana.ini
2023-06-26 13:38:06.356 [ForkJoinPool.commonPool-worker-9] INFO  org.dromara.cloudeon.processor.ConfigTask - Scanning directory: /Users/ycw/work/ycw/home_lab_shanghai/k8s/couldeon/cloudeon-assembly-v1.0.0-release/stack/EDP-1.0.0/monitor/render/provisioning
2023-06-26 13:38:06.356 [ForkJoinPool.commonPool-worker-9] INFO  org.dromara.cloudeon.processor.ConfigTask - Scanning directory: /Users/ycw/work/ycw/home_lab_shanghai/k8s/couldeon/cloudeon-assembly-v1.0.0-release/stack/EDP-1.0.0/monitor/render/provisioning/datasources
2023-06-26 13:38:06.356 [ForkJoinPool.commonPool-worker-9] INFO  org.dromara.cloudeon.processor.ConfigTask - File found: provisioning/datasources/prometheus-ds.yaml.ftl
2023-06-26 13:38:06.358 [ForkJoinPool.commonPool-worker-9] INFO  org.dromara.cloudeon.processor.ConfigTask - 完成配置文件生成：/Users/ycw/work/ycw/home_lab_shanghai/k8s/couldeon/cloudeon-assembly-v1.0.0-release/work/monitor1/k8s-worker-node1/conf/provisioning/datasources/prometheus-ds.yaml
2023-06-26 13:38:06.358 [ForkJoinPool.commonPool-worker-9] INFO  org.dromara.cloudeon.processor.ConfigTask - Scanning directory: /Users/ycw/work/ycw/home_lab_shanghai/k8s/couldeon/cloudeon-assembly-v1.0.0-release/stack/EDP-1.0.0/monitor/render/provisioning/dashboards
2023-06-26 13:38:06.358 [ForkJoinPool.commonPool-worker-9] INFO  org.dromara.cloudeon.processor.ConfigTask - File found: provisioning/dashboards/grafana.yaml.ftl
2023-06-26 13:38:06.359 [ForkJoinPool.commonPool-worker-9] INFO  org.dromara.cloudeon.processor.ConfigTask - 完成配置文件生成：/Users/ycw/work/ycw/home_lab_shanghai/k8s/couldeon/cloudeon-assembly-v1.0.0-release/work/monitor1/k8s-worker-node1/conf/provisioning/dashboards/grafana.yaml
2023-06-26 13:38:06.359 [ForkJoinPool.commonPool-worker-9] INFO  org.dromara.cloudeon.processor.ConfigTask - Scanning directory: /Users/ycw/work/ycw/home_lab_shanghai/k8s/couldeon/cloudeon-assembly-v1.0.0-release/stack/EDP-1.0.0/monitor/render/provisioning/dashboards/grafana
2023-06-26 13:38:06.360 [ForkJoinPool.commonPool-worker-9] INFO  org.dromara.cloudeon.processor.ConfigTask - File found: provisioning/dashboards/grafana/zookeeper.json
2023-06-26 13:38:06.360 [ForkJoinPool.commonPool-worker-9] INFO  org.dromara.cloudeon.processor.ConfigTask - 完成配置文件生成：/Users/ycw/work/ycw/home_lab_shanghai/k8s/couldeon/cloudeon-assembly-v1.0.0-release/work/monitor1/k8s-worker-node1/conf/provisioning/dashboards/grafana/zookeeper.json
2023-06-26 13:38:06.361 [ForkJoinPool.commonPool-worker-9] INFO  org.dromara.cloudeon.processor.ConfigTask - File found: provisioning/dashboards/grafana/dolphinscheduler.json
2023-06-26 13:38:06.361 [ForkJoinPool.commonPool-worker-9] INFO  org.dromara.cloudeon.processor.ConfigTask - 完成配置文件生成：/Users/ycw/work/ycw/home_lab_shanghai/k8s/couldeon/cloudeon-assembly-v1.0.0-release/work/monitor1/k8s-worker-node1/conf/provisioning/dashboards/grafana/dolphinscheduler.json
2023-06-26 13:38:06.362 [ForkJoinPool.commonPool-worker-9] INFO  org.dromara.cloudeon.processor.ConfigTask - File found: provisioning/dashboards/grafana/spark.json
2023-06-26 13:38:06.362 [ForkJoinPool.commonPool-worker-9] INFO  org.dromara.cloudeon.processor.ConfigTask - 完成配置文件生成：/Users/ycw/work/ycw/home_lab_shanghai/k8s/couldeon/cloudeon-assembly-v1.0.0-release/work/monitor1/k8s-worker-node1/conf/provisioning/dashboards/grafana/spark.json
2023-06-26 13:38:06.363 [ForkJoinPool.commonPool-worker-9] INFO  org.dromara.cloudeon.processor.ConfigTask - File found: provisioning/dashboards/grafana/kafka.json
2023-06-26 13:38:06.363 [ForkJoinPool.commonPool-worker-9] INFO  org.dromara.cloudeon.processor.ConfigTask - 完成配置文件生成：/Users/ycw/work/ycw/home_lab_shanghai/k8s/couldeon/cloudeon-assembly-v1.0.0-release/work/monitor1/k8s-worker-node1/conf/provisioning/dashboards/grafana/kafka.json
2023-06-26 13:38:06.363 [ForkJoinPool.commonPool-worker-9] INFO  org.dromara.cloudeon.processor.ConfigTask - File found: provisioning/dashboards/grafana/doris.json
2023-06-26 13:38:06.364 [ForkJoinPool.commonPool-worker-9] INFO  org.dromara.cloudeon.processor.ConfigTask - 完成配置文件生成：/Users/ycw/work/ycw/home_lab_shanghai/k8s/couldeon/cloudeon-assembly-v1.0.0-release/work/monitor1/k8s-worker-node1/conf/provisioning/dashboards/grafana/doris.json
2023-06-26 13:38:06.365 [ForkJoinPool.commonPool-worker-9] INFO  org.dromara.cloudeon.processor.ConfigTask - File found: provisioning/dashboards/grafana/flink.json
2023-06-26 13:38:06.365 [ForkJoinPool.commonPool-worker-9] INFO  org.dromara.cloudeon.processor.ConfigTask - 完成配置文件生成：/Users/ycw/work/ycw/home_lab_shanghai/k8s/couldeon/cloudeon-assembly-v1.0.0-release/work/monitor1/k8s-worker-node1/conf/provisioning/dashboards/grafana/flink.json
2023-06-26 13:38:06.366 [ForkJoinPool.commonPool-worker-9] INFO  org.dromara.cloudeon.processor.ConfigTask - File found: provisioning/dashboards/grafana/alertmanager.json
2023-06-26 13:38:06.367 [ForkJoinPool.commonPool-worker-9] INFO  org.dromara.cloudeon.processor.ConfigTask - 完成配置文件生成：/Users/ycw/work/ycw/home_lab_shanghai/k8s/couldeon/cloudeon-assembly-v1.0.0-release/work/monitor1/k8s-worker-node1/conf/provisioning/dashboards/grafana/alertmanager.json
2023-06-26 13:38:06.367 [ForkJoinPool.commonPool-worker-9] INFO  org.dromara.cloudeon.processor.ConfigTask - File found: provisioning/dashboards/grafana/hbase-new.json
2023-06-26 13:38:06.369 [ForkJoinPool.commonPool-worker-9] INFO  org.dromara.cloudeon.processor.ConfigTask - 完成配置文件生成：/Users/ycw/work/ycw/home_lab_shanghai/k8s/couldeon/cloudeon-assembly-v1.0.0-release/work/monitor1/k8s-worker-node1/conf/provisioning/dashboards/grafana/hbase-new.json
2023-06-26 13:38:06.370 [ForkJoinPool.commonPool-worker-9] INFO  org.dromara.cloudeon.processor.ConfigTask - File found: provisioning/dashboards/grafana/ranger.json
2023-06-26 13:38:06.370 [ForkJoinPool.commonPool-worker-9] INFO  org.dromara.cloudeon.processor.ConfigTask - 完成配置文件生成：/Users/ycw/work/ycw/home_lab_shanghai/k8s/couldeon/cloudeon-assembly-v1.0.0-release/work/monitor1/k8s-worker-node1/conf/provisioning/dashboards/grafana/ranger.json
2023-06-26 13:38:06.371 [ForkJoinPool.commonPool-worker-9] INFO  org.dromara.cloudeon.processor.ConfigTask - File found: provisioning/dashboards/grafana/jvm.json
2023-06-26 13:38:06.371 [ForkJoinPool.commonPool-worker-9] INFO  org.dromara.cloudeon.processor.ConfigTask - 完成配置文件生成：/Users/ycw/work/ycw/home_lab_shanghai/k8s/couldeon/cloudeon-assembly-v1.0.0-release/work/monitor1/k8s-worker-node1/conf/provisioning/dashboards/grafana/jvm.json
2023-06-26 13:38:06.372 [ForkJoinPool.commonPool-worker-9] INFO  org.dromara.cloudeon.processor.ConfigTask - File found: provisioning/dashboards/grafana/grafana.json
2023-06-26 13:38:06.372 [ForkJoinPool.commonPool-worker-9] INFO  org.dromara.cloudeon.processor.ConfigTask - 完成配置文件生成：/Users/ycw/work/ycw/home_lab_shanghai/k8s/couldeon/cloudeon-assembly-v1.0.0-release/work/monitor1/k8s-worker-node1/conf/provisioning/dashboards/grafana/grafana.json
2023-06-26 13:38:06.372 [ForkJoinPool.commonPool-worker-9] INFO  org.dromara.cloudeon.processor.ConfigTask - File found: provisioning/dashboards/grafana/yarn.json
2023-06-26 13:38:06.373 [ForkJoinPool.commonPool-worker-9] INFO  org.dromara.cloudeon.processor.ConfigTask - 完成配置文件生成：/Users/ycw/work/ycw/home_lab_shanghai/k8s/couldeon/cloudeon-assembly-v1.0.0-release/work/monitor1/k8s-worker-node1/conf/provisioning/dashboards/grafana/yarn.json
2023-06-26 13:38:06.373 [ForkJoinPool.commonPool-worker-9] INFO  org.dromara.cloudeon.processor.ConfigTask - File found: provisioning/dashboards/grafana/hdfs.json
2023-06-26 13:38:06.373 [ForkJoinPool.commonPool-worker-9] INFO  org.dromara.cloudeon.processor.ConfigTask - 完成配置文件生成：/Users/ycw/work/ycw/home_lab_shanghai/k8s/couldeon/cloudeon-assembly-v1.0.0-release/work/monitor1/k8s-worker-node1/conf/provisioning/dashboards/grafana/hdfs.json
2023-06-26 13:38:06.374 [ForkJoinPool.commonPool-worker-9] INFO  org.dromara.cloudeon.processor.ConfigTask - File found: provisioning/dashboards/grafana/zonglan.json
2023-06-26 13:38:06.374 [ForkJoinPool.commonPool-worker-9] INFO  org.dromara.cloudeon.processor.ConfigTask - 完成配置文件生成：/Users/ycw/work/ycw/home_lab_shanghai/k8s/couldeon/cloudeon-assembly-v1.0.0-release/work/monitor1/k8s-worker-node1/conf/provisioning/dashboards/grafana/zonglan.json
2023-06-26 13:38:06.375 [ForkJoinPool.commonPool-worker-9] INFO  org.dromara.cloudeon.processor.ConfigTask - File found: provisioning/dashboards/grafana/prometheus.json
2023-06-26 13:38:06.375 [ForkJoinPool.commonPool-worker-9] INFO  org.dromara.cloudeon.processor.ConfigTask - 完成配置文件生成：/Users/ycw/work/ycw/home_lab_shanghai/k8s/couldeon/cloudeon-assembly-v1.0.0-release/work/monitor1/k8s-worker-node1/conf/provisioning/dashboards/grafana/prometheus.json
2023-06-26 13:38:06.376 [ForkJoinPool.commonPool-worker-9] INFO  org.dromara.cloudeon.processor.ConfigTask - File found: provisioning/dashboards/grafana/one-node-detail.json
2023-06-26 13:38:06.377 [ForkJoinPool.commonPool-worker-9] INFO  org.dromara.cloudeon.processor.ConfigTask - 完成配置文件生成：/Users/ycw/work/ycw/home_lab_shanghai/k8s/couldeon/cloudeon-assembly-v1.0.0-release/work/monitor1/k8s-worker-node1/conf/provisioning/dashboards/grafana/one-node-detail.json
2023-06-26 13:38:06.377 [ForkJoinPool.commonPool-worker-9] INFO  org.dromara.cloudeon.processor.ConfigTask - File found: provisioning/dashboards/grafana/hive.json
2023-06-26 13:38:06.378 [ForkJoinPool.commonPool-worker-9] INFO  org.dromara.cloudeon.processor.ConfigTask - 完成配置文件生成：/Users/ycw/work/ycw/home_lab_shanghai/k8s/couldeon/cloudeon-assembly-v1.0.0-release/work/monitor1/k8s-worker-node1/conf/provisioning/dashboards/grafana/hive.json
2023-06-26 13:38:06.378 [ForkJoinPool.commonPool-worker-9] INFO  org.dromara.cloudeon.processor.ConfigTask - File found: provisioning/dashboards/grafana/node-info.json
2023-06-26 13:38:06.379 [ForkJoinPool.commonPool-worker-9] INFO  org.dromara.cloudeon.processor.ConfigTask - 完成配置文件生成：/Users/ycw/work/ycw/home_lab_shanghai/k8s/couldeon/cloudeon-assembly-v1.0.0-release/work/monitor1/k8s-worker-node1/conf/provisioning/dashboards/grafana/node-info.json
2023-06-26 13:38:06.379 [ForkJoinPool.commonPool-worker-9] INFO  org.dromara.cloudeon.processor.ConfigTask - File found: provisioning/dashboards/grafana/hbase.json
2023-06-26 13:38:06.380 [ForkJoinPool.commonPool-worker-9] INFO  org.dromara.cloudeon.processor.ConfigTask - 完成配置文件生成：/Users/ycw/work/ycw/home_lab_shanghai/k8s/couldeon/cloudeon-assembly-v1.0.0-release/work/monitor1/k8s-worker-node1/conf/provisioning/dashboards/grafana/hbase.json
2023-06-26 13:38:06.380 [ForkJoinPool.commonPool-worker-9] INFO  org.dromara.cloudeon.processor.ConfigTask - File found: provisioning/dashboards/grafana/kafka-metrics.json
2023-06-26 13:38:06.381 [ForkJoinPool.commonPool-worker-9] INFO  org.dromara.cloudeon.processor.ConfigTask - 完成配置文件生成：/Users/ycw/work/ycw/home_lab_shanghai/k8s/couldeon/cloudeon-assembly-v1.0.0-release/work/monitor1/k8s-worker-node1/conf/provisioning/dashboards/grafana/kafka-metrics.json
2023-06-26 13:38:06.382 [ForkJoinPool.commonPool-worker-9] INFO  org.dromara.cloudeon.processor.ConfigTask - File found: provisioning/dashboards/grafana/trion.json
2023-06-26 13:38:06.382 [ForkJoinPool.commonPool-worker-9] INFO  org.dromara.cloudeon.processor.ConfigTask - 完成配置文件生成：/Users/ycw/work/ycw/home_lab_shanghai/k8s/couldeon/cloudeon-assembly-v1.0.0-release/work/monitor1/k8s-worker-node1/conf/provisioning/dashboards/grafana/trion.json
2023-06-26 13:38:06.383 [ForkJoinPool.commonPool-worker-9] INFO  org.dromara.cloudeon.processor.ConfigTask - Scanning directory: /Users/ycw/work/ycw/home_lab_shanghai/k8s/couldeon/cloudeon-assembly-v1.0.0-release/stack/EDP-1.0.0/monitor/render/rule
2023-06-26 13:38:06.383 [ForkJoinPool.commonPool-worker-9] INFO  org.dromara.cloudeon.processor.ConfigTask - File found: rule/rules-internal.yml.ftl
2023-06-26 13:38:06.385 [ForkJoinPool.commonPool-worker-9] INFO  org.dromara.cloudeon.processor.ConfigTask - 完成配置文件生成：/Users/ycw/work/ycw/home_lab_shanghai/k8s/couldeon/cloudeon-assembly-v1.0.0-release/work/monitor1/k8s-worker-node1/conf/rule/rules-internal.yml
2023-06-26 13:38:06.386 [ForkJoinPool.commonPool-worker-9] INFO  org.dromara.cloudeon.processor.ConfigTask - File found: rule/rules-alert.yml
2023-06-26 13:38:06.387 [ForkJoinPool.commonPool-worker-9] INFO  org.dromara.cloudeon.processor.ConfigTask - 完成配置文件生成：/Users/ycw/work/ycw/home_lab_shanghai/k8s/couldeon/cloudeon-assembly-v1.0.0-release/work/monitor1/k8s-worker-node1/conf/rule/rules-alert.yml
2023-06-26 13:38:06.387 [ForkJoinPool.commonPool-worker-9] INFO  org.dromara.cloudeon.processor.ConfigTask - File found: alertmanager.yml.ftl
2023-06-26 13:38:06.388 [ForkJoinPool.commonPool-worker-9] INFO  org.dromara.cloudeon.processor.ConfigTask - 完成配置文件生成：/Users/ycw/work/ycw/home_lab_shanghai/k8s/couldeon/cloudeon-assembly-v1.0.0-release/work/monitor1/k8s-worker-node1/conf/alertmanager.yml
2023-06-26 13:38:06.388 [ForkJoinPool.commonPool-worker-9] INFO  org.dromara.cloudeon.processor.ConfigTask - File found: prometheus-bootstrap.sh.ftl
2023-06-26 13:38:06.390 [ForkJoinPool.commonPool-worker-9] INFO  org.dromara.cloudeon.processor.ConfigTask - 完成配置文件生成：/Users/ycw/work/ycw/home_lab_shanghai/k8s/couldeon/cloudeon-assembly-v1.0.0-release/work/monitor1/k8s-worker-node1/conf/prometheus-bootstrap.sh
2023-06-26 13:38:06.390 [ForkJoinPool.commonPool-worker-9] INFO  org.dromara.cloudeon.processor.ConfigTask - File found: alertmanager-bootstrap.sh.ftl
2023-06-26 13:38:06.391 [ForkJoinPool.commonPool-worker-9] INFO  org.dromara.cloudeon.processor.ConfigTask - 完成配置文件生成：/Users/ycw/work/ycw/home_lab_shanghai/k8s/couldeon/cloudeon-assembly-v1.0.0-release/work/monitor1/k8s-worker-node1/conf/alertmanager-bootstrap.sh
2023-06-26 13:38:06.457 [ForkJoinPool.commonPool-worker-9] INFO  org.dromara.cloudeon.processor.ConfigTask - 拷贝本地配置目录：/Users/ycw/work/ycw/home_lab_shanghai/k8s/couldeon/cloudeon-assembly-v1.0.0-release/work/monitor1/k8s-worker-node1/conf 到节点k8s-worker-node1的：/opt/edp/monitor1/conf/
2023-06-26 13:38:07.721 [ForkJoinPool.commonPool-worker-9] INFO  org.dromara.cloudeon.processor.ConfigTask - 成功拷贝本地配置目录：/Users/ycw/work/ycw/home_lab_shanghai/k8s/couldeon/cloudeon-assembly-v1.0.0-release/work/monitor1/k8s-worker-node1/conf 到节点k8s-worker-node1的：/opt/edp/monitor1/conf/
2023-06-26 13:38:07.721 [ForkJoinPool.commonPool-worker-9] INFO  org.dromara.cloudeon.processor.ConfigTask - 赋予conf目录下sh脚本执行权限：chmod +x /opt/edp/monitor1/conf//*.sh
2023-06-26 13:38:07.791 [ForkJoinPool.commonPool-worker-9] INFO  org.dromara.cloudeon.processor.ConfigTask - command task：10 结束, 记录到数据库
2023-06-26 13:38:07.795 [ForkJoinPool.commonPool-worker-9] INFO  org.dromara.cloudeon.processor.ConfigTask - close sifting Appender of `1-10`
