2023-06-25 22:32:46.899 [ForkJoinPool.commonPool-worker-9] INFO  org.dromara.cloudeon.processor.TagHostLabelTask - command task：12 开始, 记录到数据库
2023-06-25 22:32:46.904 [ForkJoinPool.commonPool-worker-9] INFO  org.dromara.cloudeon.processor.TagHostLabelTask - 给k8s节点 k8s-worker-node3 打上label :zookeeper-server-zookeeper1
2023-06-25 22:32:46.976 [ForkJoinPool.commonPool-worker-9] INFO  org.dromara.cloudeon.processor.TagHostLabelTask - command task：12 结束, 记录到数据库
2023-06-25 22:32:46.981 [ForkJoinPool.commonPool-worker-9] INFO  org.dromara.cloudeon.processor.TagHostLabelTask - close sifting Appender of `1-12`
2023-06-26 13:38:09.247 [ForkJoinPool.commonPool-worker-9] INFO  org.dromara.cloudeon.processor.ConfigTask - command task：12 开始, 记录到数据库
2023-06-26 13:38:09.262 [ForkJoinPool.commonPool-worker-9] INFO  org.dromara.cloudeon.processor.ConfigTask - 加载配置文件模板目录：/Users/ycw/work/ycw/home_lab_shanghai/k8s/couldeon/cloudeon-assembly-v1.0.0-release/stack/EDP-1.0.0/monitor/render
2023-06-26 13:38:09.267 [ForkJoinPool.commonPool-worker-9] INFO  org.dromara.cloudeon.processor.ConfigTask - Scanning directory: /Users/ycw/work/ycw/home_lab_shanghai/k8s/couldeon/cloudeon-assembly-v1.0.0-release/stack/EDP-1.0.0/monitor/render
2023-06-26 13:38:09.268 [ForkJoinPool.commonPool-worker-9] INFO  org.dromara.cloudeon.processor.ConfigTask - File found: prometheus.yml.ftl
2023-06-26 13:38:09.270 [ForkJoinPool.commonPool-worker-9] INFO  org.dromara.cloudeon.processor.ConfigTask - 完成配置文件生成：/Users/ycw/work/ycw/home_lab_shanghai/k8s/couldeon/cloudeon-assembly-v1.0.0-release/work/monitor1/k8s-worker-node1/conf/prometheus.yml
2023-06-26 13:38:09.271 [ForkJoinPool.commonPool-worker-9] INFO  org.dromara.cloudeon.processor.ConfigTask - File found: grafana-bootstrap.sh.ftl
2023-06-26 13:38:09.271 [ForkJoinPool.commonPool-worker-9] INFO  org.dromara.cloudeon.processor.ConfigTask - 完成配置文件生成：/Users/ycw/work/ycw/home_lab_shanghai/k8s/couldeon/cloudeon-assembly-v1.0.0-release/work/monitor1/k8s-worker-node1/conf/grafana-bootstrap.sh
2023-06-26 13:38:09.272 [ForkJoinPool.commonPool-worker-9] INFO  org.dromara.cloudeon.processor.ConfigTask - File found: nodeexporter-bootstrap.sh.ftl
2023-06-26 13:38:09.272 [ForkJoinPool.commonPool-worker-9] INFO  org.dromara.cloudeon.processor.ConfigTask - 完成配置文件生成：/Users/ycw/work/ycw/home_lab_shanghai/k8s/couldeon/cloudeon-assembly-v1.0.0-release/work/monitor1/k8s-worker-node1/conf/nodeexporter-bootstrap.sh
2023-06-26 13:38:09.273 [ForkJoinPool.commonPool-worker-9] INFO  org.dromara.cloudeon.processor.ConfigTask - File found: grafana.ini.ftl
2023-06-26 13:38:09.285 [ForkJoinPool.commonPool-worker-9] INFO  org.dromara.cloudeon.processor.ConfigTask - 完成配置文件生成：/Users/ycw/work/ycw/home_lab_shanghai/k8s/couldeon/cloudeon-assembly-v1.0.0-release/work/monitor1/k8s-worker-node1/conf/grafana.ini
2023-06-26 13:38:09.286 [ForkJoinPool.commonPool-worker-9] INFO  org.dromara.cloudeon.processor.ConfigTask - Scanning directory: /Users/ycw/work/ycw/home_lab_shanghai/k8s/couldeon/cloudeon-assembly-v1.0.0-release/stack/EDP-1.0.0/monitor/render/provisioning
2023-06-26 13:38:09.286 [ForkJoinPool.commonPool-worker-9] INFO  org.dromara.cloudeon.processor.ConfigTask - Scanning directory: /Users/ycw/work/ycw/home_lab_shanghai/k8s/couldeon/cloudeon-assembly-v1.0.0-release/stack/EDP-1.0.0/monitor/render/provisioning/datasources
2023-06-26 13:38:09.286 [ForkJoinPool.commonPool-worker-9] INFO  org.dromara.cloudeon.processor.ConfigTask - File found: provisioning/datasources/prometheus-ds.yaml.ftl
2023-06-26 13:38:09.287 [ForkJoinPool.commonPool-worker-9] INFO  org.dromara.cloudeon.processor.ConfigTask - 完成配置文件生成：/Users/ycw/work/ycw/home_lab_shanghai/k8s/couldeon/cloudeon-assembly-v1.0.0-release/work/monitor1/k8s-worker-node1/conf/provisioning/datasources/prometheus-ds.yaml
2023-06-26 13:38:09.287 [ForkJoinPool.commonPool-worker-9] INFO  org.dromara.cloudeon.processor.ConfigTask - Scanning directory: /Users/ycw/work/ycw/home_lab_shanghai/k8s/couldeon/cloudeon-assembly-v1.0.0-release/stack/EDP-1.0.0/monitor/render/provisioning/dashboards
2023-06-26 13:38:09.288 [ForkJoinPool.commonPool-worker-9] INFO  org.dromara.cloudeon.processor.ConfigTask - File found: provisioning/dashboards/grafana.yaml.ftl
2023-06-26 13:38:09.289 [ForkJoinPool.commonPool-worker-9] INFO  org.dromara.cloudeon.processor.ConfigTask - 完成配置文件生成：/Users/ycw/work/ycw/home_lab_shanghai/k8s/couldeon/cloudeon-assembly-v1.0.0-release/work/monitor1/k8s-worker-node1/conf/provisioning/dashboards/grafana.yaml
2023-06-26 13:38:09.289 [ForkJoinPool.commonPool-worker-9] INFO  org.dromara.cloudeon.processor.ConfigTask - Scanning directory: /Users/ycw/work/ycw/home_lab_shanghai/k8s/couldeon/cloudeon-assembly-v1.0.0-release/stack/EDP-1.0.0/monitor/render/provisioning/dashboards/grafana
2023-06-26 13:38:09.289 [ForkJoinPool.commonPool-worker-9] INFO  org.dromara.cloudeon.processor.ConfigTask - File found: provisioning/dashboards/grafana/zookeeper.json
2023-06-26 13:38:09.290 [ForkJoinPool.commonPool-worker-9] INFO  org.dromara.cloudeon.processor.ConfigTask - 完成配置文件生成：/Users/ycw/work/ycw/home_lab_shanghai/k8s/couldeon/cloudeon-assembly-v1.0.0-release/work/monitor1/k8s-worker-node1/conf/provisioning/dashboards/grafana/zookeeper.json
2023-06-26 13:38:09.290 [ForkJoinPool.commonPool-worker-9] INFO  org.dromara.cloudeon.processor.ConfigTask - File found: provisioning/dashboards/grafana/dolphinscheduler.json
2023-06-26 13:38:09.291 [ForkJoinPool.commonPool-worker-9] INFO  org.dromara.cloudeon.processor.ConfigTask - 完成配置文件生成：/Users/ycw/work/ycw/home_lab_shanghai/k8s/couldeon/cloudeon-assembly-v1.0.0-release/work/monitor1/k8s-worker-node1/conf/provisioning/dashboards/grafana/dolphinscheduler.json
2023-06-26 13:38:09.291 [ForkJoinPool.commonPool-worker-9] INFO  org.dromara.cloudeon.processor.ConfigTask - File found: provisioning/dashboards/grafana/spark.json
2023-06-26 13:38:09.292 [ForkJoinPool.commonPool-worker-9] INFO  org.dromara.cloudeon.processor.ConfigTask - 完成配置文件生成：/Users/ycw/work/ycw/home_lab_shanghai/k8s/couldeon/cloudeon-assembly-v1.0.0-release/work/monitor1/k8s-worker-node1/conf/provisioning/dashboards/grafana/spark.json
2023-06-26 13:38:09.292 [ForkJoinPool.commonPool-worker-9] INFO  org.dromara.cloudeon.processor.ConfigTask - File found: provisioning/dashboards/grafana/kafka.json
2023-06-26 13:38:09.292 [ForkJoinPool.commonPool-worker-9] INFO  org.dromara.cloudeon.processor.ConfigTask - 完成配置文件生成：/Users/ycw/work/ycw/home_lab_shanghai/k8s/couldeon/cloudeon-assembly-v1.0.0-release/work/monitor1/k8s-worker-node1/conf/provisioning/dashboards/grafana/kafka.json
2023-06-26 13:38:09.293 [ForkJoinPool.commonPool-worker-9] INFO  org.dromara.cloudeon.processor.ConfigTask - File found: provisioning/dashboards/grafana/doris.json
2023-06-26 13:38:09.294 [ForkJoinPool.commonPool-worker-9] INFO  org.dromara.cloudeon.processor.ConfigTask - 完成配置文件生成：/Users/ycw/work/ycw/home_lab_shanghai/k8s/couldeon/cloudeon-assembly-v1.0.0-release/work/monitor1/k8s-worker-node1/conf/provisioning/dashboards/grafana/doris.json
2023-06-26 13:38:09.294 [ForkJoinPool.commonPool-worker-9] INFO  org.dromara.cloudeon.processor.ConfigTask - File found: provisioning/dashboards/grafana/flink.json
2023-06-26 13:38:09.295 [ForkJoinPool.commonPool-worker-9] INFO  org.dromara.cloudeon.processor.ConfigTask - 完成配置文件生成：/Users/ycw/work/ycw/home_lab_shanghai/k8s/couldeon/cloudeon-assembly-v1.0.0-release/work/monitor1/k8s-worker-node1/conf/provisioning/dashboards/grafana/flink.json
2023-06-26 13:38:09.295 [ForkJoinPool.commonPool-worker-9] INFO  org.dromara.cloudeon.processor.ConfigTask - File found: provisioning/dashboards/grafana/alertmanager.json
2023-06-26 13:38:09.295 [ForkJoinPool.commonPool-worker-9] INFO  org.dromara.cloudeon.processor.ConfigTask - 完成配置文件生成：/Users/ycw/work/ycw/home_lab_shanghai/k8s/couldeon/cloudeon-assembly-v1.0.0-release/work/monitor1/k8s-worker-node1/conf/provisioning/dashboards/grafana/alertmanager.json
2023-06-26 13:38:09.296 [ForkJoinPool.commonPool-worker-9] INFO  org.dromara.cloudeon.processor.ConfigTask - File found: provisioning/dashboards/grafana/hbase-new.json
2023-06-26 13:38:09.297 [ForkJoinPool.commonPool-worker-9] INFO  org.dromara.cloudeon.processor.ConfigTask - 完成配置文件生成：/Users/ycw/work/ycw/home_lab_shanghai/k8s/couldeon/cloudeon-assembly-v1.0.0-release/work/monitor1/k8s-worker-node1/conf/provisioning/dashboards/grafana/hbase-new.json
2023-06-26 13:38:09.297 [ForkJoinPool.commonPool-worker-9] INFO  org.dromara.cloudeon.processor.ConfigTask - File found: provisioning/dashboards/grafana/ranger.json
2023-06-26 13:38:09.297 [ForkJoinPool.commonPool-worker-9] INFO  org.dromara.cloudeon.processor.ConfigTask - 完成配置文件生成：/Users/ycw/work/ycw/home_lab_shanghai/k8s/couldeon/cloudeon-assembly-v1.0.0-release/work/monitor1/k8s-worker-node1/conf/provisioning/dashboards/grafana/ranger.json
2023-06-26 13:38:09.297 [ForkJoinPool.commonPool-worker-9] INFO  org.dromara.cloudeon.processor.ConfigTask - File found: provisioning/dashboards/grafana/jvm.json
2023-06-26 13:38:09.298 [ForkJoinPool.commonPool-worker-9] INFO  org.dromara.cloudeon.processor.ConfigTask - 完成配置文件生成：/Users/ycw/work/ycw/home_lab_shanghai/k8s/couldeon/cloudeon-assembly-v1.0.0-release/work/monitor1/k8s-worker-node1/conf/provisioning/dashboards/grafana/jvm.json
2023-06-26 13:38:09.298 [ForkJoinPool.commonPool-worker-9] INFO  org.dromara.cloudeon.processor.ConfigTask - File found: provisioning/dashboards/grafana/grafana.json
2023-06-26 13:38:09.298 [ForkJoinPool.commonPool-worker-9] INFO  org.dromara.cloudeon.processor.ConfigTask - 完成配置文件生成：/Users/ycw/work/ycw/home_lab_shanghai/k8s/couldeon/cloudeon-assembly-v1.0.0-release/work/monitor1/k8s-worker-node1/conf/provisioning/dashboards/grafana/grafana.json
2023-06-26 13:38:09.299 [ForkJoinPool.commonPool-worker-9] INFO  org.dromara.cloudeon.processor.ConfigTask - File found: provisioning/dashboards/grafana/yarn.json
2023-06-26 13:38:09.299 [ForkJoinPool.commonPool-worker-9] INFO  org.dromara.cloudeon.processor.ConfigTask - 完成配置文件生成：/Users/ycw/work/ycw/home_lab_shanghai/k8s/couldeon/cloudeon-assembly-v1.0.0-release/work/monitor1/k8s-worker-node1/conf/provisioning/dashboards/grafana/yarn.json
2023-06-26 13:38:09.299 [ForkJoinPool.commonPool-worker-9] INFO  org.dromara.cloudeon.processor.ConfigTask - File found: provisioning/dashboards/grafana/hdfs.json
2023-06-26 13:38:09.300 [ForkJoinPool.commonPool-worker-9] INFO  org.dromara.cloudeon.processor.ConfigTask - 完成配置文件生成：/Users/ycw/work/ycw/home_lab_shanghai/k8s/couldeon/cloudeon-assembly-v1.0.0-release/work/monitor1/k8s-worker-node1/conf/provisioning/dashboards/grafana/hdfs.json
2023-06-26 13:38:09.300 [ForkJoinPool.commonPool-worker-9] INFO  org.dromara.cloudeon.processor.ConfigTask - File found: provisioning/dashboards/grafana/zonglan.json
2023-06-26 13:38:09.301 [ForkJoinPool.commonPool-worker-9] INFO  org.dromara.cloudeon.processor.ConfigTask - 完成配置文件生成：/Users/ycw/work/ycw/home_lab_shanghai/k8s/couldeon/cloudeon-assembly-v1.0.0-release/work/monitor1/k8s-worker-node1/conf/provisioning/dashboards/grafana/zonglan.json
2023-06-26 13:38:09.301 [ForkJoinPool.commonPool-worker-9] INFO  org.dromara.cloudeon.processor.ConfigTask - File found: provisioning/dashboards/grafana/prometheus.json
2023-06-26 13:38:09.302 [ForkJoinPool.commonPool-worker-9] INFO  org.dromara.cloudeon.processor.ConfigTask - 完成配置文件生成：/Users/ycw/work/ycw/home_lab_shanghai/k8s/couldeon/cloudeon-assembly-v1.0.0-release/work/monitor1/k8s-worker-node1/conf/provisioning/dashboards/grafana/prometheus.json
2023-06-26 13:38:09.303 [ForkJoinPool.commonPool-worker-9] INFO  org.dromara.cloudeon.processor.ConfigTask - File found: provisioning/dashboards/grafana/one-node-detail.json
2023-06-26 13:38:09.303 [ForkJoinPool.commonPool-worker-9] INFO  org.dromara.cloudeon.processor.ConfigTask - 完成配置文件生成：/Users/ycw/work/ycw/home_lab_shanghai/k8s/couldeon/cloudeon-assembly-v1.0.0-release/work/monitor1/k8s-worker-node1/conf/provisioning/dashboards/grafana/one-node-detail.json
2023-06-26 13:38:09.303 [ForkJoinPool.commonPool-worker-9] INFO  org.dromara.cloudeon.processor.ConfigTask - File found: provisioning/dashboards/grafana/hive.json
2023-06-26 13:38:09.304 [ForkJoinPool.commonPool-worker-9] INFO  org.dromara.cloudeon.processor.ConfigTask - 完成配置文件生成：/Users/ycw/work/ycw/home_lab_shanghai/k8s/couldeon/cloudeon-assembly-v1.0.0-release/work/monitor1/k8s-worker-node1/conf/provisioning/dashboards/grafana/hive.json
2023-06-26 13:38:09.304 [ForkJoinPool.commonPool-worker-9] INFO  org.dromara.cloudeon.processor.ConfigTask - File found: provisioning/dashboards/grafana/node-info.json
2023-06-26 13:38:09.305 [ForkJoinPool.commonPool-worker-9] INFO  org.dromara.cloudeon.processor.ConfigTask - 完成配置文件生成：/Users/ycw/work/ycw/home_lab_shanghai/k8s/couldeon/cloudeon-assembly-v1.0.0-release/work/monitor1/k8s-worker-node1/conf/provisioning/dashboards/grafana/node-info.json
2023-06-26 13:38:09.305 [ForkJoinPool.commonPool-worker-9] INFO  org.dromara.cloudeon.processor.ConfigTask - File found: provisioning/dashboards/grafana/hbase.json
2023-06-26 13:38:09.305 [ForkJoinPool.commonPool-worker-9] INFO  org.dromara.cloudeon.processor.ConfigTask - 完成配置文件生成：/Users/ycw/work/ycw/home_lab_shanghai/k8s/couldeon/cloudeon-assembly-v1.0.0-release/work/monitor1/k8s-worker-node1/conf/provisioning/dashboards/grafana/hbase.json
2023-06-26 13:38:09.306 [ForkJoinPool.commonPool-worker-9] INFO  org.dromara.cloudeon.processor.ConfigTask - File found: provisioning/dashboards/grafana/kafka-metrics.json
2023-06-26 13:38:09.307 [ForkJoinPool.commonPool-worker-9] INFO  org.dromara.cloudeon.processor.ConfigTask - 完成配置文件生成：/Users/ycw/work/ycw/home_lab_shanghai/k8s/couldeon/cloudeon-assembly-v1.0.0-release/work/monitor1/k8s-worker-node1/conf/provisioning/dashboards/grafana/kafka-metrics.json
2023-06-26 13:38:09.307 [ForkJoinPool.commonPool-worker-9] INFO  org.dromara.cloudeon.processor.ConfigTask - File found: provisioning/dashboards/grafana/trion.json
2023-06-26 13:38:09.307 [ForkJoinPool.commonPool-worker-9] INFO  org.dromara.cloudeon.processor.ConfigTask - 完成配置文件生成：/Users/ycw/work/ycw/home_lab_shanghai/k8s/couldeon/cloudeon-assembly-v1.0.0-release/work/monitor1/k8s-worker-node1/conf/provisioning/dashboards/grafana/trion.json
2023-06-26 13:38:09.307 [ForkJoinPool.commonPool-worker-9] INFO  org.dromara.cloudeon.processor.ConfigTask - Scanning directory: /Users/ycw/work/ycw/home_lab_shanghai/k8s/couldeon/cloudeon-assembly-v1.0.0-release/stack/EDP-1.0.0/monitor/render/rule
2023-06-26 13:38:09.308 [ForkJoinPool.commonPool-worker-9] INFO  org.dromara.cloudeon.processor.ConfigTask - File found: rule/rules-internal.yml.ftl
2023-06-26 13:38:09.309 [ForkJoinPool.commonPool-worker-9] INFO  org.dromara.cloudeon.processor.ConfigTask - 完成配置文件生成：/Users/ycw/work/ycw/home_lab_shanghai/k8s/couldeon/cloudeon-assembly-v1.0.0-release/work/monitor1/k8s-worker-node1/conf/rule/rules-internal.yml
2023-06-26 13:38:09.309 [ForkJoinPool.commonPool-worker-9] INFO  org.dromara.cloudeon.processor.ConfigTask - File found: rule/rules-alert.yml
2023-06-26 13:38:09.310 [ForkJoinPool.commonPool-worker-9] INFO  org.dromara.cloudeon.processor.ConfigTask - 完成配置文件生成：/Users/ycw/work/ycw/home_lab_shanghai/k8s/couldeon/cloudeon-assembly-v1.0.0-release/work/monitor1/k8s-worker-node1/conf/rule/rules-alert.yml
2023-06-26 13:38:09.310 [ForkJoinPool.commonPool-worker-9] INFO  org.dromara.cloudeon.processor.ConfigTask - File found: alertmanager.yml.ftl
2023-06-26 13:38:09.311 [ForkJoinPool.commonPool-worker-9] INFO  org.dromara.cloudeon.processor.ConfigTask - 完成配置文件生成：/Users/ycw/work/ycw/home_lab_shanghai/k8s/couldeon/cloudeon-assembly-v1.0.0-release/work/monitor1/k8s-worker-node1/conf/alertmanager.yml
2023-06-26 13:38:09.311 [ForkJoinPool.commonPool-worker-9] INFO  org.dromara.cloudeon.processor.ConfigTask - File found: prometheus-bootstrap.sh.ftl
2023-06-26 13:38:09.312 [ForkJoinPool.commonPool-worker-9] INFO  org.dromara.cloudeon.processor.ConfigTask - 完成配置文件生成：/Users/ycw/work/ycw/home_lab_shanghai/k8s/couldeon/cloudeon-assembly-v1.0.0-release/work/monitor1/k8s-worker-node1/conf/prometheus-bootstrap.sh
2023-06-26 13:38:09.312 [ForkJoinPool.commonPool-worker-9] INFO  org.dromara.cloudeon.processor.ConfigTask - File found: alertmanager-bootstrap.sh.ftl
2023-06-26 13:38:09.313 [ForkJoinPool.commonPool-worker-9] INFO  org.dromara.cloudeon.processor.ConfigTask - 完成配置文件生成：/Users/ycw/work/ycw/home_lab_shanghai/k8s/couldeon/cloudeon-assembly-v1.0.0-release/work/monitor1/k8s-worker-node1/conf/alertmanager-bootstrap.sh
2023-06-26 13:38:09.366 [ForkJoinPool.commonPool-worker-9] INFO  org.dromara.cloudeon.processor.ConfigTask - 拷贝本地配置目录：/Users/ycw/work/ycw/home_lab_shanghai/k8s/couldeon/cloudeon-assembly-v1.0.0-release/work/monitor1/k8s-worker-node1/conf 到节点k8s-worker-node1的：/opt/edp/monitor1/conf/
2023-06-26 13:38:10.574 [ForkJoinPool.commonPool-worker-9] INFO  org.dromara.cloudeon.processor.ConfigTask - 成功拷贝本地配置目录：/Users/ycw/work/ycw/home_lab_shanghai/k8s/couldeon/cloudeon-assembly-v1.0.0-release/work/monitor1/k8s-worker-node1/conf 到节点k8s-worker-node1的：/opt/edp/monitor1/conf/
2023-06-26 13:38:10.576 [ForkJoinPool.commonPool-worker-9] INFO  org.dromara.cloudeon.processor.ConfigTask - 赋予conf目录下sh脚本执行权限：chmod +x /opt/edp/monitor1/conf//*.sh
2023-06-26 13:38:10.630 [ForkJoinPool.commonPool-worker-9] INFO  org.dromara.cloudeon.processor.ConfigTask - command task：12 结束, 记录到数据库
2023-06-26 13:38:10.637 [ForkJoinPool.commonPool-worker-9] INFO  org.dromara.cloudeon.processor.ConfigTask - close sifting Appender of `1-12`
