2023-06-25 22:32:46.986 [ForkJoinPool.commonPool-worker-9] INFO  o.d.cloudeon.processor.StartRoleK8sDeploymentTask - command task：13 开始, 记录到数据库
2023-06-25 22:32:46.992 [ForkJoinPool.commonPool-worker-9] INFO  o.d.cloudeon.processor.StartRoleK8sDeploymentTask - 开始角色k8s资源文件生成：/Users/ycw/work/ycw/home_lab_shanghai/k8s/couldeon/cloudeon-assembly-v1.0.0-release/work/k8s-resource/zookeeper1
2023-06-25 22:32:46.992 [ForkJoinPool.commonPool-worker-9] INFO  o.d.cloudeon.processor.StartRoleK8sDeploymentTask - 目录/Users/ycw/work/ycw/home_lab_shanghai/k8s/couldeon/cloudeon-assembly-v1.0.0-release/work/k8s-resource/zookeeper1不存在，创建目录...
2023-06-25 22:32:46.993 [ForkJoinPool.commonPool-worker-9] INFO  o.d.cloudeon.processor.StartRoleK8sDeploymentTask - 加载服务实例角色k8s资源模板目录：/Users/ycw/work/ycw/home_lab_shanghai/k8s/couldeon/cloudeon-assembly-v1.0.0-release/stack/EDP-1.0.0/zookeeper/k8s
2023-06-25 22:32:46.998 [ForkJoinPool.commonPool-worker-9] INFO  o.d.cloudeon.processor.StartRoleK8sDeploymentTask - 完成角色k8s资源文件生成：/Users/ycw/work/ycw/home_lab_shanghai/k8s/couldeon/cloudeon-assembly-v1.0.0-release/work/k8s-resource/zookeeper1/zookeeper-server.yaml
2023-06-25 22:32:47.290 [ForkJoinPool.commonPool-worker-9] INFO  o.d.cloudeon.processor.StartRoleK8sDeploymentTask - 在k8s上启动deployment: zookeeper-server-zookeeper1 ,使用本地资源文件: /Users/ycw/work/ycw/home_lab_shanghai/k8s/couldeon/cloudeon-assembly-v1.0.0-release/work/k8s-resource/zookeeper1/zookeeper-server.yaml ,持续等待 10 分钟
2023-06-25 22:33:22.773 [ForkJoinPool.commonPool-worker-9] INFO  o.d.cloudeon.processor.StartRoleK8sDeploymentTask - ZooKeeper JMX enabled by default
Using config: /opt/edp/zookeeper1/conf/zoo.cfg
Starting zookeeper ... STARTED
ZooKeeper JMX enabled by default
Using config: /opt/edp/zookeeper1/conf/zoo.cfg
Starting zookeeper ... STARTED
ZooKeeper JMX enabled by default
Using config: /opt/edp/zookeeper1/conf/zoo.cfg
Starting zookeeper ... STARTED

2023-06-25 22:33:22.786 [ForkJoinPool.commonPool-worker-9] INFO  o.d.cloudeon.processor.StartRoleK8sDeploymentTask - command task：13 结束, 记录到数据库
2023-06-25 22:33:22.790 [ForkJoinPool.commonPool-worker-9] INFO  o.d.cloudeon.processor.StartRoleK8sDeploymentTask - close sifting Appender of `1-13`
2023-06-26 13:38:10.646 [ForkJoinPool.commonPool-worker-2] INFO  org.dromara.cloudeon.processor.ImportAlertRuleTask - command task：13 开始, 记录到数据库
2023-06-26 13:38:10.652 [ForkJoinPool.commonPool-worker-2] INFO  org.dromara.cloudeon.processor.ImportAlertRuleTask - 开始集群告警规则资源文件生成：/Users/ycw/work/ycw/home_lab_shanghai/k8s/couldeon/cloudeon-assembly-v1.0.0-release/work/alert-rule/1
2023-06-26 13:38:10.670 [ForkJoinPool.commonPool-worker-2] INFO  org.dromara.cloudeon.processor.ImportAlertRuleTask - 完成服务告警规则资源文件生成：/Users/ycw/work/ycw/home_lab_shanghai/k8s/couldeon/cloudeon-assembly-v1.0.0-release/work/alert-rule/1/HIVE.yml
2023-06-26 13:38:10.671 [ForkJoinPool.commonPool-worker-2] INFO  org.dromara.cloudeon.processor.ImportAlertRuleTask - 完成服务告警规则资源文件生成：/Users/ycw/work/ycw/home_lab_shanghai/k8s/couldeon/cloudeon-assembly-v1.0.0-release/work/alert-rule/1/DORIS.yml
2023-06-26 13:38:10.673 [ForkJoinPool.commonPool-worker-2] INFO  org.dromara.cloudeon.processor.ImportAlertRuleTask - 完成服务告警规则资源文件生成：/Users/ycw/work/ycw/home_lab_shanghai/k8s/couldeon/cloudeon-assembly-v1.0.0-release/work/alert-rule/1/MONITOR.yml
2023-06-26 13:38:10.675 [ForkJoinPool.commonPool-worker-2] INFO  org.dromara.cloudeon.processor.ImportAlertRuleTask - 完成服务告警规则资源文件生成：/Users/ycw/work/ycw/home_lab_shanghai/k8s/couldeon/cloudeon-assembly-v1.0.0-release/work/alert-rule/1/HDFS.yml
2023-06-26 13:38:10.676 [ForkJoinPool.commonPool-worker-2] INFO  org.dromara.cloudeon.processor.ImportAlertRuleTask - 完成服务告警规则资源文件生成：/Users/ycw/work/ycw/home_lab_shanghai/k8s/couldeon/cloudeon-assembly-v1.0.0-release/work/alert-rule/1/KAFKA.yml
2023-06-26 13:38:10.676 [ForkJoinPool.commonPool-worker-2] INFO  org.dromara.cloudeon.processor.ImportAlertRuleTask - 完成服务告警规则资源文件生成：/Users/ycw/work/ycw/home_lab_shanghai/k8s/couldeon/cloudeon-assembly-v1.0.0-release/work/alert-rule/1/SPARK.yml
2023-06-26 13:38:10.677 [ForkJoinPool.commonPool-worker-2] INFO  org.dromara.cloudeon.processor.ImportAlertRuleTask - 完成服务告警规则资源文件生成：/Users/ycw/work/ycw/home_lab_shanghai/k8s/couldeon/cloudeon-assembly-v1.0.0-release/work/alert-rule/1/HBASE.yml
2023-06-26 13:38:10.678 [ForkJoinPool.commonPool-worker-2] INFO  org.dromara.cloudeon.processor.ImportAlertRuleTask - 完成服务告警规则资源文件生成：/Users/ycw/work/ycw/home_lab_shanghai/k8s/couldeon/cloudeon-assembly-v1.0.0-release/work/alert-rule/1/ZOOKEEPER.yml
2023-06-26 13:38:10.679 [ForkJoinPool.commonPool-worker-2] INFO  org.dromara.cloudeon.processor.ImportAlertRuleTask - 完成服务告警规则资源文件生成：/Users/ycw/work/ycw/home_lab_shanghai/k8s/couldeon/cloudeon-assembly-v1.0.0-release/work/alert-rule/1/DOLPHINSCHEDULER.yml
2023-06-26 13:38:10.680 [ForkJoinPool.commonPool-worker-2] INFO  org.dromara.cloudeon.processor.ImportAlertRuleTask - 完成服务告警规则资源文件生成：/Users/ycw/work/ycw/home_lab_shanghai/k8s/couldeon/cloudeon-assembly-v1.0.0-release/work/alert-rule/1/YARN.yml
2023-06-26 13:38:10.681 [ForkJoinPool.commonPool-worker-2] INFO  org.dromara.cloudeon.processor.ImportAlertRuleTask - 完成服务告警规则资源文件生成：/Users/ycw/work/ycw/home_lab_shanghai/k8s/couldeon/cloudeon-assembly-v1.0.0-release/work/alert-rule/1/FLINK.yml
2023-06-26 13:38:10.686 [ForkJoinPool.commonPool-worker-2] INFO  org.dromara.cloudeon.processor.ImportAlertRuleTask - 拷贝本地配置目录：/Users/ycw/work/ycw/home_lab_shanghai/k8s/couldeon/cloudeon-assembly-v1.0.0-release/work/alert-rule/1 到节点192.168.100.52的：/opt/edp/monitor1/conf/rule/
2023-06-26 13:38:10.963 [ForkJoinPool.commonPool-worker-2] INFO  org.dromara.cloudeon.processor.ImportAlertRuleTask - command task：13 结束, 记录到数据库
2023-06-26 13:38:10.967 [ForkJoinPool.commonPool-worker-2] INFO  org.dromara.cloudeon.processor.ImportAlertRuleTask - close sifting Appender of `1-13`
