2023-06-25 22:32:45.549 [ForkJoinPool.commonPool-worker-9] INFO  org.dromara.cloudeon.processor.InstallTask - command task：5 开始, 记录到数据库
2023-06-25 22:32:45.554 [ForkJoinPool.commonPool-worker-9] INFO  org.dromara.cloudeon.processor.InstallTask - 节点：k8s-worker-node2 上创建目录：/opt/edp/zookeeper1/conf
2023-06-25 22:32:45.615 [ForkJoinPool.commonPool-worker-9] INFO  org.dromara.cloudeon.processor.InstallTask - 执行远程命令：chmod 777 -R /opt/edp/zookeeper1/conf
2023-06-25 22:32:45.649 [ForkJoinPool.commonPool-worker-9] INFO  org.dromara.cloudeon.processor.InstallTask - 成功在节点：k8s-worker-node2 上创建目录：/opt/edp/zookeeper1/conf
2023-06-25 22:32:45.649 [ForkJoinPool.commonPool-worker-9] INFO  org.dromara.cloudeon.processor.InstallTask - 节点：k8s-worker-node2 上创建目录：/opt/edp/zookeeper1/log
2023-06-25 22:32:45.655 [ForkJoinPool.commonPool-worker-9] INFO  org.dromara.cloudeon.processor.InstallTask - 执行远程命令：chmod 777 -R /opt/edp/zookeeper1/log
2023-06-25 22:32:45.737 [ForkJoinPool.commonPool-worker-9] INFO  org.dromara.cloudeon.processor.InstallTask - 成功在节点：k8s-worker-node2 上创建目录：/opt/edp/zookeeper1/log
2023-06-25 22:32:45.737 [ForkJoinPool.commonPool-worker-9] INFO  org.dromara.cloudeon.processor.InstallTask - 节点：k8s-worker-node2 上创建目录：/opt/edp/zookeeper1/data
2023-06-25 22:32:45.745 [ForkJoinPool.commonPool-worker-9] INFO  org.dromara.cloudeon.processor.InstallTask - 执行远程命令：chmod 777 -R /opt/edp/zookeeper1/data
2023-06-25 22:32:45.778 [ForkJoinPool.commonPool-worker-9] INFO  org.dromara.cloudeon.processor.InstallTask - 成功在节点：k8s-worker-node2 上创建目录：/opt/edp/zookeeper1/data
2023-06-25 22:32:45.778 [ForkJoinPool.commonPool-worker-9] INFO  org.dromara.cloudeon.processor.InstallTask - command task：5 结束, 记录到数据库
2023-06-25 22:32:45.781 [ForkJoinPool.commonPool-worker-9] INFO  org.dromara.cloudeon.processor.InstallTask - close sifting Appender of `1-5`
2023-06-26 13:38:01.335 [ForkJoinPool.commonPool-worker-9] INFO  org.dromara.cloudeon.processor.InstallTask - command task：5 开始, 记录到数据库
2023-06-26 13:38:01.342 [ForkJoinPool.commonPool-worker-9] INFO  org.dromara.cloudeon.processor.InstallTask - 节点：k8s-worker-node1 上创建目录：/opt/edp/monitor1/conf
2023-06-26 13:38:01.403 [ForkJoinPool.commonPool-worker-9] INFO  org.dromara.cloudeon.processor.InstallTask - 执行远程命令：chmod 777 -R /opt/edp/monitor1/conf
2023-06-26 13:38:01.459 [ForkJoinPool.commonPool-worker-9] INFO  org.dromara.cloudeon.processor.InstallTask - 成功在节点：k8s-worker-node1 上创建目录：/opt/edp/monitor1/conf
2023-06-26 13:38:01.459 [ForkJoinPool.commonPool-worker-9] INFO  org.dromara.cloudeon.processor.InstallTask - 节点：k8s-worker-node1 上创建目录：/opt/edp/monitor1/conf/rule
2023-06-26 13:38:01.470 [ForkJoinPool.commonPool-worker-9] INFO  org.dromara.cloudeon.processor.InstallTask - 执行远程命令：chmod 777 -R /opt/edp/monitor1/conf/rule
2023-06-26 13:38:01.553 [ForkJoinPool.commonPool-worker-9] INFO  org.dromara.cloudeon.processor.InstallTask - 成功在节点：k8s-worker-node1 上创建目录：/opt/edp/monitor1/conf/rule
2023-06-26 13:38:01.554 [ForkJoinPool.commonPool-worker-9] INFO  org.dromara.cloudeon.processor.InstallTask - 节点：k8s-worker-node1 上创建目录：/opt/edp/monitor1/conf/discovery_configs
2023-06-26 13:38:01.562 [ForkJoinPool.commonPool-worker-9] INFO  org.dromara.cloudeon.processor.InstallTask - 执行远程命令：chmod 777 -R /opt/edp/monitor1/conf/discovery_configs
2023-06-26 13:38:01.643 [ForkJoinPool.commonPool-worker-9] INFO  org.dromara.cloudeon.processor.InstallTask - 成功在节点：k8s-worker-node1 上创建目录：/opt/edp/monitor1/conf/discovery_configs
2023-06-26 13:38:01.643 [ForkJoinPool.commonPool-worker-9] INFO  org.dromara.cloudeon.processor.InstallTask - 节点：k8s-worker-node1 上创建目录：/opt/edp/monitor1/log
2023-06-26 13:38:01.651 [ForkJoinPool.commonPool-worker-9] INFO  org.dromara.cloudeon.processor.InstallTask - 执行远程命令：chmod 777 -R /opt/edp/monitor1/log
2023-06-26 13:38:01.732 [ForkJoinPool.commonPool-worker-9] INFO  org.dromara.cloudeon.processor.InstallTask - 成功在节点：k8s-worker-node1 上创建目录：/opt/edp/monitor1/log
2023-06-26 13:38:01.732 [ForkJoinPool.commonPool-worker-9] INFO  org.dromara.cloudeon.processor.InstallTask - 节点：k8s-worker-node1 上创建目录：/opt/edp/monitor1/data
2023-06-26 13:38:01.742 [ForkJoinPool.commonPool-worker-9] INFO  org.dromara.cloudeon.processor.InstallTask - 执行远程命令：chmod 777 -R /opt/edp/monitor1/data
2023-06-26 13:38:01.827 [ForkJoinPool.commonPool-worker-9] INFO  org.dromara.cloudeon.processor.InstallTask - 成功在节点：k8s-worker-node1 上创建目录：/opt/edp/monitor1/data
2023-06-26 13:38:01.827 [ForkJoinPool.commonPool-worker-9] INFO  org.dromara.cloudeon.processor.InstallTask - 节点：k8s-worker-node1 上创建目录：/opt/edp/monitor1/data/grafana
2023-06-26 13:38:01.837 [ForkJoinPool.commonPool-worker-9] INFO  org.dromara.cloudeon.processor.InstallTask - 执行远程命令：chmod 777 -R /opt/edp/monitor1/data/grafana
2023-06-26 13:38:01.915 [ForkJoinPool.commonPool-worker-9] INFO  org.dromara.cloudeon.processor.InstallTask - 成功在节点：k8s-worker-node1 上创建目录：/opt/edp/monitor1/data/grafana
2023-06-26 13:38:01.915 [ForkJoinPool.commonPool-worker-9] INFO  org.dromara.cloudeon.processor.InstallTask - 节点：k8s-worker-node1 上创建目录：/opt/edp/monitor1/data/prometheus
2023-06-26 13:38:01.924 [ForkJoinPool.commonPool-worker-9] INFO  org.dromara.cloudeon.processor.InstallTask - 执行远程命令：chmod 777 -R /opt/edp/monitor1/data/prometheus
2023-06-26 13:38:02.006 [ForkJoinPool.commonPool-worker-9] INFO  org.dromara.cloudeon.processor.InstallTask - 成功在节点：k8s-worker-node1 上创建目录：/opt/edp/monitor1/data/prometheus
2023-06-26 13:38:02.006 [ForkJoinPool.commonPool-worker-9] INFO  org.dromara.cloudeon.processor.InstallTask - 节点：k8s-worker-node1 上创建目录：/opt/edp/monitor1/data/alertmanager
2023-06-26 13:38:02.014 [ForkJoinPool.commonPool-worker-9] INFO  org.dromara.cloudeon.processor.InstallTask - 执行远程命令：chmod 777 -R /opt/edp/monitor1/data/alertmanager
2023-06-26 13:38:02.098 [ForkJoinPool.commonPool-worker-9] INFO  org.dromara.cloudeon.processor.InstallTask - 成功在节点：k8s-worker-node1 上创建目录：/opt/edp/monitor1/data/alertmanager
2023-06-26 13:38:02.098 [ForkJoinPool.commonPool-worker-9] INFO  org.dromara.cloudeon.processor.InstallTask - 节点：k8s-worker-node1 上创建目录：/opt/edp/monitor1/data/nodeexporter
2023-06-26 13:38:02.106 [ForkJoinPool.commonPool-worker-9] INFO  org.dromara.cloudeon.processor.InstallTask - 执行远程命令：chmod 777 -R /opt/edp/monitor1/data/nodeexporter
2023-06-26 13:38:02.187 [ForkJoinPool.commonPool-worker-9] INFO  org.dromara.cloudeon.processor.InstallTask - 成功在节点：k8s-worker-node1 上创建目录：/opt/edp/monitor1/data/nodeexporter
2023-06-26 13:38:02.187 [ForkJoinPool.commonPool-worker-9] INFO  org.dromara.cloudeon.processor.InstallTask - command task：5 结束, 记录到数据库
2023-06-26 13:38:02.191 [ForkJoinPool.commonPool-worker-9] INFO  org.dromara.cloudeon.processor.InstallTask - close sifting Appender of `1-5`
