2023-06-25 22:32:46.464 [ForkJoinPool.commonPool-worker-9] INFO  org.dromara.cloudeon.processor.ConfigTask - command task：9 开始, 记录到数据库
2023-06-25 22:32:46.470 [ForkJoinPool.commonPool-worker-9] INFO  org.dromara.cloudeon.processor.ConfigTask - 加载配置文件模板目录：/Users/ycw/work/ycw/home_lab_shanghai/k8s/couldeon/cloudeon-assembly-v1.0.0-release/stack/EDP-1.0.0/zookeeper/render
2023-06-25 22:32:46.474 [ForkJoinPool.commonPool-worker-9] INFO  org.dromara.cloudeon.processor.ConfigTask - Scanning directory: /Users/ycw/work/ycw/home_lab_shanghai/k8s/couldeon/cloudeon-assembly-v1.0.0-release/stack/EDP-1.0.0/zookeeper/render
2023-06-25 22:32:46.475 [ForkJoinPool.commonPool-worker-9] INFO  org.dromara.cloudeon.processor.ConfigTask - File found: zoo.cfg.ftl
2023-06-25 22:32:46.478 [ForkJoinPool.commonPool-worker-9] INFO  org.dromara.cloudeon.processor.ConfigTask - 完成配置文件生成：/Users/ycw/work/ycw/home_lab_shanghai/k8s/couldeon/cloudeon-assembly-v1.0.0-release/work/zookeeper1/k8s-worker-node3/conf/zoo.cfg
2023-06-25 22:32:46.478 [ForkJoinPool.commonPool-worker-9] INFO  org.dromara.cloudeon.processor.ConfigTask - File found: jmx_zookeeper.yaml
2023-06-25 22:32:46.478 [ForkJoinPool.commonPool-worker-9] INFO  org.dromara.cloudeon.processor.ConfigTask - 完成配置文件生成：/Users/ycw/work/ycw/home_lab_shanghai/k8s/couldeon/cloudeon-assembly-v1.0.0-release/work/zookeeper1/k8s-worker-node3/conf/jmx_zookeeper.yaml
2023-06-25 22:32:46.479 [ForkJoinPool.commonPool-worker-9] INFO  org.dromara.cloudeon.processor.ConfigTask - File found: myid.ftl
2023-06-25 22:32:46.480 [ForkJoinPool.commonPool-worker-9] INFO  org.dromara.cloudeon.processor.ConfigTask - 完成配置文件生成：/Users/ycw/work/ycw/home_lab_shanghai/k8s/couldeon/cloudeon-assembly-v1.0.0-release/work/zookeeper1/k8s-worker-node3/conf/myid
2023-06-25 22:32:46.481 [ForkJoinPool.commonPool-worker-9] INFO  org.dromara.cloudeon.processor.ConfigTask - File found: zookeeper-env.sh.ftl
2023-06-25 22:32:46.482 [ForkJoinPool.commonPool-worker-9] INFO  org.dromara.cloudeon.processor.ConfigTask - 完成配置文件生成：/Users/ycw/work/ycw/home_lab_shanghai/k8s/couldeon/cloudeon-assembly-v1.0.0-release/work/zookeeper1/k8s-worker-node3/conf/zookeeper-env.sh
2023-06-25 22:32:46.482 [ForkJoinPool.commonPool-worker-9] INFO  org.dromara.cloudeon.processor.ConfigTask - File found: log4j.properties
2023-06-25 22:32:46.483 [ForkJoinPool.commonPool-worker-9] INFO  org.dromara.cloudeon.processor.ConfigTask - 完成配置文件生成：/Users/ycw/work/ycw/home_lab_shanghai/k8s/couldeon/cloudeon-assembly-v1.0.0-release/work/zookeeper1/k8s-worker-node3/conf/log4j.properties
2023-06-25 22:32:46.486 [ForkJoinPool.commonPool-worker-9] INFO  org.dromara.cloudeon.processor.ConfigTask - 拷贝本地配置目录：/Users/ycw/work/ycw/home_lab_shanghai/k8s/couldeon/cloudeon-assembly-v1.0.0-release/work/zookeeper1/k8s-worker-node3/conf 到节点k8s-worker-node3的：/opt/edp/zookeeper1/conf/
2023-06-25 22:32:46.541 [ForkJoinPool.commonPool-worker-9] INFO  org.dromara.cloudeon.processor.ConfigTask - 成功拷贝本地配置目录：/Users/ycw/work/ycw/home_lab_shanghai/k8s/couldeon/cloudeon-assembly-v1.0.0-release/work/zookeeper1/k8s-worker-node3/conf 到节点k8s-worker-node3的：/opt/edp/zookeeper1/conf/
2023-06-25 22:32:46.541 [ForkJoinPool.commonPool-worker-9] INFO  org.dromara.cloudeon.processor.ConfigTask - 赋予conf目录下sh脚本执行权限：chmod +x /opt/edp/zookeeper1/conf//*.sh
2023-06-25 22:32:46.564 [ForkJoinPool.commonPool-worker-9] INFO  org.dromara.cloudeon.processor.ConfigTask - 移动myid文件到data目录 /opt/edp/zookeeper1/data
2023-06-25 22:32:46.564 [ForkJoinPool.commonPool-worker-9] INFO  org.dromara.cloudeon.processor.ConfigTask - ssh执行命令： mv /opt/edp/zookeeper1/conf//myid /opt/edp/zookeeper1/data
2023-06-25 22:32:46.631 [ForkJoinPool.commonPool-worker-9] INFO  org.dromara.cloudeon.processor.ConfigTask - command task：9 结束, 记录到数据库
2023-06-25 22:32:46.636 [ForkJoinPool.commonPool-worker-9] INFO  org.dromara.cloudeon.processor.ConfigTask - close sifting Appender of `1-9`
2023-06-26 13:38:04.719 [ForkJoinPool.commonPool-worker-9] INFO  org.dromara.cloudeon.processor.ConfigTask - command task：9 开始, 记录到数据库
2023-06-26 13:38:04.741 [ForkJoinPool.commonPool-worker-9] INFO  org.dromara.cloudeon.processor.ConfigTask - 加载配置文件模板目录：/Users/ycw/work/ycw/home_lab_shanghai/k8s/couldeon/cloudeon-assembly-v1.0.0-release/stack/EDP-1.0.0/monitor/render
2023-06-26 13:38:04.760 [ForkJoinPool.commonPool-worker-9] INFO  org.dromara.cloudeon.processor.ConfigTask - Scanning directory: /Users/ycw/work/ycw/home_lab_shanghai/k8s/couldeon/cloudeon-assembly-v1.0.0-release/stack/EDP-1.0.0/monitor/render
2023-06-26 13:38:04.761 [ForkJoinPool.commonPool-worker-9] INFO  org.dromara.cloudeon.processor.ConfigTask - File found: prometheus.yml.ftl
2023-06-26 13:38:04.845 [ForkJoinPool.commonPool-worker-9] INFO  org.dromara.cloudeon.processor.ConfigTask - 完成配置文件生成：/Users/ycw/work/ycw/home_lab_shanghai/k8s/couldeon/cloudeon-assembly-v1.0.0-release/work/monitor1/k8s-worker-node1/conf/prometheus.yml
2023-06-26 13:38:04.846 [ForkJoinPool.commonPool-worker-9] INFO  org.dromara.cloudeon.processor.ConfigTask - File found: grafana-bootstrap.sh.ftl
2023-06-26 13:38:04.847 [ForkJoinPool.commonPool-worker-9] INFO  org.dromara.cloudeon.processor.ConfigTask - 完成配置文件生成：/Users/ycw/work/ycw/home_lab_shanghai/k8s/couldeon/cloudeon-assembly-v1.0.0-release/work/monitor1/k8s-worker-node1/conf/grafana-bootstrap.sh
2023-06-26 13:38:04.848 [ForkJoinPool.commonPool-worker-9] INFO  org.dromara.cloudeon.processor.ConfigTask - File found: nodeexporter-bootstrap.sh.ftl
2023-06-26 13:38:04.850 [ForkJoinPool.commonPool-worker-9] INFO  org.dromara.cloudeon.processor.ConfigTask - 完成配置文件生成：/Users/ycw/work/ycw/home_lab_shanghai/k8s/couldeon/cloudeon-assembly-v1.0.0-release/work/monitor1/k8s-worker-node1/conf/nodeexporter-bootstrap.sh
2023-06-26 13:38:04.851 [ForkJoinPool.commonPool-worker-9] INFO  org.dromara.cloudeon.processor.ConfigTask - File found: grafana.ini.ftl
2023-06-26 13:38:04.873 [ForkJoinPool.commonPool-worker-9] INFO  org.dromara.cloudeon.processor.ConfigTask - 完成配置文件生成：/Users/ycw/work/ycw/home_lab_shanghai/k8s/couldeon/cloudeon-assembly-v1.0.0-release/work/monitor1/k8s-worker-node1/conf/grafana.ini
2023-06-26 13:38:04.873 [ForkJoinPool.commonPool-worker-9] INFO  org.dromara.cloudeon.processor.ConfigTask - Scanning directory: /Users/ycw/work/ycw/home_lab_shanghai/k8s/couldeon/cloudeon-assembly-v1.0.0-release/stack/EDP-1.0.0/monitor/render/provisioning
2023-06-26 13:38:04.873 [ForkJoinPool.commonPool-worker-9] INFO  org.dromara.cloudeon.processor.ConfigTask - Scanning directory: /Users/ycw/work/ycw/home_lab_shanghai/k8s/couldeon/cloudeon-assembly-v1.0.0-release/stack/EDP-1.0.0/monitor/render/provisioning/datasources
2023-06-26 13:38:04.874 [ForkJoinPool.commonPool-worker-9] INFO  org.dromara.cloudeon.processor.ConfigTask - File found: provisioning/datasources/prometheus-ds.yaml.ftl
2023-06-26 13:38:04.876 [ForkJoinPool.commonPool-worker-9] INFO  org.dromara.cloudeon.processor.ConfigTask - 完成配置文件生成：/Users/ycw/work/ycw/home_lab_shanghai/k8s/couldeon/cloudeon-assembly-v1.0.0-release/work/monitor1/k8s-worker-node1/conf/provisioning/datasources/prometheus-ds.yaml
2023-06-26 13:38:04.877 [ForkJoinPool.commonPool-worker-9] INFO  org.dromara.cloudeon.processor.ConfigTask - Scanning directory: /Users/ycw/work/ycw/home_lab_shanghai/k8s/couldeon/cloudeon-assembly-v1.0.0-release/stack/EDP-1.0.0/monitor/render/provisioning/dashboards
2023-06-26 13:38:04.877 [ForkJoinPool.commonPool-worker-9] INFO  org.dromara.cloudeon.processor.ConfigTask - File found: provisioning/dashboards/grafana.yaml.ftl
2023-06-26 13:38:04.879 [ForkJoinPool.commonPool-worker-9] INFO  org.dromara.cloudeon.processor.ConfigTask - 完成配置文件生成：/Users/ycw/work/ycw/home_lab_shanghai/k8s/couldeon/cloudeon-assembly-v1.0.0-release/work/monitor1/k8s-worker-node1/conf/provisioning/dashboards/grafana.yaml
2023-06-26 13:38:04.879 [ForkJoinPool.commonPool-worker-9] INFO  org.dromara.cloudeon.processor.ConfigTask - Scanning directory: /Users/ycw/work/ycw/home_lab_shanghai/k8s/couldeon/cloudeon-assembly-v1.0.0-release/stack/EDP-1.0.0/monitor/render/provisioning/dashboards/grafana
2023-06-26 13:38:04.880 [ForkJoinPool.commonPool-worker-9] INFO  org.dromara.cloudeon.processor.ConfigTask - File found: provisioning/dashboards/grafana/zookeeper.json
2023-06-26 13:38:04.890 [ForkJoinPool.commonPool-worker-9] INFO  org.dromara.cloudeon.processor.ConfigTask - 完成配置文件生成：/Users/ycw/work/ycw/home_lab_shanghai/k8s/couldeon/cloudeon-assembly-v1.0.0-release/work/monitor1/k8s-worker-node1/conf/provisioning/dashboards/grafana/zookeeper.json
2023-06-26 13:38:04.891 [ForkJoinPool.commonPool-worker-9] INFO  org.dromara.cloudeon.processor.ConfigTask - File found: provisioning/dashboards/grafana/dolphinscheduler.json
2023-06-26 13:38:04.892 [ForkJoinPool.commonPool-worker-9] INFO  org.dromara.cloudeon.processor.ConfigTask - 完成配置文件生成：/Users/ycw/work/ycw/home_lab_shanghai/k8s/couldeon/cloudeon-assembly-v1.0.0-release/work/monitor1/k8s-worker-node1/conf/provisioning/dashboards/grafana/dolphinscheduler.json
2023-06-26 13:38:04.893 [ForkJoinPool.commonPool-worker-9] INFO  org.dromara.cloudeon.processor.ConfigTask - File found: provisioning/dashboards/grafana/spark.json
2023-06-26 13:38:04.895 [ForkJoinPool.commonPool-worker-9] INFO  org.dromara.cloudeon.processor.ConfigTask - 完成配置文件生成：/Users/ycw/work/ycw/home_lab_shanghai/k8s/couldeon/cloudeon-assembly-v1.0.0-release/work/monitor1/k8s-worker-node1/conf/provisioning/dashboards/grafana/spark.json
2023-06-26 13:38:04.896 [ForkJoinPool.commonPool-worker-9] INFO  org.dromara.cloudeon.processor.ConfigTask - File found: provisioning/dashboards/grafana/kafka.json
2023-06-26 13:38:04.897 [ForkJoinPool.commonPool-worker-9] INFO  org.dromara.cloudeon.processor.ConfigTask - 完成配置文件生成：/Users/ycw/work/ycw/home_lab_shanghai/k8s/couldeon/cloudeon-assembly-v1.0.0-release/work/monitor1/k8s-worker-node1/conf/provisioning/dashboards/grafana/kafka.json
2023-06-26 13:38:04.898 [ForkJoinPool.commonPool-worker-9] INFO  org.dromara.cloudeon.processor.ConfigTask - File found: provisioning/dashboards/grafana/doris.json
2023-06-26 13:38:04.900 [ForkJoinPool.commonPool-worker-9] INFO  org.dromara.cloudeon.processor.ConfigTask - 完成配置文件生成：/Users/ycw/work/ycw/home_lab_shanghai/k8s/couldeon/cloudeon-assembly-v1.0.0-release/work/monitor1/k8s-worker-node1/conf/provisioning/dashboards/grafana/doris.json
2023-06-26 13:38:04.901 [ForkJoinPool.commonPool-worker-9] INFO  org.dromara.cloudeon.processor.ConfigTask - File found: provisioning/dashboards/grafana/flink.json
2023-06-26 13:38:04.904 [ForkJoinPool.commonPool-worker-9] INFO  org.dromara.cloudeon.processor.ConfigTask - 完成配置文件生成：/Users/ycw/work/ycw/home_lab_shanghai/k8s/couldeon/cloudeon-assembly-v1.0.0-release/work/monitor1/k8s-worker-node1/conf/provisioning/dashboards/grafana/flink.json
2023-06-26 13:38:04.904 [ForkJoinPool.commonPool-worker-9] INFO  org.dromara.cloudeon.processor.ConfigTask - File found: provisioning/dashboards/grafana/alertmanager.json
2023-06-26 13:38:04.906 [ForkJoinPool.commonPool-worker-9] INFO  org.dromara.cloudeon.processor.ConfigTask - 完成配置文件生成：/Users/ycw/work/ycw/home_lab_shanghai/k8s/couldeon/cloudeon-assembly-v1.0.0-release/work/monitor1/k8s-worker-node1/conf/provisioning/dashboards/grafana/alertmanager.json
2023-06-26 13:38:04.907 [ForkJoinPool.commonPool-worker-9] INFO  org.dromara.cloudeon.processor.ConfigTask - File found: provisioning/dashboards/grafana/hbase-new.json
2023-06-26 13:38:04.909 [ForkJoinPool.commonPool-worker-9] INFO  org.dromara.cloudeon.processor.ConfigTask - 完成配置文件生成：/Users/ycw/work/ycw/home_lab_shanghai/k8s/couldeon/cloudeon-assembly-v1.0.0-release/work/monitor1/k8s-worker-node1/conf/provisioning/dashboards/grafana/hbase-new.json
2023-06-26 13:38:04.910 [ForkJoinPool.commonPool-worker-9] INFO  org.dromara.cloudeon.processor.ConfigTask - File found: provisioning/dashboards/grafana/ranger.json
2023-06-26 13:38:04.911 [ForkJoinPool.commonPool-worker-9] INFO  org.dromara.cloudeon.processor.ConfigTask - 完成配置文件生成：/Users/ycw/work/ycw/home_lab_shanghai/k8s/couldeon/cloudeon-assembly-v1.0.0-release/work/monitor1/k8s-worker-node1/conf/provisioning/dashboards/grafana/ranger.json
2023-06-26 13:38:04.912 [ForkJoinPool.commonPool-worker-9] INFO  org.dromara.cloudeon.processor.ConfigTask - File found: provisioning/dashboards/grafana/jvm.json
2023-06-26 13:38:04.913 [ForkJoinPool.commonPool-worker-9] INFO  org.dromara.cloudeon.processor.ConfigTask - 完成配置文件生成：/Users/ycw/work/ycw/home_lab_shanghai/k8s/couldeon/cloudeon-assembly-v1.0.0-release/work/monitor1/k8s-worker-node1/conf/provisioning/dashboards/grafana/jvm.json
2023-06-26 13:38:04.914 [ForkJoinPool.commonPool-worker-9] INFO  org.dromara.cloudeon.processor.ConfigTask - File found: provisioning/dashboards/grafana/grafana.json
2023-06-26 13:38:04.915 [ForkJoinPool.commonPool-worker-9] INFO  org.dromara.cloudeon.processor.ConfigTask - 完成配置文件生成：/Users/ycw/work/ycw/home_lab_shanghai/k8s/couldeon/cloudeon-assembly-v1.0.0-release/work/monitor1/k8s-worker-node1/conf/provisioning/dashboards/grafana/grafana.json
2023-06-26 13:38:04.915 [ForkJoinPool.commonPool-worker-9] INFO  org.dromara.cloudeon.processor.ConfigTask - File found: provisioning/dashboards/grafana/yarn.json
2023-06-26 13:38:04.917 [ForkJoinPool.commonPool-worker-9] INFO  org.dromara.cloudeon.processor.ConfigTask - 完成配置文件生成：/Users/ycw/work/ycw/home_lab_shanghai/k8s/couldeon/cloudeon-assembly-v1.0.0-release/work/monitor1/k8s-worker-node1/conf/provisioning/dashboards/grafana/yarn.json
2023-06-26 13:38:04.918 [ForkJoinPool.commonPool-worker-9] INFO  org.dromara.cloudeon.processor.ConfigTask - File found: provisioning/dashboards/grafana/hdfs.json
2023-06-26 13:38:04.919 [ForkJoinPool.commonPool-worker-9] INFO  org.dromara.cloudeon.processor.ConfigTask - 完成配置文件生成：/Users/ycw/work/ycw/home_lab_shanghai/k8s/couldeon/cloudeon-assembly-v1.0.0-release/work/monitor1/k8s-worker-node1/conf/provisioning/dashboards/grafana/hdfs.json
2023-06-26 13:38:04.920 [ForkJoinPool.commonPool-worker-9] INFO  org.dromara.cloudeon.processor.ConfigTask - File found: provisioning/dashboards/grafana/zonglan.json
2023-06-26 13:38:04.922 [ForkJoinPool.commonPool-worker-9] INFO  org.dromara.cloudeon.processor.ConfigTask - 完成配置文件生成：/Users/ycw/work/ycw/home_lab_shanghai/k8s/couldeon/cloudeon-assembly-v1.0.0-release/work/monitor1/k8s-worker-node1/conf/provisioning/dashboards/grafana/zonglan.json
2023-06-26 13:38:04.923 [ForkJoinPool.commonPool-worker-9] INFO  org.dromara.cloudeon.processor.ConfigTask - File found: provisioning/dashboards/grafana/prometheus.json
2023-06-26 13:38:04.924 [ForkJoinPool.commonPool-worker-9] INFO  org.dromara.cloudeon.processor.ConfigTask - 完成配置文件生成：/Users/ycw/work/ycw/home_lab_shanghai/k8s/couldeon/cloudeon-assembly-v1.0.0-release/work/monitor1/k8s-worker-node1/conf/provisioning/dashboards/grafana/prometheus.json
2023-06-26 13:38:04.925 [ForkJoinPool.commonPool-worker-9] INFO  org.dromara.cloudeon.processor.ConfigTask - File found: provisioning/dashboards/grafana/one-node-detail.json
2023-06-26 13:38:04.926 [ForkJoinPool.commonPool-worker-9] INFO  org.dromara.cloudeon.processor.ConfigTask - 完成配置文件生成：/Users/ycw/work/ycw/home_lab_shanghai/k8s/couldeon/cloudeon-assembly-v1.0.0-release/work/monitor1/k8s-worker-node1/conf/provisioning/dashboards/grafana/one-node-detail.json
2023-06-26 13:38:04.927 [ForkJoinPool.commonPool-worker-9] INFO  org.dromara.cloudeon.processor.ConfigTask - File found: provisioning/dashboards/grafana/hive.json
2023-06-26 13:38:04.928 [ForkJoinPool.commonPool-worker-9] INFO  org.dromara.cloudeon.processor.ConfigTask - 完成配置文件生成：/Users/ycw/work/ycw/home_lab_shanghai/k8s/couldeon/cloudeon-assembly-v1.0.0-release/work/monitor1/k8s-worker-node1/conf/provisioning/dashboards/grafana/hive.json
2023-06-26 13:38:04.929 [ForkJoinPool.commonPool-worker-9] INFO  org.dromara.cloudeon.processor.ConfigTask - File found: provisioning/dashboards/grafana/node-info.json
2023-06-26 13:38:04.931 [ForkJoinPool.commonPool-worker-9] INFO  org.dromara.cloudeon.processor.ConfigTask - 完成配置文件生成：/Users/ycw/work/ycw/home_lab_shanghai/k8s/couldeon/cloudeon-assembly-v1.0.0-release/work/monitor1/k8s-worker-node1/conf/provisioning/dashboards/grafana/node-info.json
2023-06-26 13:38:04.931 [ForkJoinPool.commonPool-worker-9] INFO  org.dromara.cloudeon.processor.ConfigTask - File found: provisioning/dashboards/grafana/hbase.json
2023-06-26 13:38:04.932 [ForkJoinPool.commonPool-worker-9] INFO  org.dromara.cloudeon.processor.ConfigTask - 完成配置文件生成：/Users/ycw/work/ycw/home_lab_shanghai/k8s/couldeon/cloudeon-assembly-v1.0.0-release/work/monitor1/k8s-worker-node1/conf/provisioning/dashboards/grafana/hbase.json
2023-06-26 13:38:04.933 [ForkJoinPool.commonPool-worker-9] INFO  org.dromara.cloudeon.processor.ConfigTask - File found: provisioning/dashboards/grafana/kafka-metrics.json
2023-06-26 13:38:04.935 [ForkJoinPool.commonPool-worker-9] INFO  org.dromara.cloudeon.processor.ConfigTask - 完成配置文件生成：/Users/ycw/work/ycw/home_lab_shanghai/k8s/couldeon/cloudeon-assembly-v1.0.0-release/work/monitor1/k8s-worker-node1/conf/provisioning/dashboards/grafana/kafka-metrics.json
2023-06-26 13:38:04.936 [ForkJoinPool.commonPool-worker-9] INFO  org.dromara.cloudeon.processor.ConfigTask - File found: provisioning/dashboards/grafana/trion.json
2023-06-26 13:38:04.937 [ForkJoinPool.commonPool-worker-9] INFO  org.dromara.cloudeon.processor.ConfigTask - 完成配置文件生成：/Users/ycw/work/ycw/home_lab_shanghai/k8s/couldeon/cloudeon-assembly-v1.0.0-release/work/monitor1/k8s-worker-node1/conf/provisioning/dashboards/grafana/trion.json
2023-06-26 13:38:04.937 [ForkJoinPool.commonPool-worker-9] INFO  org.dromara.cloudeon.processor.ConfigTask - Scanning directory: /Users/ycw/work/ycw/home_lab_shanghai/k8s/couldeon/cloudeon-assembly-v1.0.0-release/stack/EDP-1.0.0/monitor/render/rule
2023-06-26 13:38:04.937 [ForkJoinPool.commonPool-worker-9] INFO  org.dromara.cloudeon.processor.ConfigTask - File found: rule/rules-internal.yml.ftl
2023-06-26 13:38:04.939 [ForkJoinPool.commonPool-worker-9] INFO  org.dromara.cloudeon.processor.ConfigTask - 完成配置文件生成：/Users/ycw/work/ycw/home_lab_shanghai/k8s/couldeon/cloudeon-assembly-v1.0.0-release/work/monitor1/k8s-worker-node1/conf/rule/rules-internal.yml
2023-06-26 13:38:04.940 [ForkJoinPool.commonPool-worker-9] INFO  org.dromara.cloudeon.processor.ConfigTask - File found: rule/rules-alert.yml
2023-06-26 13:38:04.941 [ForkJoinPool.commonPool-worker-9] INFO  org.dromara.cloudeon.processor.ConfigTask - 完成配置文件生成：/Users/ycw/work/ycw/home_lab_shanghai/k8s/couldeon/cloudeon-assembly-v1.0.0-release/work/monitor1/k8s-worker-node1/conf/rule/rules-alert.yml
2023-06-26 13:38:04.941 [ForkJoinPool.commonPool-worker-9] INFO  org.dromara.cloudeon.processor.ConfigTask - File found: alertmanager.yml.ftl
2023-06-26 13:38:04.942 [ForkJoinPool.commonPool-worker-9] INFO  org.dromara.cloudeon.processor.ConfigTask - 完成配置文件生成：/Users/ycw/work/ycw/home_lab_shanghai/k8s/couldeon/cloudeon-assembly-v1.0.0-release/work/monitor1/k8s-worker-node1/conf/alertmanager.yml
2023-06-26 13:38:04.943 [ForkJoinPool.commonPool-worker-9] INFO  org.dromara.cloudeon.processor.ConfigTask - File found: prometheus-bootstrap.sh.ftl
2023-06-26 13:38:04.944 [ForkJoinPool.commonPool-worker-9] INFO  org.dromara.cloudeon.processor.ConfigTask - 完成配置文件生成：/Users/ycw/work/ycw/home_lab_shanghai/k8s/couldeon/cloudeon-assembly-v1.0.0-release/work/monitor1/k8s-worker-node1/conf/prometheus-bootstrap.sh
2023-06-26 13:38:04.945 [ForkJoinPool.commonPool-worker-9] INFO  org.dromara.cloudeon.processor.ConfigTask - File found: alertmanager-bootstrap.sh.ftl
2023-06-26 13:38:04.946 [ForkJoinPool.commonPool-worker-9] INFO  org.dromara.cloudeon.processor.ConfigTask - 完成配置文件生成：/Users/ycw/work/ycw/home_lab_shanghai/k8s/couldeon/cloudeon-assembly-v1.0.0-release/work/monitor1/k8s-worker-node1/conf/alertmanager-bootstrap.sh
2023-06-26 13:38:05.010 [ForkJoinPool.commonPool-worker-9] INFO  org.dromara.cloudeon.processor.ConfigTask - 拷贝本地配置目录：/Users/ycw/work/ycw/home_lab_shanghai/k8s/couldeon/cloudeon-assembly-v1.0.0-release/work/monitor1/k8s-worker-node1/conf 到节点k8s-worker-node1的：/opt/edp/monitor1/conf/
2023-06-26 13:38:06.256 [ForkJoinPool.commonPool-worker-9] INFO  org.dromara.cloudeon.processor.ConfigTask - 成功拷贝本地配置目录：/Users/ycw/work/ycw/home_lab_shanghai/k8s/couldeon/cloudeon-assembly-v1.0.0-release/work/monitor1/k8s-worker-node1/conf 到节点k8s-worker-node1的：/opt/edp/monitor1/conf/
2023-06-26 13:38:06.256 [ForkJoinPool.commonPool-worker-9] INFO  org.dromara.cloudeon.processor.ConfigTask - 赋予conf目录下sh脚本执行权限：chmod +x /opt/edp/monitor1/conf//*.sh
2023-06-26 13:38:06.305 [ForkJoinPool.commonPool-worker-9] INFO  org.dromara.cloudeon.processor.ConfigTask - command task：9 结束, 记录到数据库
2023-06-26 13:38:06.309 [ForkJoinPool.commonPool-worker-9] INFO  org.dromara.cloudeon.processor.ConfigTask - close sifting Appender of `1-9`
