2023-06-26 15:23:25.799 [ForkJoinPool.commonPool-worker-6] INFO  org.dromara.cloudeon.processor.ConfigTask - command task：356 开始, 记录到数据库
2023-06-26 15:23:25.813 [ForkJoinPool.commonPool-worker-6] INFO  org.dromara.cloudeon.processor.ConfigTask - 加载配置文件模板目录：/Users/ycw/work/ycw/home_lab_shanghai/k8s/couldeon/cloudeon-assembly-v1.0.0-release/stack/EDP-1.0.0/hdfs/render
2023-06-26 15:23:25.832 [ForkJoinPool.commonPool-worker-6] INFO  org.dromara.cloudeon.processor.ConfigTask - Scanning directory: /Users/ycw/work/ycw/home_lab_shanghai/k8s/couldeon/cloudeon-assembly-v1.0.0-release/stack/EDP-1.0.0/hdfs/render
2023-06-26 15:23:25.832 [ForkJoinPool.commonPool-worker-6] INFO  org.dromara.cloudeon.processor.ConfigTask - File found: httpfs-log4j.properties
2023-06-26 15:23:25.833 [ForkJoinPool.commonPool-worker-6] INFO  org.dromara.cloudeon.processor.ConfigTask - 完成配置文件生成：/Users/ycw/work/ycw/home_lab_shanghai/k8s/couldeon/cloudeon-assembly-v1.0.0-release/work/hdfs2/k8s-worker-node3/conf/httpfs-log4j.properties
2023-06-26 15:23:25.833 [ForkJoinPool.commonPool-worker-6] INFO  org.dromara.cloudeon.processor.ConfigTask - File found: journalnode-bootstrap.sh.ftl
2023-06-26 15:23:25.834 [ForkJoinPool.commonPool-worker-6] INFO  org.dromara.cloudeon.processor.ConfigTask - 完成配置文件生成：/Users/ycw/work/ycw/home_lab_shanghai/k8s/couldeon/cloudeon-assembly-v1.0.0-release/work/hdfs2/k8s-worker-node3/conf/journalnode-bootstrap.sh
2023-06-26 15:23:25.835 [ForkJoinPool.commonPool-worker-6] INFO  org.dromara.cloudeon.processor.ConfigTask - File found: datanode-bootstrap.sh.ftl
2023-06-26 15:23:25.835 [ForkJoinPool.commonPool-worker-6] INFO  org.dromara.cloudeon.processor.ConfigTask - 完成配置文件生成：/Users/ycw/work/ycw/home_lab_shanghai/k8s/couldeon/cloudeon-assembly-v1.0.0-release/work/hdfs2/k8s-worker-node3/conf/datanode-bootstrap.sh
2023-06-26 15:23:25.836 [ForkJoinPool.commonPool-worker-6] INFO  org.dromara.cloudeon.processor.ConfigTask - File found: httpfs-site.xml.ftl
2023-06-26 15:23:25.838 [ForkJoinPool.commonPool-worker-6] INFO  org.dromara.cloudeon.processor.ConfigTask - 完成配置文件生成：/Users/ycw/work/ycw/home_lab_shanghai/k8s/couldeon/cloudeon-assembly-v1.0.0-release/work/hdfs2/k8s-worker-node3/conf/httpfs-site.xml
2023-06-26 15:23:25.838 [ForkJoinPool.commonPool-worker-6] INFO  org.dromara.cloudeon.processor.ConfigTask - File found: namenode-format.sh.ftl
2023-06-26 15:23:25.840 [ForkJoinPool.commonPool-worker-6] INFO  org.dromara.cloudeon.processor.ConfigTask - 完成配置文件生成：/Users/ycw/work/ycw/home_lab_shanghai/k8s/couldeon/cloudeon-assembly-v1.0.0-release/work/hdfs2/k8s-worker-node3/conf/namenode-format.sh
2023-06-26 15:23:25.840 [ForkJoinPool.commonPool-worker-6] INFO  org.dromara.cloudeon.processor.ConfigTask - File found: httpfs-bootstrap.sh.ftl
2023-06-26 15:23:25.841 [ForkJoinPool.commonPool-worker-6] INFO  org.dromara.cloudeon.processor.ConfigTask - 完成配置文件生成：/Users/ycw/work/ycw/home_lab_shanghai/k8s/couldeon/cloudeon-assembly-v1.0.0-release/work/hdfs2/k8s-worker-node3/conf/httpfs-bootstrap.sh
2023-06-26 15:23:25.842 [ForkJoinPool.commonPool-worker-6] INFO  org.dromara.cloudeon.processor.ConfigTask - File found: jmx_prometheus.yaml
2023-06-26 15:23:25.842 [ForkJoinPool.commonPool-worker-6] INFO  org.dromara.cloudeon.processor.ConfigTask - 完成配置文件生成：/Users/ycw/work/ycw/home_lab_shanghai/k8s/couldeon/cloudeon-assembly-v1.0.0-release/work/hdfs2/k8s-worker-node3/conf/jmx_prometheus.yaml
2023-06-26 15:23:25.842 [ForkJoinPool.commonPool-worker-6] INFO  org.dromara.cloudeon.processor.ConfigTask - File found: hdfs-site.xml.ftl
2023-06-26 15:23:25.845 [ForkJoinPool.commonPool-worker-6] INFO  org.dromara.cloudeon.processor.ConfigTask - 完成配置文件生成：/Users/ycw/work/ycw/home_lab_shanghai/k8s/couldeon/cloudeon-assembly-v1.0.0-release/work/hdfs2/k8s-worker-node3/conf/hdfs-site.xml
2023-06-26 15:23:25.845 [ForkJoinPool.commonPool-worker-6] INFO  org.dromara.cloudeon.processor.ConfigTask - File found: hadoop-metrics2-namenode.properties
2023-06-26 15:23:25.846 [ForkJoinPool.commonPool-worker-6] INFO  org.dromara.cloudeon.processor.ConfigTask - 完成配置文件生成：/Users/ycw/work/ycw/home_lab_shanghai/k8s/couldeon/cloudeon-assembly-v1.0.0-release/work/hdfs2/k8s-worker-node3/conf/hadoop-metrics2-namenode.properties
2023-06-26 15:23:25.846 [ForkJoinPool.commonPool-worker-6] INFO  org.dromara.cloudeon.processor.ConfigTask - File found: hadoop-hdfs-env.sh.ftl
2023-06-26 15:23:25.849 [ForkJoinPool.commonPool-worker-6] INFO  org.dromara.cloudeon.processor.ConfigTask - 完成配置文件生成：/Users/ycw/work/ycw/home_lab_shanghai/k8s/couldeon/cloudeon-assembly-v1.0.0-release/work/hdfs2/k8s-worker-node3/conf/hadoop-hdfs-env.sh
2023-06-26 15:23:25.850 [ForkJoinPool.commonPool-worker-6] INFO  org.dromara.cloudeon.processor.ConfigTask - File found: hadoop-metrics2-datanode.properties
2023-06-26 15:23:25.850 [ForkJoinPool.commonPool-worker-6] INFO  org.dromara.cloudeon.processor.ConfigTask - 完成配置文件生成：/Users/ycw/work/ycw/home_lab_shanghai/k8s/couldeon/cloudeon-assembly-v1.0.0-release/work/hdfs2/k8s-worker-node3/conf/hadoop-metrics2-datanode.properties
2023-06-26 15:23:25.851 [ForkJoinPool.commonPool-worker-6] INFO  org.dromara.cloudeon.processor.ConfigTask - File found: core-site.xml.ftl
2023-06-26 15:23:25.853 [ForkJoinPool.commonPool-worker-6] INFO  org.dromara.cloudeon.processor.ConfigTask - 完成配置文件生成：/Users/ycw/work/ycw/home_lab_shanghai/k8s/couldeon/cloudeon-assembly-v1.0.0-release/work/hdfs2/k8s-worker-node3/conf/core-site.xml
2023-06-26 15:23:25.853 [ForkJoinPool.commonPool-worker-6] INFO  org.dromara.cloudeon.processor.ConfigTask - File found: namenode-bootstrap.sh.ftl
2023-06-26 15:23:25.854 [ForkJoinPool.commonPool-worker-6] INFO  org.dromara.cloudeon.processor.ConfigTask - 完成配置文件生成：/Users/ycw/work/ycw/home_lab_shanghai/k8s/couldeon/cloudeon-assembly-v1.0.0-release/work/hdfs2/k8s-worker-node3/conf/namenode-bootstrap.sh
2023-06-26 15:23:25.854 [ForkJoinPool.commonPool-worker-6] INFO  org.dromara.cloudeon.processor.ConfigTask - File found: log4j.properties
2023-06-26 15:23:25.854 [ForkJoinPool.commonPool-worker-6] INFO  org.dromara.cloudeon.processor.ConfigTask - 完成配置文件生成：/Users/ycw/work/ycw/home_lab_shanghai/k8s/couldeon/cloudeon-assembly-v1.0.0-release/work/hdfs2/k8s-worker-node3/conf/log4j.properties
2023-06-26 15:23:25.855 [ForkJoinPool.commonPool-worker-6] INFO  org.dromara.cloudeon.processor.ConfigTask - File found: dfs.exclude
2023-06-26 15:23:25.855 [ForkJoinPool.commonPool-worker-6] INFO  org.dromara.cloudeon.processor.ConfigTask - 完成配置文件生成：/Users/ycw/work/ycw/home_lab_shanghai/k8s/couldeon/cloudeon-assembly-v1.0.0-release/work/hdfs2/k8s-worker-node3/conf/dfs.exclude
2023-06-26 15:23:25.863 [ForkJoinPool.commonPool-worker-6] INFO  org.dromara.cloudeon.processor.ConfigTask - 拷贝本地配置目录：/Users/ycw/work/ycw/home_lab_shanghai/k8s/couldeon/cloudeon-assembly-v1.0.0-release/work/hdfs2/k8s-worker-node3/conf 到节点k8s-worker-node3的：/opt/edp/hdfs2/conf/
2023-06-26 15:23:26.272 [ForkJoinPool.commonPool-worker-6] INFO  org.dromara.cloudeon.processor.ConfigTask - 成功拷贝本地配置目录：/Users/ycw/work/ycw/home_lab_shanghai/k8s/couldeon/cloudeon-assembly-v1.0.0-release/work/hdfs2/k8s-worker-node3/conf 到节点k8s-worker-node3的：/opt/edp/hdfs2/conf/
2023-06-26 15:23:26.272 [ForkJoinPool.commonPool-worker-6] INFO  org.dromara.cloudeon.processor.ConfigTask - 赋予conf目录下sh脚本执行权限：chmod +x /opt/edp/hdfs2/conf//*.sh
2023-06-26 15:23:26.343 [ForkJoinPool.commonPool-worker-6] INFO  org.dromara.cloudeon.processor.ConfigTask - command task：356 结束, 记录到数据库
2023-06-26 15:23:26.346 [ForkJoinPool.commonPool-worker-6] INFO  org.dromara.cloudeon.processor.ConfigTask - close sifting Appender of `18-356`
