2023-06-26 15:23:21.380 [ForkJoinPool.commonPool-worker-6] INFO  org.dromara.cloudeon.processor.ConfigTask - command task：349 开始, 记录到数据库
2023-06-26 15:23:21.393 [ForkJoinPool.commonPool-worker-6] INFO  org.dromara.cloudeon.processor.ConfigTask - 加载配置文件模板目录：/Users/ycw/work/ycw/home_lab_shanghai/k8s/couldeon/cloudeon-assembly-v1.0.0-release/stack/EDP-1.0.0/hdfs/render
2023-06-26 15:23:21.456 [ForkJoinPool.commonPool-worker-6] INFO  org.dromara.cloudeon.processor.ConfigTask - Scanning directory: /Users/ycw/work/ycw/home_lab_shanghai/k8s/couldeon/cloudeon-assembly-v1.0.0-release/stack/EDP-1.0.0/hdfs/render
2023-06-26 15:23:21.457 [ForkJoinPool.commonPool-worker-6] INFO  org.dromara.cloudeon.processor.ConfigTask - File found: httpfs-log4j.properties
2023-06-26 15:23:21.467 [ForkJoinPool.commonPool-worker-6] INFO  org.dromara.cloudeon.processor.ConfigTask - 完成配置文件生成：/Users/ycw/work/ycw/home_lab_shanghai/k8s/couldeon/cloudeon-assembly-v1.0.0-release/work/hdfs2/k8s-worker-node1/conf/httpfs-log4j.properties
2023-06-26 15:23:21.468 [ForkJoinPool.commonPool-worker-6] INFO  org.dromara.cloudeon.processor.ConfigTask - File found: journalnode-bootstrap.sh.ftl
2023-06-26 15:23:21.476 [ForkJoinPool.commonPool-worker-6] INFO  org.dromara.cloudeon.processor.ConfigTask - 完成配置文件生成：/Users/ycw/work/ycw/home_lab_shanghai/k8s/couldeon/cloudeon-assembly-v1.0.0-release/work/hdfs2/k8s-worker-node1/conf/journalnode-bootstrap.sh
2023-06-26 15:23:21.477 [ForkJoinPool.commonPool-worker-6] INFO  org.dromara.cloudeon.processor.ConfigTask - File found: datanode-bootstrap.sh.ftl
2023-06-26 15:23:21.479 [ForkJoinPool.commonPool-worker-6] INFO  org.dromara.cloudeon.processor.ConfigTask - 完成配置文件生成：/Users/ycw/work/ycw/home_lab_shanghai/k8s/couldeon/cloudeon-assembly-v1.0.0-release/work/hdfs2/k8s-worker-node1/conf/datanode-bootstrap.sh
2023-06-26 15:23:21.480 [ForkJoinPool.commonPool-worker-6] INFO  org.dromara.cloudeon.processor.ConfigTask - File found: httpfs-site.xml.ftl
2023-06-26 15:23:21.499 [ForkJoinPool.commonPool-worker-6] INFO  org.dromara.cloudeon.processor.ConfigTask - 完成配置文件生成：/Users/ycw/work/ycw/home_lab_shanghai/k8s/couldeon/cloudeon-assembly-v1.0.0-release/work/hdfs2/k8s-worker-node1/conf/httpfs-site.xml
2023-06-26 15:23:21.499 [ForkJoinPool.commonPool-worker-6] INFO  org.dromara.cloudeon.processor.ConfigTask - File found: namenode-format.sh.ftl
2023-06-26 15:23:21.616 [ForkJoinPool.commonPool-worker-6] INFO  org.dromara.cloudeon.processor.ConfigTask - 完成配置文件生成：/Users/ycw/work/ycw/home_lab_shanghai/k8s/couldeon/cloudeon-assembly-v1.0.0-release/work/hdfs2/k8s-worker-node1/conf/namenode-format.sh
2023-06-26 15:23:21.616 [ForkJoinPool.commonPool-worker-6] INFO  org.dromara.cloudeon.processor.ConfigTask - File found: httpfs-bootstrap.sh.ftl
2023-06-26 15:23:21.618 [ForkJoinPool.commonPool-worker-6] INFO  org.dromara.cloudeon.processor.ConfigTask - 完成配置文件生成：/Users/ycw/work/ycw/home_lab_shanghai/k8s/couldeon/cloudeon-assembly-v1.0.0-release/work/hdfs2/k8s-worker-node1/conf/httpfs-bootstrap.sh
2023-06-26 15:23:21.618 [ForkJoinPool.commonPool-worker-6] INFO  org.dromara.cloudeon.processor.ConfigTask - File found: jmx_prometheus.yaml
2023-06-26 15:23:21.619 [ForkJoinPool.commonPool-worker-6] INFO  org.dromara.cloudeon.processor.ConfigTask - 完成配置文件生成：/Users/ycw/work/ycw/home_lab_shanghai/k8s/couldeon/cloudeon-assembly-v1.0.0-release/work/hdfs2/k8s-worker-node1/conf/jmx_prometheus.yaml
2023-06-26 15:23:21.619 [ForkJoinPool.commonPool-worker-6] INFO  org.dromara.cloudeon.processor.ConfigTask - File found: hdfs-site.xml.ftl
2023-06-26 15:23:21.631 [ForkJoinPool.commonPool-worker-6] INFO  org.dromara.cloudeon.processor.ConfigTask - 完成配置文件生成：/Users/ycw/work/ycw/home_lab_shanghai/k8s/couldeon/cloudeon-assembly-v1.0.0-release/work/hdfs2/k8s-worker-node1/conf/hdfs-site.xml
2023-06-26 15:23:21.632 [ForkJoinPool.commonPool-worker-6] INFO  org.dromara.cloudeon.processor.ConfigTask - File found: hadoop-metrics2-namenode.properties
2023-06-26 15:23:21.633 [ForkJoinPool.commonPool-worker-6] INFO  org.dromara.cloudeon.processor.ConfigTask - 完成配置文件生成：/Users/ycw/work/ycw/home_lab_shanghai/k8s/couldeon/cloudeon-assembly-v1.0.0-release/work/hdfs2/k8s-worker-node1/conf/hadoop-metrics2-namenode.properties
2023-06-26 15:23:21.633 [ForkJoinPool.commonPool-worker-6] INFO  org.dromara.cloudeon.processor.ConfigTask - File found: hadoop-hdfs-env.sh.ftl
2023-06-26 15:23:21.641 [ForkJoinPool.commonPool-worker-6] INFO  org.dromara.cloudeon.processor.ConfigTask - 完成配置文件生成：/Users/ycw/work/ycw/home_lab_shanghai/k8s/couldeon/cloudeon-assembly-v1.0.0-release/work/hdfs2/k8s-worker-node1/conf/hadoop-hdfs-env.sh
2023-06-26 15:23:21.642 [ForkJoinPool.commonPool-worker-6] INFO  org.dromara.cloudeon.processor.ConfigTask - File found: hadoop-metrics2-datanode.properties
2023-06-26 15:23:21.643 [ForkJoinPool.commonPool-worker-6] INFO  org.dromara.cloudeon.processor.ConfigTask - 完成配置文件生成：/Users/ycw/work/ycw/home_lab_shanghai/k8s/couldeon/cloudeon-assembly-v1.0.0-release/work/hdfs2/k8s-worker-node1/conf/hadoop-metrics2-datanode.properties
2023-06-26 15:23:21.643 [ForkJoinPool.commonPool-worker-6] INFO  org.dromara.cloudeon.processor.ConfigTask - File found: core-site.xml.ftl
2023-06-26 15:23:21.647 [ForkJoinPool.commonPool-worker-6] INFO  org.dromara.cloudeon.processor.ConfigTask - 完成配置文件生成：/Users/ycw/work/ycw/home_lab_shanghai/k8s/couldeon/cloudeon-assembly-v1.0.0-release/work/hdfs2/k8s-worker-node1/conf/core-site.xml
2023-06-26 15:23:21.647 [ForkJoinPool.commonPool-worker-6] INFO  org.dromara.cloudeon.processor.ConfigTask - File found: namenode-bootstrap.sh.ftl
2023-06-26 15:23:21.649 [ForkJoinPool.commonPool-worker-6] INFO  org.dromara.cloudeon.processor.ConfigTask - 完成配置文件生成：/Users/ycw/work/ycw/home_lab_shanghai/k8s/couldeon/cloudeon-assembly-v1.0.0-release/work/hdfs2/k8s-worker-node1/conf/namenode-bootstrap.sh
2023-06-26 15:23:21.649 [ForkJoinPool.commonPool-worker-6] INFO  org.dromara.cloudeon.processor.ConfigTask - File found: log4j.properties
2023-06-26 15:23:21.651 [ForkJoinPool.commonPool-worker-6] INFO  org.dromara.cloudeon.processor.ConfigTask - 完成配置文件生成：/Users/ycw/work/ycw/home_lab_shanghai/k8s/couldeon/cloudeon-assembly-v1.0.0-release/work/hdfs2/k8s-worker-node1/conf/log4j.properties
2023-06-26 15:23:21.651 [ForkJoinPool.commonPool-worker-6] INFO  org.dromara.cloudeon.processor.ConfigTask - File found: dfs.exclude
2023-06-26 15:23:21.652 [ForkJoinPool.commonPool-worker-6] INFO  org.dromara.cloudeon.processor.ConfigTask - 完成配置文件生成：/Users/ycw/work/ycw/home_lab_shanghai/k8s/couldeon/cloudeon-assembly-v1.0.0-release/work/hdfs2/k8s-worker-node1/conf/dfs.exclude
2023-06-26 15:23:21.664 [ForkJoinPool.commonPool-worker-6] INFO  org.dromara.cloudeon.processor.ConfigTask - 拷贝本地配置目录：/Users/ycw/work/ycw/home_lab_shanghai/k8s/couldeon/cloudeon-assembly-v1.0.0-release/work/hdfs2/k8s-worker-node1/conf 到节点k8s-worker-node1的：/opt/edp/hdfs2/conf/
2023-06-26 15:23:22.097 [ForkJoinPool.commonPool-worker-6] INFO  org.dromara.cloudeon.processor.ConfigTask - 成功拷贝本地配置目录：/Users/ycw/work/ycw/home_lab_shanghai/k8s/couldeon/cloudeon-assembly-v1.0.0-release/work/hdfs2/k8s-worker-node1/conf 到节点k8s-worker-node1的：/opt/edp/hdfs2/conf/
2023-06-26 15:23:22.098 [ForkJoinPool.commonPool-worker-6] INFO  org.dromara.cloudeon.processor.ConfigTask - 赋予conf目录下sh脚本执行权限：chmod +x /opt/edp/hdfs2/conf//*.sh
2023-06-26 15:23:22.155 [ForkJoinPool.commonPool-worker-6] INFO  org.dromara.cloudeon.processor.ConfigTask - command task：349 结束, 记录到数据库
2023-06-26 15:23:22.158 [ForkJoinPool.commonPool-worker-6] INFO  org.dromara.cloudeon.processor.ConfigTask - close sifting Appender of `18-349`
