2023-06-26 15:23:23.441 [ForkJoinPool.commonPool-worker-6] INFO  org.dromara.cloudeon.processor.ConfigTask - command task：352 开始, 记录到数据库
2023-06-26 15:23:23.470 [ForkJoinPool.commonPool-worker-6] INFO  org.dromara.cloudeon.processor.ConfigTask - 加载配置文件模板目录：/Users/ycw/work/ycw/home_lab_shanghai/k8s/couldeon/cloudeon-assembly-v1.0.0-release/stack/EDP-1.0.0/hdfs/render
2023-06-26 15:23:23.491 [ForkJoinPool.commonPool-worker-6] INFO  org.dromara.cloudeon.processor.ConfigTask - Scanning directory: /Users/ycw/work/ycw/home_lab_shanghai/k8s/couldeon/cloudeon-assembly-v1.0.0-release/stack/EDP-1.0.0/hdfs/render
2023-06-26 15:23:23.492 [ForkJoinPool.commonPool-worker-6] INFO  org.dromara.cloudeon.processor.ConfigTask - File found: httpfs-log4j.properties
2023-06-26 15:23:23.492 [ForkJoinPool.commonPool-worker-6] INFO  org.dromara.cloudeon.processor.ConfigTask - 完成配置文件生成：/Users/ycw/work/ycw/home_lab_shanghai/k8s/couldeon/cloudeon-assembly-v1.0.0-release/work/hdfs2/k8s-worker-node1/conf/httpfs-log4j.properties
2023-06-26 15:23:23.493 [ForkJoinPool.commonPool-worker-6] INFO  org.dromara.cloudeon.processor.ConfigTask - File found: journalnode-bootstrap.sh.ftl
2023-06-26 15:23:23.494 [ForkJoinPool.commonPool-worker-6] INFO  org.dromara.cloudeon.processor.ConfigTask - 完成配置文件生成：/Users/ycw/work/ycw/home_lab_shanghai/k8s/couldeon/cloudeon-assembly-v1.0.0-release/work/hdfs2/k8s-worker-node1/conf/journalnode-bootstrap.sh
2023-06-26 15:23:23.494 [ForkJoinPool.commonPool-worker-6] INFO  org.dromara.cloudeon.processor.ConfigTask - File found: datanode-bootstrap.sh.ftl
2023-06-26 15:23:23.494 [ForkJoinPool.commonPool-worker-6] INFO  org.dromara.cloudeon.processor.ConfigTask - 完成配置文件生成：/Users/ycw/work/ycw/home_lab_shanghai/k8s/couldeon/cloudeon-assembly-v1.0.0-release/work/hdfs2/k8s-worker-node1/conf/datanode-bootstrap.sh
2023-06-26 15:23:23.495 [ForkJoinPool.commonPool-worker-6] INFO  org.dromara.cloudeon.processor.ConfigTask - File found: httpfs-site.xml.ftl
2023-06-26 15:23:23.496 [ForkJoinPool.commonPool-worker-6] INFO  org.dromara.cloudeon.processor.ConfigTask - 完成配置文件生成：/Users/ycw/work/ycw/home_lab_shanghai/k8s/couldeon/cloudeon-assembly-v1.0.0-release/work/hdfs2/k8s-worker-node1/conf/httpfs-site.xml
2023-06-26 15:23:23.497 [ForkJoinPool.commonPool-worker-6] INFO  org.dromara.cloudeon.processor.ConfigTask - File found: namenode-format.sh.ftl
2023-06-26 15:23:23.498 [ForkJoinPool.commonPool-worker-6] INFO  org.dromara.cloudeon.processor.ConfigTask - 完成配置文件生成：/Users/ycw/work/ycw/home_lab_shanghai/k8s/couldeon/cloudeon-assembly-v1.0.0-release/work/hdfs2/k8s-worker-node1/conf/namenode-format.sh
2023-06-26 15:23:23.498 [ForkJoinPool.commonPool-worker-6] INFO  org.dromara.cloudeon.processor.ConfigTask - File found: httpfs-bootstrap.sh.ftl
2023-06-26 15:23:23.499 [ForkJoinPool.commonPool-worker-6] INFO  org.dromara.cloudeon.processor.ConfigTask - 完成配置文件生成：/Users/ycw/work/ycw/home_lab_shanghai/k8s/couldeon/cloudeon-assembly-v1.0.0-release/work/hdfs2/k8s-worker-node1/conf/httpfs-bootstrap.sh
2023-06-26 15:23:23.499 [ForkJoinPool.commonPool-worker-6] INFO  org.dromara.cloudeon.processor.ConfigTask - File found: jmx_prometheus.yaml
2023-06-26 15:23:23.500 [ForkJoinPool.commonPool-worker-6] INFO  org.dromara.cloudeon.processor.ConfigTask - 完成配置文件生成：/Users/ycw/work/ycw/home_lab_shanghai/k8s/couldeon/cloudeon-assembly-v1.0.0-release/work/hdfs2/k8s-worker-node1/conf/jmx_prometheus.yaml
2023-06-26 15:23:23.500 [ForkJoinPool.commonPool-worker-6] INFO  org.dromara.cloudeon.processor.ConfigTask - File found: hdfs-site.xml.ftl
2023-06-26 15:23:23.504 [ForkJoinPool.commonPool-worker-6] INFO  org.dromara.cloudeon.processor.ConfigTask - 完成配置文件生成：/Users/ycw/work/ycw/home_lab_shanghai/k8s/couldeon/cloudeon-assembly-v1.0.0-release/work/hdfs2/k8s-worker-node1/conf/hdfs-site.xml
2023-06-26 15:23:23.504 [ForkJoinPool.commonPool-worker-6] INFO  org.dromara.cloudeon.processor.ConfigTask - File found: hadoop-metrics2-namenode.properties
2023-06-26 15:23:23.505 [ForkJoinPool.commonPool-worker-6] INFO  org.dromara.cloudeon.processor.ConfigTask - 完成配置文件生成：/Users/ycw/work/ycw/home_lab_shanghai/k8s/couldeon/cloudeon-assembly-v1.0.0-release/work/hdfs2/k8s-worker-node1/conf/hadoop-metrics2-namenode.properties
2023-06-26 15:23:23.506 [ForkJoinPool.commonPool-worker-6] INFO  org.dromara.cloudeon.processor.ConfigTask - File found: hadoop-hdfs-env.sh.ftl
2023-06-26 15:23:23.510 [ForkJoinPool.commonPool-worker-6] INFO  org.dromara.cloudeon.processor.ConfigTask - 完成配置文件生成：/Users/ycw/work/ycw/home_lab_shanghai/k8s/couldeon/cloudeon-assembly-v1.0.0-release/work/hdfs2/k8s-worker-node1/conf/hadoop-hdfs-env.sh
2023-06-26 15:23:23.511 [ForkJoinPool.commonPool-worker-6] INFO  org.dromara.cloudeon.processor.ConfigTask - File found: hadoop-metrics2-datanode.properties
2023-06-26 15:23:23.511 [ForkJoinPool.commonPool-worker-6] INFO  org.dromara.cloudeon.processor.ConfigTask - 完成配置文件生成：/Users/ycw/work/ycw/home_lab_shanghai/k8s/couldeon/cloudeon-assembly-v1.0.0-release/work/hdfs2/k8s-worker-node1/conf/hadoop-metrics2-datanode.properties
2023-06-26 15:23:23.512 [ForkJoinPool.commonPool-worker-6] INFO  org.dromara.cloudeon.processor.ConfigTask - File found: core-site.xml.ftl
2023-06-26 15:23:23.516 [ForkJoinPool.commonPool-worker-6] INFO  org.dromara.cloudeon.processor.ConfigTask - 完成配置文件生成：/Users/ycw/work/ycw/home_lab_shanghai/k8s/couldeon/cloudeon-assembly-v1.0.0-release/work/hdfs2/k8s-worker-node1/conf/core-site.xml
2023-06-26 15:23:23.516 [ForkJoinPool.commonPool-worker-6] INFO  org.dromara.cloudeon.processor.ConfigTask - File found: namenode-bootstrap.sh.ftl
2023-06-26 15:23:23.518 [ForkJoinPool.commonPool-worker-6] INFO  org.dromara.cloudeon.processor.ConfigTask - 完成配置文件生成：/Users/ycw/work/ycw/home_lab_shanghai/k8s/couldeon/cloudeon-assembly-v1.0.0-release/work/hdfs2/k8s-worker-node1/conf/namenode-bootstrap.sh
2023-06-26 15:23:23.518 [ForkJoinPool.commonPool-worker-6] INFO  org.dromara.cloudeon.processor.ConfigTask - File found: log4j.properties
2023-06-26 15:23:23.519 [ForkJoinPool.commonPool-worker-6] INFO  org.dromara.cloudeon.processor.ConfigTask - 完成配置文件生成：/Users/ycw/work/ycw/home_lab_shanghai/k8s/couldeon/cloudeon-assembly-v1.0.0-release/work/hdfs2/k8s-worker-node1/conf/log4j.properties
2023-06-26 15:23:23.519 [ForkJoinPool.commonPool-worker-6] INFO  org.dromara.cloudeon.processor.ConfigTask - File found: dfs.exclude
2023-06-26 15:23:23.520 [ForkJoinPool.commonPool-worker-6] INFO  org.dromara.cloudeon.processor.ConfigTask - 完成配置文件生成：/Users/ycw/work/ycw/home_lab_shanghai/k8s/couldeon/cloudeon-assembly-v1.0.0-release/work/hdfs2/k8s-worker-node1/conf/dfs.exclude
2023-06-26 15:23:23.529 [ForkJoinPool.commonPool-worker-6] INFO  org.dromara.cloudeon.processor.ConfigTask - 拷贝本地配置目录：/Users/ycw/work/ycw/home_lab_shanghai/k8s/couldeon/cloudeon-assembly-v1.0.0-release/work/hdfs2/k8s-worker-node1/conf 到节点k8s-worker-node1的：/opt/edp/hdfs2/conf/
2023-06-26 15:23:23.980 [ForkJoinPool.commonPool-worker-6] INFO  org.dromara.cloudeon.processor.ConfigTask - 成功拷贝本地配置目录：/Users/ycw/work/ycw/home_lab_shanghai/k8s/couldeon/cloudeon-assembly-v1.0.0-release/work/hdfs2/k8s-worker-node1/conf 到节点k8s-worker-node1的：/opt/edp/hdfs2/conf/
2023-06-26 15:23:23.980 [ForkJoinPool.commonPool-worker-6] INFO  org.dromara.cloudeon.processor.ConfigTask - 赋予conf目录下sh脚本执行权限：chmod +x /opt/edp/hdfs2/conf//*.sh
2023-06-26 15:23:24.039 [ForkJoinPool.commonPool-worker-6] INFO  org.dromara.cloudeon.processor.ConfigTask - command task：352 结束, 记录到数据库
2023-06-26 15:23:24.043 [ForkJoinPool.commonPool-worker-6] INFO  org.dromara.cloudeon.processor.ConfigTask - close sifting Appender of `18-352`
