2023-06-26 15:25:28.718 [ForkJoinPool.commonPool-worker-6] INFO  o.d.cloudeon.processor.StartRoleK8sDeploymentTask - command task：369 开始, 记录到数据库
2023-06-26 15:25:28.725 [ForkJoinPool.commonPool-worker-6] INFO  o.d.cloudeon.processor.StartRoleK8sDeploymentTask - 开始角色k8s资源文件生成：/Users/ycw/work/ycw/home_lab_shanghai/k8s/couldeon/cloudeon-assembly-v1.0.0-release/work/k8s-resource/hdfs2
2023-06-26 15:25:28.726 [ForkJoinPool.commonPool-worker-6] INFO  o.d.cloudeon.processor.StartRoleK8sDeploymentTask - 加载服务实例角色k8s资源模板目录：/Users/ycw/work/ycw/home_lab_shanghai/k8s/couldeon/cloudeon-assembly-v1.0.0-release/stack/EDP-1.0.0/hdfs/k8s
2023-06-26 15:25:28.729 [ForkJoinPool.commonPool-worker-6] INFO  o.d.cloudeon.processor.StartRoleK8sDeploymentTask - 完成角色k8s资源文件生成：/Users/ycw/work/ycw/home_lab_shanghai/k8s/couldeon/cloudeon-assembly-v1.0.0-release/work/k8s-resource/hdfs2/hadoop-hdfs-datanode.yaml
2023-06-26 15:25:28.887 [ForkJoinPool.commonPool-worker-6] INFO  o.d.cloudeon.processor.StartRoleK8sDeploymentTask - 在k8s上启动deployment: hadoop-hdfs-datanode-hdfs2 ,使用本地资源文件: /Users/ycw/work/ycw/home_lab_shanghai/k8s/couldeon/cloudeon-assembly-v1.0.0-release/work/k8s-resource/hdfs2/hadoop-hdfs-datanode.yaml ,持续等待 10 分钟
2023-06-26 15:25:55.004 [ForkJoinPool.commonPool-worker-6] INFO  o.d.cloudeon.processor.StartRoleK8sDeploymentTask - ========================starting datanode========================
WARNING: Use of this script to start HDFS daemons is deprecated.
WARNING: Attempting to execute replacement "hdfs --daemon start" instead.
WARNING: HADOOP_SECURE_DN_PID_DIR has been replaced by HADOOP_SECURE_PID_DIR. Using value of HADOOP_SECURE_DN_PID_DIR.
WARNING: HADOOP_SECURE_DN_LOG_DIR has been replaced by HADOOP_SECURE_LOG_DIR. Using value of HADOOP_SECURE_DN_LOG_DIR.
WARNING: HADOOP_DATANODE_OPTS has been replaced by HDFS_DATANODE_OPTS. Using value of HADOOP_DATANODE_OPTS.
========================starting datanode========================
WARNING: Use of this script to start HDFS daemons is deprecated.
WARNING: Attempting to execute replacement "hdfs --daemon start" instead.
WARNING: HADOOP_SECURE_DN_PID_DIR has been replaced by HADOOP_SECURE_PID_DIR. Using value of HADOOP_SECURE_DN_PID_DIR.
WARNING: HADOOP_SECURE_DN_LOG_DIR has been replaced by HADOOP_SECURE_LOG_DIR. Using value of HADOOP_SECURE_DN_LOG_DIR.
WARNING: HADOOP_DATANODE_OPTS has been replaced by HDFS_DATANODE_OPTS. Using value of HADOOP_DATANODE_OPTS.
========================starting datanode========================
WARNING: Use of this script to start HDFS daemons is deprecated.
WARNING: Attempting to execute replacement "hdfs --daemon start" instead.
WARNING: HADOOP_SECURE_DN_PID_DIR has been replaced by HADOOP_SECURE_PID_DIR. Using value of HADOOP_SECURE_DN_PID_DIR.
WARNING: HADOOP_SECURE_DN_LOG_DIR has been replaced by HADOOP_SECURE_LOG_DIR. Using value of HADOOP_SECURE_DN_LOG_DIR.
WARNING: HADOOP_DATANODE_OPTS has been replaced by HDFS_DATANODE_OPTS. Using value of HADOOP_DATANODE_OPTS.

2023-06-26 15:25:55.011 [ForkJoinPool.commonPool-worker-6] INFO  o.d.cloudeon.processor.StartRoleK8sDeploymentTask - command task：369 结束, 记录到数据库
2023-06-26 15:25:55.013 [ForkJoinPool.commonPool-worker-6] INFO  o.d.cloudeon.processor.StartRoleK8sDeploymentTask - close sifting Appender of `18-369`
