2023-06-25 22:44:23.813 [ForkJoinPool.commonPool-worker-4] INFO  org.dromara.cloudeon.processor.InstallTask - command task：23 开始, 记录到数据库
2023-06-25 22:44:23.966 [ForkJoinPool.commonPool-worker-4] INFO  org.dromara.cloudeon.processor.InstallTask - 节点：k8s-worker-node2 上创建目录：/opt/edp/monitor1/conf
2023-06-25 22:44:23.986 [ForkJoinPool.commonPool-worker-4] INFO  org.dromara.cloudeon.processor.InstallTask - 执行远程命令：chmod 777 -R /opt/edp/monitor1/conf
2023-06-25 22:44:24.026 [ForkJoinPool.commonPool-worker-4] INFO  org.dromara.cloudeon.processor.InstallTask - 成功在节点：k8s-worker-node2 上创建目录：/opt/edp/monitor1/conf
2023-06-25 22:44:24.026 [ForkJoinPool.commonPool-worker-4] INFO  org.dromara.cloudeon.processor.InstallTask - 节点：k8s-worker-node2 上创建目录：/opt/edp/monitor1/conf/rule
2023-06-25 22:44:24.034 [ForkJoinPool.commonPool-worker-4] INFO  org.dromara.cloudeon.processor.InstallTask - 执行远程命令：chmod 777 -R /opt/edp/monitor1/conf/rule
2023-06-25 22:44:24.079 [ForkJoinPool.commonPool-worker-4] INFO  org.dromara.cloudeon.processor.InstallTask - 成功在节点：k8s-worker-node2 上创建目录：/opt/edp/monitor1/conf/rule
2023-06-25 22:44:24.079 [ForkJoinPool.commonPool-worker-4] INFO  org.dromara.cloudeon.processor.InstallTask - 节点：k8s-worker-node2 上创建目录：/opt/edp/monitor1/conf/discovery_configs
2023-06-25 22:44:24.087 [ForkJoinPool.commonPool-worker-4] INFO  org.dromara.cloudeon.processor.InstallTask - 执行远程命令：chmod 777 -R /opt/edp/monitor1/conf/discovery_configs
2023-06-25 22:44:24.166 [ForkJoinPool.commonPool-worker-4] INFO  org.dromara.cloudeon.processor.InstallTask - 成功在节点：k8s-worker-node2 上创建目录：/opt/edp/monitor1/conf/discovery_configs
2023-06-25 22:44:24.166 [ForkJoinPool.commonPool-worker-4] INFO  org.dromara.cloudeon.processor.InstallTask - 节点：k8s-worker-node2 上创建目录：/opt/edp/monitor1/log
2023-06-25 22:44:24.174 [ForkJoinPool.commonPool-worker-4] INFO  org.dromara.cloudeon.processor.InstallTask - 执行远程命令：chmod 777 -R /opt/edp/monitor1/log
2023-06-25 22:44:24.216 [ForkJoinPool.commonPool-worker-4] INFO  org.dromara.cloudeon.processor.InstallTask - 成功在节点：k8s-worker-node2 上创建目录：/opt/edp/monitor1/log
2023-06-25 22:44:24.216 [ForkJoinPool.commonPool-worker-4] INFO  org.dromara.cloudeon.processor.InstallTask - 节点：k8s-worker-node2 上创建目录：/opt/edp/monitor1/data
2023-06-25 22:44:24.223 [ForkJoinPool.commonPool-worker-4] INFO  org.dromara.cloudeon.processor.InstallTask - 执行远程命令：chmod 777 -R /opt/edp/monitor1/data
2023-06-25 22:44:24.300 [ForkJoinPool.commonPool-worker-4] INFO  org.dromara.cloudeon.processor.InstallTask - 成功在节点：k8s-worker-node2 上创建目录：/opt/edp/monitor1/data
2023-06-25 22:44:24.300 [ForkJoinPool.commonPool-worker-4] INFO  org.dromara.cloudeon.processor.InstallTask - 节点：k8s-worker-node2 上创建目录：/opt/edp/monitor1/data/grafana
2023-06-25 22:44:24.308 [ForkJoinPool.commonPool-worker-4] INFO  org.dromara.cloudeon.processor.InstallTask - 执行远程命令：chmod 777 -R /opt/edp/monitor1/data/grafana
2023-06-25 22:44:24.350 [ForkJoinPool.commonPool-worker-4] INFO  org.dromara.cloudeon.processor.InstallTask - 成功在节点：k8s-worker-node2 上创建目录：/opt/edp/monitor1/data/grafana
2023-06-25 22:44:24.350 [ForkJoinPool.commonPool-worker-4] INFO  org.dromara.cloudeon.processor.InstallTask - 节点：k8s-worker-node2 上创建目录：/opt/edp/monitor1/data/prometheus
2023-06-25 22:44:24.358 [ForkJoinPool.commonPool-worker-4] INFO  org.dromara.cloudeon.processor.InstallTask - 执行远程命令：chmod 777 -R /opt/edp/monitor1/data/prometheus
2023-06-25 22:44:24.439 [ForkJoinPool.commonPool-worker-4] INFO  org.dromara.cloudeon.processor.InstallTask - 成功在节点：k8s-worker-node2 上创建目录：/opt/edp/monitor1/data/prometheus
2023-06-25 22:44:24.439 [ForkJoinPool.commonPool-worker-4] INFO  org.dromara.cloudeon.processor.InstallTask - 节点：k8s-worker-node2 上创建目录：/opt/edp/monitor1/data/alertmanager
2023-06-25 22:44:24.448 [ForkJoinPool.commonPool-worker-4] INFO  org.dromara.cloudeon.processor.InstallTask - 执行远程命令：chmod 777 -R /opt/edp/monitor1/data/alertmanager
2023-06-25 22:44:24.495 [ForkJoinPool.commonPool-worker-4] INFO  org.dromara.cloudeon.processor.InstallTask - 成功在节点：k8s-worker-node2 上创建目录：/opt/edp/monitor1/data/alertmanager
2023-06-25 22:44:24.495 [ForkJoinPool.commonPool-worker-4] INFO  org.dromara.cloudeon.processor.InstallTask - 节点：k8s-worker-node2 上创建目录：/opt/edp/monitor1/data/nodeexporter
2023-06-25 22:44:24.520 [ForkJoinPool.commonPool-worker-4] INFO  org.dromara.cloudeon.processor.InstallTask - 执行远程命令：chmod 777 -R /opt/edp/monitor1/data/nodeexporter
2023-06-25 22:44:24.600 [ForkJoinPool.commonPool-worker-4] INFO  org.dromara.cloudeon.processor.InstallTask - 成功在节点：k8s-worker-node2 上创建目录：/opt/edp/monitor1/data/nodeexporter
2023-06-25 22:44:24.600 [ForkJoinPool.commonPool-worker-4] INFO  org.dromara.cloudeon.processor.InstallTask - command task：23 结束, 记录到数据库
2023-06-25 22:44:24.604 [ForkJoinPool.commonPool-worker-4] INFO  org.dromara.cloudeon.processor.InstallTask - close sifting Appender of `2-23`
