2023-06-25 22:44:26.906 [ForkJoinPool.commonPool-worker-4] INFO  org.dromara.cloudeon.processor.ConfigTask - command task：28 开始, 记录到数据库
2023-06-25 22:44:26.916 [ForkJoinPool.commonPool-worker-4] INFO  org.dromara.cloudeon.processor.ConfigTask - 加载配置文件模板目录：/Users/ycw/work/ycw/home_lab_shanghai/k8s/couldeon/cloudeon-assembly-v1.0.0-release/stack/EDP-1.0.0/monitor/render
2023-06-25 22:44:26.928 [ForkJoinPool.commonPool-worker-4] INFO  org.dromara.cloudeon.processor.ConfigTask - Scanning directory: /Users/ycw/work/ycw/home_lab_shanghai/k8s/couldeon/cloudeon-assembly-v1.0.0-release/stack/EDP-1.0.0/monitor/render
2023-06-25 22:44:26.928 [ForkJoinPool.commonPool-worker-4] INFO  org.dromara.cloudeon.processor.ConfigTask - File found: prometheus.yml.ftl
2023-06-25 22:44:26.936 [ForkJoinPool.commonPool-worker-4] INFO  org.dromara.cloudeon.processor.ConfigTask - 完成配置文件生成：/Users/ycw/work/ycw/home_lab_shanghai/k8s/couldeon/cloudeon-assembly-v1.0.0-release/work/monitor1/k8s-worker-node1/conf/prometheus.yml
2023-06-25 22:44:26.937 [ForkJoinPool.commonPool-worker-4] INFO  org.dromara.cloudeon.processor.ConfigTask - File found: grafana-bootstrap.sh.ftl
2023-06-25 22:44:26.938 [ForkJoinPool.commonPool-worker-4] INFO  org.dromara.cloudeon.processor.ConfigTask - 完成配置文件生成：/Users/ycw/work/ycw/home_lab_shanghai/k8s/couldeon/cloudeon-assembly-v1.0.0-release/work/monitor1/k8s-worker-node1/conf/grafana-bootstrap.sh
2023-06-25 22:44:26.939 [ForkJoinPool.commonPool-worker-4] INFO  org.dromara.cloudeon.processor.ConfigTask - File found: nodeexporter-bootstrap.sh.ftl
2023-06-25 22:44:26.940 [ForkJoinPool.commonPool-worker-4] INFO  org.dromara.cloudeon.processor.ConfigTask - 完成配置文件生成：/Users/ycw/work/ycw/home_lab_shanghai/k8s/couldeon/cloudeon-assembly-v1.0.0-release/work/monitor1/k8s-worker-node1/conf/nodeexporter-bootstrap.sh
2023-06-25 22:44:26.941 [ForkJoinPool.commonPool-worker-4] INFO  org.dromara.cloudeon.processor.ConfigTask - File found: grafana.ini.ftl
2023-06-25 22:44:26.958 [ForkJoinPool.commonPool-worker-4] INFO  org.dromara.cloudeon.processor.ConfigTask - 完成配置文件生成：/Users/ycw/work/ycw/home_lab_shanghai/k8s/couldeon/cloudeon-assembly-v1.0.0-release/work/monitor1/k8s-worker-node1/conf/grafana.ini
2023-06-25 22:44:26.958 [ForkJoinPool.commonPool-worker-4] INFO  org.dromara.cloudeon.processor.ConfigTask - Scanning directory: /Users/ycw/work/ycw/home_lab_shanghai/k8s/couldeon/cloudeon-assembly-v1.0.0-release/stack/EDP-1.0.0/monitor/render/provisioning
2023-06-25 22:44:26.959 [ForkJoinPool.commonPool-worker-4] INFO  org.dromara.cloudeon.processor.ConfigTask - Scanning directory: /Users/ycw/work/ycw/home_lab_shanghai/k8s/couldeon/cloudeon-assembly-v1.0.0-release/stack/EDP-1.0.0/monitor/render/provisioning/datasources
2023-06-25 22:44:26.959 [ForkJoinPool.commonPool-worker-4] INFO  org.dromara.cloudeon.processor.ConfigTask - File found: provisioning/datasources/prometheus-ds.yaml.ftl
2023-06-25 22:44:26.961 [ForkJoinPool.commonPool-worker-4] INFO  org.dromara.cloudeon.processor.ConfigTask - 完成配置文件生成：/Users/ycw/work/ycw/home_lab_shanghai/k8s/couldeon/cloudeon-assembly-v1.0.0-release/work/monitor1/k8s-worker-node1/conf/provisioning/datasources/prometheus-ds.yaml
2023-06-25 22:44:26.961 [ForkJoinPool.commonPool-worker-4] INFO  org.dromara.cloudeon.processor.ConfigTask - Scanning directory: /Users/ycw/work/ycw/home_lab_shanghai/k8s/couldeon/cloudeon-assembly-v1.0.0-release/stack/EDP-1.0.0/monitor/render/provisioning/dashboards
2023-06-25 22:44:26.962 [ForkJoinPool.commonPool-worker-4] INFO  org.dromara.cloudeon.processor.ConfigTask - File found: provisioning/dashboards/grafana.yaml.ftl
2023-06-25 22:44:26.964 [ForkJoinPool.commonPool-worker-4] INFO  org.dromara.cloudeon.processor.ConfigTask - 完成配置文件生成：/Users/ycw/work/ycw/home_lab_shanghai/k8s/couldeon/cloudeon-assembly-v1.0.0-release/work/monitor1/k8s-worker-node1/conf/provisioning/dashboards/grafana.yaml
2023-06-25 22:44:26.964 [ForkJoinPool.commonPool-worker-4] INFO  org.dromara.cloudeon.processor.ConfigTask - Scanning directory: /Users/ycw/work/ycw/home_lab_shanghai/k8s/couldeon/cloudeon-assembly-v1.0.0-release/stack/EDP-1.0.0/monitor/render/provisioning/dashboards/grafana
2023-06-25 22:44:26.965 [ForkJoinPool.commonPool-worker-4] INFO  org.dromara.cloudeon.processor.ConfigTask - File found: provisioning/dashboards/grafana/zookeeper.json
2023-06-25 22:44:26.966 [ForkJoinPool.commonPool-worker-4] INFO  org.dromara.cloudeon.processor.ConfigTask - 完成配置文件生成：/Users/ycw/work/ycw/home_lab_shanghai/k8s/couldeon/cloudeon-assembly-v1.0.0-release/work/monitor1/k8s-worker-node1/conf/provisioning/dashboards/grafana/zookeeper.json
2023-06-25 22:44:26.967 [ForkJoinPool.commonPool-worker-4] INFO  org.dromara.cloudeon.processor.ConfigTask - File found: provisioning/dashboards/grafana/dolphinscheduler.json
2023-06-25 22:44:26.970 [ForkJoinPool.commonPool-worker-4] INFO  org.dromara.cloudeon.processor.ConfigTask - 完成配置文件生成：/Users/ycw/work/ycw/home_lab_shanghai/k8s/couldeon/cloudeon-assembly-v1.0.0-release/work/monitor1/k8s-worker-node1/conf/provisioning/dashboards/grafana/dolphinscheduler.json
2023-06-25 22:44:26.971 [ForkJoinPool.commonPool-worker-4] INFO  org.dromara.cloudeon.processor.ConfigTask - File found: provisioning/dashboards/grafana/spark.json
2023-06-25 22:44:26.972 [ForkJoinPool.commonPool-worker-4] INFO  org.dromara.cloudeon.processor.ConfigTask - 完成配置文件生成：/Users/ycw/work/ycw/home_lab_shanghai/k8s/couldeon/cloudeon-assembly-v1.0.0-release/work/monitor1/k8s-worker-node1/conf/provisioning/dashboards/grafana/spark.json
2023-06-25 22:44:26.973 [ForkJoinPool.commonPool-worker-4] INFO  org.dromara.cloudeon.processor.ConfigTask - File found: provisioning/dashboards/grafana/kafka.json
2023-06-25 22:44:26.974 [ForkJoinPool.commonPool-worker-4] INFO  org.dromara.cloudeon.processor.ConfigTask - 完成配置文件生成：/Users/ycw/work/ycw/home_lab_shanghai/k8s/couldeon/cloudeon-assembly-v1.0.0-release/work/monitor1/k8s-worker-node1/conf/provisioning/dashboards/grafana/kafka.json
2023-06-25 22:44:26.975 [ForkJoinPool.commonPool-worker-4] INFO  org.dromara.cloudeon.processor.ConfigTask - File found: provisioning/dashboards/grafana/doris.json
2023-06-25 22:44:26.978 [ForkJoinPool.commonPool-worker-4] INFO  org.dromara.cloudeon.processor.ConfigTask - 完成配置文件生成：/Users/ycw/work/ycw/home_lab_shanghai/k8s/couldeon/cloudeon-assembly-v1.0.0-release/work/monitor1/k8s-worker-node1/conf/provisioning/dashboards/grafana/doris.json
2023-06-25 22:44:26.979 [ForkJoinPool.commonPool-worker-4] INFO  org.dromara.cloudeon.processor.ConfigTask - File found: provisioning/dashboards/grafana/flink.json
2023-06-25 22:44:26.980 [ForkJoinPool.commonPool-worker-4] INFO  org.dromara.cloudeon.processor.ConfigTask - 完成配置文件生成：/Users/ycw/work/ycw/home_lab_shanghai/k8s/couldeon/cloudeon-assembly-v1.0.0-release/work/monitor1/k8s-worker-node1/conf/provisioning/dashboards/grafana/flink.json
2023-06-25 22:44:26.981 [ForkJoinPool.commonPool-worker-4] INFO  org.dromara.cloudeon.processor.ConfigTask - File found: provisioning/dashboards/grafana/alertmanager.json
2023-06-25 22:44:26.984 [ForkJoinPool.commonPool-worker-4] INFO  org.dromara.cloudeon.processor.ConfigTask - 完成配置文件生成：/Users/ycw/work/ycw/home_lab_shanghai/k8s/couldeon/cloudeon-assembly-v1.0.0-release/work/monitor1/k8s-worker-node1/conf/provisioning/dashboards/grafana/alertmanager.json
2023-06-25 22:44:26.985 [ForkJoinPool.commonPool-worker-4] INFO  org.dromara.cloudeon.processor.ConfigTask - File found: provisioning/dashboards/grafana/hbase-new.json
2023-06-25 22:44:26.988 [ForkJoinPool.commonPool-worker-4] INFO  org.dromara.cloudeon.processor.ConfigTask - 完成配置文件生成：/Users/ycw/work/ycw/home_lab_shanghai/k8s/couldeon/cloudeon-assembly-v1.0.0-release/work/monitor1/k8s-worker-node1/conf/provisioning/dashboards/grafana/hbase-new.json
2023-06-25 22:44:26.989 [ForkJoinPool.commonPool-worker-4] INFO  org.dromara.cloudeon.processor.ConfigTask - File found: provisioning/dashboards/grafana/ranger.json
2023-06-25 22:44:26.991 [ForkJoinPool.commonPool-worker-4] INFO  org.dromara.cloudeon.processor.ConfigTask - 完成配置文件生成：/Users/ycw/work/ycw/home_lab_shanghai/k8s/couldeon/cloudeon-assembly-v1.0.0-release/work/monitor1/k8s-worker-node1/conf/provisioning/dashboards/grafana/ranger.json
2023-06-25 22:44:26.992 [ForkJoinPool.commonPool-worker-4] INFO  org.dromara.cloudeon.processor.ConfigTask - File found: provisioning/dashboards/grafana/jvm.json
2023-06-25 22:44:26.994 [ForkJoinPool.commonPool-worker-4] INFO  org.dromara.cloudeon.processor.ConfigTask - 完成配置文件生成：/Users/ycw/work/ycw/home_lab_shanghai/k8s/couldeon/cloudeon-assembly-v1.0.0-release/work/monitor1/k8s-worker-node1/conf/provisioning/dashboards/grafana/jvm.json
2023-06-25 22:44:26.994 [ForkJoinPool.commonPool-worker-4] INFO  org.dromara.cloudeon.processor.ConfigTask - File found: provisioning/dashboards/grafana/grafana.json
2023-06-25 22:44:26.995 [ForkJoinPool.commonPool-worker-4] INFO  org.dromara.cloudeon.processor.ConfigTask - 完成配置文件生成：/Users/ycw/work/ycw/home_lab_shanghai/k8s/couldeon/cloudeon-assembly-v1.0.0-release/work/monitor1/k8s-worker-node1/conf/provisioning/dashboards/grafana/grafana.json
2023-06-25 22:44:26.996 [ForkJoinPool.commonPool-worker-4] INFO  org.dromara.cloudeon.processor.ConfigTask - File found: provisioning/dashboards/grafana/yarn.json
2023-06-25 22:44:26.997 [ForkJoinPool.commonPool-worker-4] INFO  org.dromara.cloudeon.processor.ConfigTask - 完成配置文件生成：/Users/ycw/work/ycw/home_lab_shanghai/k8s/couldeon/cloudeon-assembly-v1.0.0-release/work/monitor1/k8s-worker-node1/conf/provisioning/dashboards/grafana/yarn.json
2023-06-25 22:44:26.997 [ForkJoinPool.commonPool-worker-4] INFO  org.dromara.cloudeon.processor.ConfigTask - File found: provisioning/dashboards/grafana/hdfs.json
2023-06-25 22:44:26.998 [ForkJoinPool.commonPool-worker-4] INFO  org.dromara.cloudeon.processor.ConfigTask - 完成配置文件生成：/Users/ycw/work/ycw/home_lab_shanghai/k8s/couldeon/cloudeon-assembly-v1.0.0-release/work/monitor1/k8s-worker-node1/conf/provisioning/dashboards/grafana/hdfs.json
2023-06-25 22:44:26.998 [ForkJoinPool.commonPool-worker-4] INFO  org.dromara.cloudeon.processor.ConfigTask - File found: provisioning/dashboards/grafana/zonglan.json
2023-06-25 22:44:27.001 [ForkJoinPool.commonPool-worker-4] INFO  org.dromara.cloudeon.processor.ConfigTask - 完成配置文件生成：/Users/ycw/work/ycw/home_lab_shanghai/k8s/couldeon/cloudeon-assembly-v1.0.0-release/work/monitor1/k8s-worker-node1/conf/provisioning/dashboards/grafana/zonglan.json
2023-06-25 22:44:27.002 [ForkJoinPool.commonPool-worker-4] INFO  org.dromara.cloudeon.processor.ConfigTask - File found: provisioning/dashboards/grafana/prometheus.json
2023-06-25 22:44:27.004 [ForkJoinPool.commonPool-worker-4] INFO  org.dromara.cloudeon.processor.ConfigTask - 完成配置文件生成：/Users/ycw/work/ycw/home_lab_shanghai/k8s/couldeon/cloudeon-assembly-v1.0.0-release/work/monitor1/k8s-worker-node1/conf/provisioning/dashboards/grafana/prometheus.json
2023-06-25 22:44:27.005 [ForkJoinPool.commonPool-worker-4] INFO  org.dromara.cloudeon.processor.ConfigTask - File found: provisioning/dashboards/grafana/one-node-detail.json
2023-06-25 22:44:27.006 [ForkJoinPool.commonPool-worker-4] INFO  org.dromara.cloudeon.processor.ConfigTask - 完成配置文件生成：/Users/ycw/work/ycw/home_lab_shanghai/k8s/couldeon/cloudeon-assembly-v1.0.0-release/work/monitor1/k8s-worker-node1/conf/provisioning/dashboards/grafana/one-node-detail.json
2023-06-25 22:44:27.007 [ForkJoinPool.commonPool-worker-4] INFO  org.dromara.cloudeon.processor.ConfigTask - File found: provisioning/dashboards/grafana/hive.json
2023-06-25 22:44:27.008 [ForkJoinPool.commonPool-worker-4] INFO  org.dromara.cloudeon.processor.ConfigTask - 完成配置文件生成：/Users/ycw/work/ycw/home_lab_shanghai/k8s/couldeon/cloudeon-assembly-v1.0.0-release/work/monitor1/k8s-worker-node1/conf/provisioning/dashboards/grafana/hive.json
2023-06-25 22:44:27.009 [ForkJoinPool.commonPool-worker-4] INFO  org.dromara.cloudeon.processor.ConfigTask - File found: provisioning/dashboards/grafana/node-info.json
2023-06-25 22:44:27.010 [ForkJoinPool.commonPool-worker-4] INFO  org.dromara.cloudeon.processor.ConfigTask - 完成配置文件生成：/Users/ycw/work/ycw/home_lab_shanghai/k8s/couldeon/cloudeon-assembly-v1.0.0-release/work/monitor1/k8s-worker-node1/conf/provisioning/dashboards/grafana/node-info.json
2023-06-25 22:44:27.011 [ForkJoinPool.commonPool-worker-4] INFO  org.dromara.cloudeon.processor.ConfigTask - File found: provisioning/dashboards/grafana/hbase.json
2023-06-25 22:44:27.012 [ForkJoinPool.commonPool-worker-4] INFO  org.dromara.cloudeon.processor.ConfigTask - 完成配置文件生成：/Users/ycw/work/ycw/home_lab_shanghai/k8s/couldeon/cloudeon-assembly-v1.0.0-release/work/monitor1/k8s-worker-node1/conf/provisioning/dashboards/grafana/hbase.json
2023-06-25 22:44:27.012 [ForkJoinPool.commonPool-worker-4] INFO  org.dromara.cloudeon.processor.ConfigTask - File found: provisioning/dashboards/grafana/kafka-metrics.json
2023-06-25 22:44:27.014 [ForkJoinPool.commonPool-worker-4] INFO  org.dromara.cloudeon.processor.ConfigTask - 完成配置文件生成：/Users/ycw/work/ycw/home_lab_shanghai/k8s/couldeon/cloudeon-assembly-v1.0.0-release/work/monitor1/k8s-worker-node1/conf/provisioning/dashboards/grafana/kafka-metrics.json
2023-06-25 22:44:27.015 [ForkJoinPool.commonPool-worker-4] INFO  org.dromara.cloudeon.processor.ConfigTask - File found: provisioning/dashboards/grafana/trion.json
2023-06-25 22:44:27.016 [ForkJoinPool.commonPool-worker-4] INFO  org.dromara.cloudeon.processor.ConfigTask - 完成配置文件生成：/Users/ycw/work/ycw/home_lab_shanghai/k8s/couldeon/cloudeon-assembly-v1.0.0-release/work/monitor1/k8s-worker-node1/conf/provisioning/dashboards/grafana/trion.json
2023-06-25 22:44:27.016 [ForkJoinPool.commonPool-worker-4] INFO  org.dromara.cloudeon.processor.ConfigTask - Scanning directory: /Users/ycw/work/ycw/home_lab_shanghai/k8s/couldeon/cloudeon-assembly-v1.0.0-release/stack/EDP-1.0.0/monitor/render/rule
2023-06-25 22:44:27.017 [ForkJoinPool.commonPool-worker-4] INFO  org.dromara.cloudeon.processor.ConfigTask - File found: rule/rules-internal.yml.ftl
2023-06-25 22:44:27.019 [ForkJoinPool.commonPool-worker-4] INFO  org.dromara.cloudeon.processor.ConfigTask - 完成配置文件生成：/Users/ycw/work/ycw/home_lab_shanghai/k8s/couldeon/cloudeon-assembly-v1.0.0-release/work/monitor1/k8s-worker-node1/conf/rule/rules-internal.yml
2023-06-25 22:44:27.020 [ForkJoinPool.commonPool-worker-4] INFO  org.dromara.cloudeon.processor.ConfigTask - File found: rule/rules-alert.yml
2023-06-25 22:44:27.021 [ForkJoinPool.commonPool-worker-4] INFO  org.dromara.cloudeon.processor.ConfigTask - 完成配置文件生成：/Users/ycw/work/ycw/home_lab_shanghai/k8s/couldeon/cloudeon-assembly-v1.0.0-release/work/monitor1/k8s-worker-node1/conf/rule/rules-alert.yml
2023-06-25 22:44:27.021 [ForkJoinPool.commonPool-worker-4] INFO  org.dromara.cloudeon.processor.ConfigTask - File found: alertmanager.yml.ftl
2023-06-25 22:44:27.023 [ForkJoinPool.commonPool-worker-4] INFO  org.dromara.cloudeon.processor.ConfigTask - 完成配置文件生成：/Users/ycw/work/ycw/home_lab_shanghai/k8s/couldeon/cloudeon-assembly-v1.0.0-release/work/monitor1/k8s-worker-node1/conf/alertmanager.yml
2023-06-25 22:44:27.024 [ForkJoinPool.commonPool-worker-4] INFO  org.dromara.cloudeon.processor.ConfigTask - File found: prometheus-bootstrap.sh.ftl
2023-06-25 22:44:27.027 [ForkJoinPool.commonPool-worker-4] INFO  org.dromara.cloudeon.processor.ConfigTask - 完成配置文件生成：/Users/ycw/work/ycw/home_lab_shanghai/k8s/couldeon/cloudeon-assembly-v1.0.0-release/work/monitor1/k8s-worker-node1/conf/prometheus-bootstrap.sh
2023-06-25 22:44:27.028 [ForkJoinPool.commonPool-worker-4] INFO  org.dromara.cloudeon.processor.ConfigTask - File found: alertmanager-bootstrap.sh.ftl
2023-06-25 22:44:27.029 [ForkJoinPool.commonPool-worker-4] INFO  org.dromara.cloudeon.processor.ConfigTask - 完成配置文件生成：/Users/ycw/work/ycw/home_lab_shanghai/k8s/couldeon/cloudeon-assembly-v1.0.0-release/work/monitor1/k8s-worker-node1/conf/alertmanager-bootstrap.sh
2023-06-25 22:44:27.113 [ForkJoinPool.commonPool-worker-4] INFO  org.dromara.cloudeon.processor.ConfigTask - 拷贝本地配置目录：/Users/ycw/work/ycw/home_lab_shanghai/k8s/couldeon/cloudeon-assembly-v1.0.0-release/work/monitor1/k8s-worker-node1/conf 到节点k8s-worker-node1的：/opt/edp/monitor1/conf/
2023-06-25 22:44:27.829 [ForkJoinPool.commonPool-worker-4] INFO  org.dromara.cloudeon.processor.ConfigTask - 成功拷贝本地配置目录：/Users/ycw/work/ycw/home_lab_shanghai/k8s/couldeon/cloudeon-assembly-v1.0.0-release/work/monitor1/k8s-worker-node1/conf 到节点k8s-worker-node1的：/opt/edp/monitor1/conf/
2023-06-25 22:44:27.829 [ForkJoinPool.commonPool-worker-4] INFO  org.dromara.cloudeon.processor.ConfigTask - 赋予conf目录下sh脚本执行权限：chmod +x /opt/edp/monitor1/conf//*.sh
2023-06-25 22:44:27.863 [ForkJoinPool.commonPool-worker-4] INFO  org.dromara.cloudeon.processor.ConfigTask - command task：28 结束, 记录到数据库
2023-06-25 22:44:27.867 [ForkJoinPool.commonPool-worker-4] INFO  org.dromara.cloudeon.processor.ConfigTask - close sifting Appender of `2-28`
2023-06-26 13:50:03.802 [ForkJoinPool.commonPool-worker-6] INFO  org.dromara.cloudeon.processor.InstallTask - command task：28 开始, 记录到数据库
2023-06-26 13:50:04.434 [ForkJoinPool.commonPool-worker-6] INFO  org.dromara.cloudeon.processor.InstallTask - 节点：k8s-worker-node2 上创建目录：/opt/edp/zookeeper1/conf
2023-06-26 13:50:04.445 [ForkJoinPool.commonPool-worker-6] INFO  org.dromara.cloudeon.processor.InstallTask - 执行远程命令：chmod 777 -R /opt/edp/zookeeper1/conf
2023-06-26 13:50:04.511 [ForkJoinPool.commonPool-worker-6] INFO  org.dromara.cloudeon.processor.InstallTask - 成功在节点：k8s-worker-node2 上创建目录：/opt/edp/zookeeper1/conf
2023-06-26 13:50:04.511 [ForkJoinPool.commonPool-worker-6] INFO  org.dromara.cloudeon.processor.InstallTask - 节点：k8s-worker-node2 上创建目录：/opt/edp/zookeeper1/log
2023-06-26 13:50:04.523 [ForkJoinPool.commonPool-worker-6] INFO  org.dromara.cloudeon.processor.InstallTask - 执行远程命令：chmod 777 -R /opt/edp/zookeeper1/log
2023-06-26 13:50:04.636 [ForkJoinPool.commonPool-worker-6] INFO  org.dromara.cloudeon.processor.InstallTask - 成功在节点：k8s-worker-node2 上创建目录：/opt/edp/zookeeper1/log
2023-06-26 13:50:04.636 [ForkJoinPool.commonPool-worker-6] INFO  org.dromara.cloudeon.processor.InstallTask - 节点：k8s-worker-node2 上创建目录：/opt/edp/zookeeper1/data
2023-06-26 13:50:04.645 [ForkJoinPool.commonPool-worker-6] INFO  org.dromara.cloudeon.processor.InstallTask - 执行远程命令：chmod 777 -R /opt/edp/zookeeper1/data
2023-06-26 13:50:04.760 [ForkJoinPool.commonPool-worker-6] INFO  org.dromara.cloudeon.processor.InstallTask - 成功在节点：k8s-worker-node2 上创建目录：/opt/edp/zookeeper1/data
2023-06-26 13:50:04.760 [ForkJoinPool.commonPool-worker-6] INFO  org.dromara.cloudeon.processor.InstallTask - command task：28 结束, 记录到数据库
2023-06-26 13:50:04.764 [ForkJoinPool.commonPool-worker-6] INFO  org.dromara.cloudeon.processor.InstallTask - close sifting Appender of `2-28`
