2023-06-25 22:44:29.550 [ForkJoinPool.commonPool-worker-4] INFO  org.dromara.cloudeon.processor.ConfigTask - command task：31 开始, 记录到数据库
2023-06-25 22:44:29.563 [ForkJoinPool.commonPool-worker-4] INFO  org.dromara.cloudeon.processor.ConfigTask - 加载配置文件模板目录：/Users/ycw/work/ycw/home_lab_shanghai/k8s/couldeon/cloudeon-assembly-v1.0.0-release/stack/EDP-1.0.0/monitor/render
2023-06-25 22:44:29.572 [ForkJoinPool.commonPool-worker-4] INFO  org.dromara.cloudeon.processor.ConfigTask - Scanning directory: /Users/ycw/work/ycw/home_lab_shanghai/k8s/couldeon/cloudeon-assembly-v1.0.0-release/stack/EDP-1.0.0/monitor/render
2023-06-25 22:44:29.573 [ForkJoinPool.commonPool-worker-4] INFO  org.dromara.cloudeon.processor.ConfigTask - File found: prometheus.yml.ftl
2023-06-25 22:44:29.577 [ForkJoinPool.commonPool-worker-4] INFO  org.dromara.cloudeon.processor.ConfigTask - 完成配置文件生成：/Users/ycw/work/ycw/home_lab_shanghai/k8s/couldeon/cloudeon-assembly-v1.0.0-release/work/monitor1/k8s-worker-node2/conf/prometheus.yml
2023-06-25 22:44:29.577 [ForkJoinPool.commonPool-worker-4] INFO  org.dromara.cloudeon.processor.ConfigTask - File found: grafana-bootstrap.sh.ftl
2023-06-25 22:44:29.579 [ForkJoinPool.commonPool-worker-4] INFO  org.dromara.cloudeon.processor.ConfigTask - 完成配置文件生成：/Users/ycw/work/ycw/home_lab_shanghai/k8s/couldeon/cloudeon-assembly-v1.0.0-release/work/monitor1/k8s-worker-node2/conf/grafana-bootstrap.sh
2023-06-25 22:44:29.579 [ForkJoinPool.commonPool-worker-4] INFO  org.dromara.cloudeon.processor.ConfigTask - File found: nodeexporter-bootstrap.sh.ftl
2023-06-25 22:44:29.581 [ForkJoinPool.commonPool-worker-4] INFO  org.dromara.cloudeon.processor.ConfigTask - 完成配置文件生成：/Users/ycw/work/ycw/home_lab_shanghai/k8s/couldeon/cloudeon-assembly-v1.0.0-release/work/monitor1/k8s-worker-node2/conf/nodeexporter-bootstrap.sh
2023-06-25 22:44:29.582 [ForkJoinPool.commonPool-worker-4] INFO  org.dromara.cloudeon.processor.ConfigTask - File found: grafana.ini.ftl
2023-06-25 22:44:29.596 [ForkJoinPool.commonPool-worker-4] INFO  org.dromara.cloudeon.processor.ConfigTask - 完成配置文件生成：/Users/ycw/work/ycw/home_lab_shanghai/k8s/couldeon/cloudeon-assembly-v1.0.0-release/work/monitor1/k8s-worker-node2/conf/grafana.ini
2023-06-25 22:44:29.597 [ForkJoinPool.commonPool-worker-4] INFO  org.dromara.cloudeon.processor.ConfigTask - Scanning directory: /Users/ycw/work/ycw/home_lab_shanghai/k8s/couldeon/cloudeon-assembly-v1.0.0-release/stack/EDP-1.0.0/monitor/render/provisioning
2023-06-25 22:44:29.597 [ForkJoinPool.commonPool-worker-4] INFO  org.dromara.cloudeon.processor.ConfigTask - Scanning directory: /Users/ycw/work/ycw/home_lab_shanghai/k8s/couldeon/cloudeon-assembly-v1.0.0-release/stack/EDP-1.0.0/monitor/render/provisioning/datasources
2023-06-25 22:44:29.597 [ForkJoinPool.commonPool-worker-4] INFO  org.dromara.cloudeon.processor.ConfigTask - File found: provisioning/datasources/prometheus-ds.yaml.ftl
2023-06-25 22:44:29.600 [ForkJoinPool.commonPool-worker-4] INFO  org.dromara.cloudeon.processor.ConfigTask - 完成配置文件生成：/Users/ycw/work/ycw/home_lab_shanghai/k8s/couldeon/cloudeon-assembly-v1.0.0-release/work/monitor1/k8s-worker-node2/conf/provisioning/datasources/prometheus-ds.yaml
2023-06-25 22:44:29.600 [ForkJoinPool.commonPool-worker-4] INFO  org.dromara.cloudeon.processor.ConfigTask - Scanning directory: /Users/ycw/work/ycw/home_lab_shanghai/k8s/couldeon/cloudeon-assembly-v1.0.0-release/stack/EDP-1.0.0/monitor/render/provisioning/dashboards
2023-06-25 22:44:29.601 [ForkJoinPool.commonPool-worker-4] INFO  org.dromara.cloudeon.processor.ConfigTask - File found: provisioning/dashboards/grafana.yaml.ftl
2023-06-25 22:44:29.602 [ForkJoinPool.commonPool-worker-4] INFO  org.dromara.cloudeon.processor.ConfigTask - 完成配置文件生成：/Users/ycw/work/ycw/home_lab_shanghai/k8s/couldeon/cloudeon-assembly-v1.0.0-release/work/monitor1/k8s-worker-node2/conf/provisioning/dashboards/grafana.yaml
2023-06-25 22:44:29.602 [ForkJoinPool.commonPool-worker-4] INFO  org.dromara.cloudeon.processor.ConfigTask - Scanning directory: /Users/ycw/work/ycw/home_lab_shanghai/k8s/couldeon/cloudeon-assembly-v1.0.0-release/stack/EDP-1.0.0/monitor/render/provisioning/dashboards/grafana
2023-06-25 22:44:29.603 [ForkJoinPool.commonPool-worker-4] INFO  org.dromara.cloudeon.processor.ConfigTask - File found: provisioning/dashboards/grafana/zookeeper.json
2023-06-25 22:44:29.603 [ForkJoinPool.commonPool-worker-4] INFO  org.dromara.cloudeon.processor.ConfigTask - 完成配置文件生成：/Users/ycw/work/ycw/home_lab_shanghai/k8s/couldeon/cloudeon-assembly-v1.0.0-release/work/monitor1/k8s-worker-node2/conf/provisioning/dashboards/grafana/zookeeper.json
2023-06-25 22:44:29.603 [ForkJoinPool.commonPool-worker-4] INFO  org.dromara.cloudeon.processor.ConfigTask - File found: provisioning/dashboards/grafana/dolphinscheduler.json
2023-06-25 22:44:29.604 [ForkJoinPool.commonPool-worker-4] INFO  org.dromara.cloudeon.processor.ConfigTask - 完成配置文件生成：/Users/ycw/work/ycw/home_lab_shanghai/k8s/couldeon/cloudeon-assembly-v1.0.0-release/work/monitor1/k8s-worker-node2/conf/provisioning/dashboards/grafana/dolphinscheduler.json
2023-06-25 22:44:29.604 [ForkJoinPool.commonPool-worker-4] INFO  org.dromara.cloudeon.processor.ConfigTask - File found: provisioning/dashboards/grafana/spark.json
2023-06-25 22:44:29.605 [ForkJoinPool.commonPool-worker-4] INFO  org.dromara.cloudeon.processor.ConfigTask - 完成配置文件生成：/Users/ycw/work/ycw/home_lab_shanghai/k8s/couldeon/cloudeon-assembly-v1.0.0-release/work/monitor1/k8s-worker-node2/conf/provisioning/dashboards/grafana/spark.json
2023-06-25 22:44:29.605 [ForkJoinPool.commonPool-worker-4] INFO  org.dromara.cloudeon.processor.ConfigTask - File found: provisioning/dashboards/grafana/kafka.json
2023-06-25 22:44:29.606 [ForkJoinPool.commonPool-worker-4] INFO  org.dromara.cloudeon.processor.ConfigTask - 完成配置文件生成：/Users/ycw/work/ycw/home_lab_shanghai/k8s/couldeon/cloudeon-assembly-v1.0.0-release/work/monitor1/k8s-worker-node2/conf/provisioning/dashboards/grafana/kafka.json
2023-06-25 22:44:29.606 [ForkJoinPool.commonPool-worker-4] INFO  org.dromara.cloudeon.processor.ConfigTask - File found: provisioning/dashboards/grafana/doris.json
2023-06-25 22:44:29.607 [ForkJoinPool.commonPool-worker-4] INFO  org.dromara.cloudeon.processor.ConfigTask - 完成配置文件生成：/Users/ycw/work/ycw/home_lab_shanghai/k8s/couldeon/cloudeon-assembly-v1.0.0-release/work/monitor1/k8s-worker-node2/conf/provisioning/dashboards/grafana/doris.json
2023-06-25 22:44:29.607 [ForkJoinPool.commonPool-worker-4] INFO  org.dromara.cloudeon.processor.ConfigTask - File found: provisioning/dashboards/grafana/flink.json
2023-06-25 22:44:29.608 [ForkJoinPool.commonPool-worker-4] INFO  org.dromara.cloudeon.processor.ConfigTask - 完成配置文件生成：/Users/ycw/work/ycw/home_lab_shanghai/k8s/couldeon/cloudeon-assembly-v1.0.0-release/work/monitor1/k8s-worker-node2/conf/provisioning/dashboards/grafana/flink.json
2023-06-25 22:44:29.608 [ForkJoinPool.commonPool-worker-4] INFO  org.dromara.cloudeon.processor.ConfigTask - File found: provisioning/dashboards/grafana/alertmanager.json
2023-06-25 22:44:29.609 [ForkJoinPool.commonPool-worker-4] INFO  org.dromara.cloudeon.processor.ConfigTask - 完成配置文件生成：/Users/ycw/work/ycw/home_lab_shanghai/k8s/couldeon/cloudeon-assembly-v1.0.0-release/work/monitor1/k8s-worker-node2/conf/provisioning/dashboards/grafana/alertmanager.json
2023-06-25 22:44:29.609 [ForkJoinPool.commonPool-worker-4] INFO  org.dromara.cloudeon.processor.ConfigTask - File found: provisioning/dashboards/grafana/hbase-new.json
2023-06-25 22:44:29.610 [ForkJoinPool.commonPool-worker-4] INFO  org.dromara.cloudeon.processor.ConfigTask - 完成配置文件生成：/Users/ycw/work/ycw/home_lab_shanghai/k8s/couldeon/cloudeon-assembly-v1.0.0-release/work/monitor1/k8s-worker-node2/conf/provisioning/dashboards/grafana/hbase-new.json
2023-06-25 22:44:29.611 [ForkJoinPool.commonPool-worker-4] INFO  org.dromara.cloudeon.processor.ConfigTask - File found: provisioning/dashboards/grafana/ranger.json
2023-06-25 22:44:29.611 [ForkJoinPool.commonPool-worker-4] INFO  org.dromara.cloudeon.processor.ConfigTask - 完成配置文件生成：/Users/ycw/work/ycw/home_lab_shanghai/k8s/couldeon/cloudeon-assembly-v1.0.0-release/work/monitor1/k8s-worker-node2/conf/provisioning/dashboards/grafana/ranger.json
2023-06-25 22:44:29.612 [ForkJoinPool.commonPool-worker-4] INFO  org.dromara.cloudeon.processor.ConfigTask - File found: provisioning/dashboards/grafana/jvm.json
2023-06-25 22:44:29.612 [ForkJoinPool.commonPool-worker-4] INFO  org.dromara.cloudeon.processor.ConfigTask - 完成配置文件生成：/Users/ycw/work/ycw/home_lab_shanghai/k8s/couldeon/cloudeon-assembly-v1.0.0-release/work/monitor1/k8s-worker-node2/conf/provisioning/dashboards/grafana/jvm.json
2023-06-25 22:44:29.613 [ForkJoinPool.commonPool-worker-4] INFO  org.dromara.cloudeon.processor.ConfigTask - File found: provisioning/dashboards/grafana/grafana.json
2023-06-25 22:44:29.613 [ForkJoinPool.commonPool-worker-4] INFO  org.dromara.cloudeon.processor.ConfigTask - 完成配置文件生成：/Users/ycw/work/ycw/home_lab_shanghai/k8s/couldeon/cloudeon-assembly-v1.0.0-release/work/monitor1/k8s-worker-node2/conf/provisioning/dashboards/grafana/grafana.json
2023-06-25 22:44:29.613 [ForkJoinPool.commonPool-worker-4] INFO  org.dromara.cloudeon.processor.ConfigTask - File found: provisioning/dashboards/grafana/yarn.json
2023-06-25 22:44:29.614 [ForkJoinPool.commonPool-worker-4] INFO  org.dromara.cloudeon.processor.ConfigTask - 完成配置文件生成：/Users/ycw/work/ycw/home_lab_shanghai/k8s/couldeon/cloudeon-assembly-v1.0.0-release/work/monitor1/k8s-worker-node2/conf/provisioning/dashboards/grafana/yarn.json
2023-06-25 22:44:29.614 [ForkJoinPool.commonPool-worker-4] INFO  org.dromara.cloudeon.processor.ConfigTask - File found: provisioning/dashboards/grafana/hdfs.json
2023-06-25 22:44:29.615 [ForkJoinPool.commonPool-worker-4] INFO  org.dromara.cloudeon.processor.ConfigTask - 完成配置文件生成：/Users/ycw/work/ycw/home_lab_shanghai/k8s/couldeon/cloudeon-assembly-v1.0.0-release/work/monitor1/k8s-worker-node2/conf/provisioning/dashboards/grafana/hdfs.json
2023-06-25 22:44:29.615 [ForkJoinPool.commonPool-worker-4] INFO  org.dromara.cloudeon.processor.ConfigTask - File found: provisioning/dashboards/grafana/zonglan.json
2023-06-25 22:44:29.616 [ForkJoinPool.commonPool-worker-4] INFO  org.dromara.cloudeon.processor.ConfigTask - 完成配置文件生成：/Users/ycw/work/ycw/home_lab_shanghai/k8s/couldeon/cloudeon-assembly-v1.0.0-release/work/monitor1/k8s-worker-node2/conf/provisioning/dashboards/grafana/zonglan.json
2023-06-25 22:44:29.617 [ForkJoinPool.commonPool-worker-4] INFO  org.dromara.cloudeon.processor.ConfigTask - File found: provisioning/dashboards/grafana/prometheus.json
2023-06-25 22:44:29.618 [ForkJoinPool.commonPool-worker-4] INFO  org.dromara.cloudeon.processor.ConfigTask - 完成配置文件生成：/Users/ycw/work/ycw/home_lab_shanghai/k8s/couldeon/cloudeon-assembly-v1.0.0-release/work/monitor1/k8s-worker-node2/conf/provisioning/dashboards/grafana/prometheus.json
2023-06-25 22:44:29.619 [ForkJoinPool.commonPool-worker-4] INFO  org.dromara.cloudeon.processor.ConfigTask - File found: provisioning/dashboards/grafana/one-node-detail.json
2023-06-25 22:44:29.620 [ForkJoinPool.commonPool-worker-4] INFO  org.dromara.cloudeon.processor.ConfigTask - 完成配置文件生成：/Users/ycw/work/ycw/home_lab_shanghai/k8s/couldeon/cloudeon-assembly-v1.0.0-release/work/monitor1/k8s-worker-node2/conf/provisioning/dashboards/grafana/one-node-detail.json
2023-06-25 22:44:29.621 [ForkJoinPool.commonPool-worker-4] INFO  org.dromara.cloudeon.processor.ConfigTask - File found: provisioning/dashboards/grafana/hive.json
2023-06-25 22:44:29.622 [ForkJoinPool.commonPool-worker-4] INFO  org.dromara.cloudeon.processor.ConfigTask - 完成配置文件生成：/Users/ycw/work/ycw/home_lab_shanghai/k8s/couldeon/cloudeon-assembly-v1.0.0-release/work/monitor1/k8s-worker-node2/conf/provisioning/dashboards/grafana/hive.json
2023-06-25 22:44:29.623 [ForkJoinPool.commonPool-worker-4] INFO  org.dromara.cloudeon.processor.ConfigTask - File found: provisioning/dashboards/grafana/node-info.json
2023-06-25 22:44:29.624 [ForkJoinPool.commonPool-worker-4] INFO  org.dromara.cloudeon.processor.ConfigTask - 完成配置文件生成：/Users/ycw/work/ycw/home_lab_shanghai/k8s/couldeon/cloudeon-assembly-v1.0.0-release/work/monitor1/k8s-worker-node2/conf/provisioning/dashboards/grafana/node-info.json
2023-06-25 22:44:29.625 [ForkJoinPool.commonPool-worker-4] INFO  org.dromara.cloudeon.processor.ConfigTask - File found: provisioning/dashboards/grafana/hbase.json
2023-06-25 22:44:29.626 [ForkJoinPool.commonPool-worker-4] INFO  org.dromara.cloudeon.processor.ConfigTask - 完成配置文件生成：/Users/ycw/work/ycw/home_lab_shanghai/k8s/couldeon/cloudeon-assembly-v1.0.0-release/work/monitor1/k8s-worker-node2/conf/provisioning/dashboards/grafana/hbase.json
2023-06-25 22:44:29.627 [ForkJoinPool.commonPool-worker-4] INFO  org.dromara.cloudeon.processor.ConfigTask - File found: provisioning/dashboards/grafana/kafka-metrics.json
2023-06-25 22:44:29.628 [ForkJoinPool.commonPool-worker-4] INFO  org.dromara.cloudeon.processor.ConfigTask - 完成配置文件生成：/Users/ycw/work/ycw/home_lab_shanghai/k8s/couldeon/cloudeon-assembly-v1.0.0-release/work/monitor1/k8s-worker-node2/conf/provisioning/dashboards/grafana/kafka-metrics.json
2023-06-25 22:44:29.629 [ForkJoinPool.commonPool-worker-4] INFO  org.dromara.cloudeon.processor.ConfigTask - File found: provisioning/dashboards/grafana/trion.json
2023-06-25 22:44:29.629 [ForkJoinPool.commonPool-worker-4] INFO  org.dromara.cloudeon.processor.ConfigTask - 完成配置文件生成：/Users/ycw/work/ycw/home_lab_shanghai/k8s/couldeon/cloudeon-assembly-v1.0.0-release/work/monitor1/k8s-worker-node2/conf/provisioning/dashboards/grafana/trion.json
2023-06-25 22:44:29.630 [ForkJoinPool.commonPool-worker-4] INFO  org.dromara.cloudeon.processor.ConfigTask - Scanning directory: /Users/ycw/work/ycw/home_lab_shanghai/k8s/couldeon/cloudeon-assembly-v1.0.0-release/stack/EDP-1.0.0/monitor/render/rule
2023-06-25 22:44:29.630 [ForkJoinPool.commonPool-worker-4] INFO  org.dromara.cloudeon.processor.ConfigTask - File found: rule/rules-internal.yml.ftl
2023-06-25 22:44:29.632 [ForkJoinPool.commonPool-worker-4] INFO  org.dromara.cloudeon.processor.ConfigTask - 完成配置文件生成：/Users/ycw/work/ycw/home_lab_shanghai/k8s/couldeon/cloudeon-assembly-v1.0.0-release/work/monitor1/k8s-worker-node2/conf/rule/rules-internal.yml
2023-06-25 22:44:29.633 [ForkJoinPool.commonPool-worker-4] INFO  org.dromara.cloudeon.processor.ConfigTask - File found: rule/rules-alert.yml
2023-06-25 22:44:29.633 [ForkJoinPool.commonPool-worker-4] INFO  org.dromara.cloudeon.processor.ConfigTask - 完成配置文件生成：/Users/ycw/work/ycw/home_lab_shanghai/k8s/couldeon/cloudeon-assembly-v1.0.0-release/work/monitor1/k8s-worker-node2/conf/rule/rules-alert.yml
2023-06-25 22:44:29.634 [ForkJoinPool.commonPool-worker-4] INFO  org.dromara.cloudeon.processor.ConfigTask - File found: alertmanager.yml.ftl
2023-06-25 22:44:29.635 [ForkJoinPool.commonPool-worker-4] INFO  org.dromara.cloudeon.processor.ConfigTask - 完成配置文件生成：/Users/ycw/work/ycw/home_lab_shanghai/k8s/couldeon/cloudeon-assembly-v1.0.0-release/work/monitor1/k8s-worker-node2/conf/alertmanager.yml
2023-06-25 22:44:29.635 [ForkJoinPool.commonPool-worker-4] INFO  org.dromara.cloudeon.processor.ConfigTask - File found: prometheus-bootstrap.sh.ftl
2023-06-25 22:44:29.636 [ForkJoinPool.commonPool-worker-4] INFO  org.dromara.cloudeon.processor.ConfigTask - 完成配置文件生成：/Users/ycw/work/ycw/home_lab_shanghai/k8s/couldeon/cloudeon-assembly-v1.0.0-release/work/monitor1/k8s-worker-node2/conf/prometheus-bootstrap.sh
2023-06-25 22:44:29.637 [ForkJoinPool.commonPool-worker-4] INFO  org.dromara.cloudeon.processor.ConfigTask - File found: alertmanager-bootstrap.sh.ftl
2023-06-25 22:44:29.638 [ForkJoinPool.commonPool-worker-4] INFO  org.dromara.cloudeon.processor.ConfigTask - 完成配置文件生成：/Users/ycw/work/ycw/home_lab_shanghai/k8s/couldeon/cloudeon-assembly-v1.0.0-release/work/monitor1/k8s-worker-node2/conf/alertmanager-bootstrap.sh
2023-06-25 22:44:29.708 [ForkJoinPool.commonPool-worker-4] INFO  org.dromara.cloudeon.processor.ConfigTask - 拷贝本地配置目录：/Users/ycw/work/ycw/home_lab_shanghai/k8s/couldeon/cloudeon-assembly-v1.0.0-release/work/monitor1/k8s-worker-node2/conf 到节点k8s-worker-node2的：/opt/edp/monitor1/conf/
2023-06-25 22:44:30.314 [ForkJoinPool.commonPool-worker-4] INFO  org.dromara.cloudeon.processor.ConfigTask - 成功拷贝本地配置目录：/Users/ycw/work/ycw/home_lab_shanghai/k8s/couldeon/cloudeon-assembly-v1.0.0-release/work/monitor1/k8s-worker-node2/conf 到节点k8s-worker-node2的：/opt/edp/monitor1/conf/
2023-06-25 22:44:30.314 [ForkJoinPool.commonPool-worker-4] INFO  org.dromara.cloudeon.processor.ConfigTask - 赋予conf目录下sh脚本执行权限：chmod +x /opt/edp/monitor1/conf//*.sh
2023-06-25 22:44:30.353 [ForkJoinPool.commonPool-worker-4] INFO  org.dromara.cloudeon.processor.ConfigTask - command task：31 结束, 记录到数据库
2023-06-25 22:44:30.356 [ForkJoinPool.commonPool-worker-4] INFO  org.dromara.cloudeon.processor.ConfigTask - close sifting Appender of `2-31`
2023-06-26 13:50:07.027 [ForkJoinPool.commonPool-worker-6] INFO  org.dromara.cloudeon.processor.ConfigTask - command task：31 开始, 记录到数据库
2023-06-26 13:50:07.035 [ForkJoinPool.commonPool-worker-6] INFO  org.dromara.cloudeon.processor.ConfigTask - 加载配置文件模板目录：/Users/ycw/work/ycw/home_lab_shanghai/k8s/couldeon/cloudeon-assembly-v1.0.0-release/stack/EDP-1.0.0/zookeeper/render
2023-06-26 13:50:07.040 [ForkJoinPool.commonPool-worker-6] INFO  org.dromara.cloudeon.processor.ConfigTask - Scanning directory: /Users/ycw/work/ycw/home_lab_shanghai/k8s/couldeon/cloudeon-assembly-v1.0.0-release/stack/EDP-1.0.0/zookeeper/render
2023-06-26 13:50:07.040 [ForkJoinPool.commonPool-worker-6] INFO  org.dromara.cloudeon.processor.ConfigTask - File found: zoo.cfg.ftl
2023-06-26 13:50:07.042 [ForkJoinPool.commonPool-worker-6] INFO  org.dromara.cloudeon.processor.ConfigTask - 完成配置文件生成：/Users/ycw/work/ycw/home_lab_shanghai/k8s/couldeon/cloudeon-assembly-v1.0.0-release/work/zookeeper1/k8s-worker-node2/conf/zoo.cfg
2023-06-26 13:50:07.042 [ForkJoinPool.commonPool-worker-6] INFO  org.dromara.cloudeon.processor.ConfigTask - File found: jmx_zookeeper.yaml
2023-06-26 13:50:07.043 [ForkJoinPool.commonPool-worker-6] INFO  org.dromara.cloudeon.processor.ConfigTask - 完成配置文件生成：/Users/ycw/work/ycw/home_lab_shanghai/k8s/couldeon/cloudeon-assembly-v1.0.0-release/work/zookeeper1/k8s-worker-node2/conf/jmx_zookeeper.yaml
2023-06-26 13:50:07.043 [ForkJoinPool.commonPool-worker-6] INFO  org.dromara.cloudeon.processor.ConfigTask - File found: myid.ftl
2023-06-26 13:50:07.045 [ForkJoinPool.commonPool-worker-6] INFO  org.dromara.cloudeon.processor.ConfigTask - 完成配置文件生成：/Users/ycw/work/ycw/home_lab_shanghai/k8s/couldeon/cloudeon-assembly-v1.0.0-release/work/zookeeper1/k8s-worker-node2/conf/myid
2023-06-26 13:50:07.045 [ForkJoinPool.commonPool-worker-6] INFO  org.dromara.cloudeon.processor.ConfigTask - File found: zookeeper-env.sh.ftl
2023-06-26 13:50:07.047 [ForkJoinPool.commonPool-worker-6] INFO  org.dromara.cloudeon.processor.ConfigTask - 完成配置文件生成：/Users/ycw/work/ycw/home_lab_shanghai/k8s/couldeon/cloudeon-assembly-v1.0.0-release/work/zookeeper1/k8s-worker-node2/conf/zookeeper-env.sh
2023-06-26 13:50:07.047 [ForkJoinPool.commonPool-worker-6] INFO  org.dromara.cloudeon.processor.ConfigTask - File found: log4j.properties
2023-06-26 13:50:07.048 [ForkJoinPool.commonPool-worker-6] INFO  org.dromara.cloudeon.processor.ConfigTask - 完成配置文件生成：/Users/ycw/work/ycw/home_lab_shanghai/k8s/couldeon/cloudeon-assembly-v1.0.0-release/work/zookeeper1/k8s-worker-node2/conf/log4j.properties
2023-06-26 13:50:07.073 [ForkJoinPool.commonPool-worker-6] INFO  org.dromara.cloudeon.processor.ConfigTask - 拷贝本地配置目录：/Users/ycw/work/ycw/home_lab_shanghai/k8s/couldeon/cloudeon-assembly-v1.0.0-release/work/zookeeper1/k8s-worker-node2/conf 到节点k8s-worker-node2的：/opt/edp/zookeeper1/conf/
2023-06-26 13:50:07.223 [ForkJoinPool.commonPool-worker-6] INFO  org.dromara.cloudeon.processor.ConfigTask - 成功拷贝本地配置目录：/Users/ycw/work/ycw/home_lab_shanghai/k8s/couldeon/cloudeon-assembly-v1.0.0-release/work/zookeeper1/k8s-worker-node2/conf 到节点k8s-worker-node2的：/opt/edp/zookeeper1/conf/
2023-06-26 13:50:07.223 [ForkJoinPool.commonPool-worker-6] INFO  org.dromara.cloudeon.processor.ConfigTask - 赋予conf目录下sh脚本执行权限：chmod +x /opt/edp/zookeeper1/conf//*.sh
2023-06-26 13:50:07.288 [ForkJoinPool.commonPool-worker-6] INFO  org.dromara.cloudeon.processor.ConfigTask - 移动myid文件到data目录 /opt/edp/zookeeper1/data
2023-06-26 13:50:07.288 [ForkJoinPool.commonPool-worker-6] INFO  org.dromara.cloudeon.processor.ConfigTask - ssh执行命令： mv /opt/edp/zookeeper1/conf//myid /opt/edp/zookeeper1/data
2023-06-26 13:50:07.395 [ForkJoinPool.commonPool-worker-6] INFO  org.dromara.cloudeon.processor.ConfigTask - command task：31 结束, 记录到数据库
2023-06-26 13:50:07.398 [ForkJoinPool.commonPool-worker-6] INFO  org.dromara.cloudeon.processor.ConfigTask - close sifting Appender of `2-31`
