2023-06-25 22:44:31.211 [ForkJoinPool.commonPool-worker-4] INFO  org.dromara.cloudeon.processor.ConfigTask - command task：33 开始, 记录到数据库
2023-06-25 22:44:31.224 [ForkJoinPool.commonPool-worker-4] INFO  org.dromara.cloudeon.processor.ConfigTask - 加载配置文件模板目录：/Users/ycw/work/ycw/home_lab_shanghai/k8s/couldeon/cloudeon-assembly-v1.0.0-release/stack/EDP-1.0.0/monitor/render
2023-06-25 22:44:31.232 [ForkJoinPool.commonPool-worker-4] INFO  org.dromara.cloudeon.processor.ConfigTask - Scanning directory: /Users/ycw/work/ycw/home_lab_shanghai/k8s/couldeon/cloudeon-assembly-v1.0.0-release/stack/EDP-1.0.0/monitor/render
2023-06-25 22:44:31.232 [ForkJoinPool.commonPool-worker-4] INFO  org.dromara.cloudeon.processor.ConfigTask - File found: prometheus.yml.ftl
2023-06-25 22:44:31.234 [ForkJoinPool.commonPool-worker-4] INFO  org.dromara.cloudeon.processor.ConfigTask - 完成配置文件生成：/Users/ycw/work/ycw/home_lab_shanghai/k8s/couldeon/cloudeon-assembly-v1.0.0-release/work/monitor1/k8s-worker-node3/conf/prometheus.yml
2023-06-25 22:44:31.235 [ForkJoinPool.commonPool-worker-4] INFO  org.dromara.cloudeon.processor.ConfigTask - File found: grafana-bootstrap.sh.ftl
2023-06-25 22:44:31.236 [ForkJoinPool.commonPool-worker-4] INFO  org.dromara.cloudeon.processor.ConfigTask - 完成配置文件生成：/Users/ycw/work/ycw/home_lab_shanghai/k8s/couldeon/cloudeon-assembly-v1.0.0-release/work/monitor1/k8s-worker-node3/conf/grafana-bootstrap.sh
2023-06-25 22:44:31.236 [ForkJoinPool.commonPool-worker-4] INFO  org.dromara.cloudeon.processor.ConfigTask - File found: nodeexporter-bootstrap.sh.ftl
2023-06-25 22:44:31.237 [ForkJoinPool.commonPool-worker-4] INFO  org.dromara.cloudeon.processor.ConfigTask - 完成配置文件生成：/Users/ycw/work/ycw/home_lab_shanghai/k8s/couldeon/cloudeon-assembly-v1.0.0-release/work/monitor1/k8s-worker-node3/conf/nodeexporter-bootstrap.sh
2023-06-25 22:44:31.237 [ForkJoinPool.commonPool-worker-4] INFO  org.dromara.cloudeon.processor.ConfigTask - File found: grafana.ini.ftl
2023-06-25 22:44:31.248 [ForkJoinPool.commonPool-worker-4] INFO  org.dromara.cloudeon.processor.ConfigTask - 完成配置文件生成：/Users/ycw/work/ycw/home_lab_shanghai/k8s/couldeon/cloudeon-assembly-v1.0.0-release/work/monitor1/k8s-worker-node3/conf/grafana.ini
2023-06-25 22:44:31.249 [ForkJoinPool.commonPool-worker-4] INFO  org.dromara.cloudeon.processor.ConfigTask - Scanning directory: /Users/ycw/work/ycw/home_lab_shanghai/k8s/couldeon/cloudeon-assembly-v1.0.0-release/stack/EDP-1.0.0/monitor/render/provisioning
2023-06-25 22:44:31.250 [ForkJoinPool.commonPool-worker-4] INFO  org.dromara.cloudeon.processor.ConfigTask - Scanning directory: /Users/ycw/work/ycw/home_lab_shanghai/k8s/couldeon/cloudeon-assembly-v1.0.0-release/stack/EDP-1.0.0/monitor/render/provisioning/datasources
2023-06-25 22:44:31.250 [ForkJoinPool.commonPool-worker-4] INFO  org.dromara.cloudeon.processor.ConfigTask - File found: provisioning/datasources/prometheus-ds.yaml.ftl
2023-06-25 22:44:31.251 [ForkJoinPool.commonPool-worker-4] INFO  org.dromara.cloudeon.processor.ConfigTask - 完成配置文件生成：/Users/ycw/work/ycw/home_lab_shanghai/k8s/couldeon/cloudeon-assembly-v1.0.0-release/work/monitor1/k8s-worker-node3/conf/provisioning/datasources/prometheus-ds.yaml
2023-06-25 22:44:31.251 [ForkJoinPool.commonPool-worker-4] INFO  org.dromara.cloudeon.processor.ConfigTask - Scanning directory: /Users/ycw/work/ycw/home_lab_shanghai/k8s/couldeon/cloudeon-assembly-v1.0.0-release/stack/EDP-1.0.0/monitor/render/provisioning/dashboards
2023-06-25 22:44:31.251 [ForkJoinPool.commonPool-worker-4] INFO  org.dromara.cloudeon.processor.ConfigTask - File found: provisioning/dashboards/grafana.yaml.ftl
2023-06-25 22:44:31.252 [ForkJoinPool.commonPool-worker-4] INFO  org.dromara.cloudeon.processor.ConfigTask - 完成配置文件生成：/Users/ycw/work/ycw/home_lab_shanghai/k8s/couldeon/cloudeon-assembly-v1.0.0-release/work/monitor1/k8s-worker-node3/conf/provisioning/dashboards/grafana.yaml
2023-06-25 22:44:31.252 [ForkJoinPool.commonPool-worker-4] INFO  org.dromara.cloudeon.processor.ConfigTask - Scanning directory: /Users/ycw/work/ycw/home_lab_shanghai/k8s/couldeon/cloudeon-assembly-v1.0.0-release/stack/EDP-1.0.0/monitor/render/provisioning/dashboards/grafana
2023-06-25 22:44:31.252 [ForkJoinPool.commonPool-worker-4] INFO  org.dromara.cloudeon.processor.ConfigTask - File found: provisioning/dashboards/grafana/zookeeper.json
2023-06-25 22:44:31.253 [ForkJoinPool.commonPool-worker-4] INFO  org.dromara.cloudeon.processor.ConfigTask - 完成配置文件生成：/Users/ycw/work/ycw/home_lab_shanghai/k8s/couldeon/cloudeon-assembly-v1.0.0-release/work/monitor1/k8s-worker-node3/conf/provisioning/dashboards/grafana/zookeeper.json
2023-06-25 22:44:31.253 [ForkJoinPool.commonPool-worker-4] INFO  org.dromara.cloudeon.processor.ConfigTask - File found: provisioning/dashboards/grafana/dolphinscheduler.json
2023-06-25 22:44:31.254 [ForkJoinPool.commonPool-worker-4] INFO  org.dromara.cloudeon.processor.ConfigTask - 完成配置文件生成：/Users/ycw/work/ycw/home_lab_shanghai/k8s/couldeon/cloudeon-assembly-v1.0.0-release/work/monitor1/k8s-worker-node3/conf/provisioning/dashboards/grafana/dolphinscheduler.json
2023-06-25 22:44:31.254 [ForkJoinPool.commonPool-worker-4] INFO  org.dromara.cloudeon.processor.ConfigTask - File found: provisioning/dashboards/grafana/spark.json
2023-06-25 22:44:31.255 [ForkJoinPool.commonPool-worker-4] INFO  org.dromara.cloudeon.processor.ConfigTask - 完成配置文件生成：/Users/ycw/work/ycw/home_lab_shanghai/k8s/couldeon/cloudeon-assembly-v1.0.0-release/work/monitor1/k8s-worker-node3/conf/provisioning/dashboards/grafana/spark.json
2023-06-25 22:44:31.255 [ForkJoinPool.commonPool-worker-4] INFO  org.dromara.cloudeon.processor.ConfigTask - File found: provisioning/dashboards/grafana/kafka.json
2023-06-25 22:44:31.255 [ForkJoinPool.commonPool-worker-4] INFO  org.dromara.cloudeon.processor.ConfigTask - 完成配置文件生成：/Users/ycw/work/ycw/home_lab_shanghai/k8s/couldeon/cloudeon-assembly-v1.0.0-release/work/monitor1/k8s-worker-node3/conf/provisioning/dashboards/grafana/kafka.json
2023-06-25 22:44:31.255 [ForkJoinPool.commonPool-worker-4] INFO  org.dromara.cloudeon.processor.ConfigTask - File found: provisioning/dashboards/grafana/doris.json
2023-06-25 22:44:31.256 [ForkJoinPool.commonPool-worker-4] INFO  org.dromara.cloudeon.processor.ConfigTask - 完成配置文件生成：/Users/ycw/work/ycw/home_lab_shanghai/k8s/couldeon/cloudeon-assembly-v1.0.0-release/work/monitor1/k8s-worker-node3/conf/provisioning/dashboards/grafana/doris.json
2023-06-25 22:44:31.257 [ForkJoinPool.commonPool-worker-4] INFO  org.dromara.cloudeon.processor.ConfigTask - File found: provisioning/dashboards/grafana/flink.json
2023-06-25 22:44:31.258 [ForkJoinPool.commonPool-worker-4] INFO  org.dromara.cloudeon.processor.ConfigTask - 完成配置文件生成：/Users/ycw/work/ycw/home_lab_shanghai/k8s/couldeon/cloudeon-assembly-v1.0.0-release/work/monitor1/k8s-worker-node3/conf/provisioning/dashboards/grafana/flink.json
2023-06-25 22:44:31.258 [ForkJoinPool.commonPool-worker-4] INFO  org.dromara.cloudeon.processor.ConfigTask - File found: provisioning/dashboards/grafana/alertmanager.json
2023-06-25 22:44:31.258 [ForkJoinPool.commonPool-worker-4] INFO  org.dromara.cloudeon.processor.ConfigTask - 完成配置文件生成：/Users/ycw/work/ycw/home_lab_shanghai/k8s/couldeon/cloudeon-assembly-v1.0.0-release/work/monitor1/k8s-worker-node3/conf/provisioning/dashboards/grafana/alertmanager.json
2023-06-25 22:44:31.259 [ForkJoinPool.commonPool-worker-4] INFO  org.dromara.cloudeon.processor.ConfigTask - File found: provisioning/dashboards/grafana/hbase-new.json
2023-06-25 22:44:31.260 [ForkJoinPool.commonPool-worker-4] INFO  org.dromara.cloudeon.processor.ConfigTask - 完成配置文件生成：/Users/ycw/work/ycw/home_lab_shanghai/k8s/couldeon/cloudeon-assembly-v1.0.0-release/work/monitor1/k8s-worker-node3/conf/provisioning/dashboards/grafana/hbase-new.json
2023-06-25 22:44:31.260 [ForkJoinPool.commonPool-worker-4] INFO  org.dromara.cloudeon.processor.ConfigTask - File found: provisioning/dashboards/grafana/ranger.json
2023-06-25 22:44:31.260 [ForkJoinPool.commonPool-worker-4] INFO  org.dromara.cloudeon.processor.ConfigTask - 完成配置文件生成：/Users/ycw/work/ycw/home_lab_shanghai/k8s/couldeon/cloudeon-assembly-v1.0.0-release/work/monitor1/k8s-worker-node3/conf/provisioning/dashboards/grafana/ranger.json
2023-06-25 22:44:31.261 [ForkJoinPool.commonPool-worker-4] INFO  org.dromara.cloudeon.processor.ConfigTask - File found: provisioning/dashboards/grafana/jvm.json
2023-06-25 22:44:31.261 [ForkJoinPool.commonPool-worker-4] INFO  org.dromara.cloudeon.processor.ConfigTask - 完成配置文件生成：/Users/ycw/work/ycw/home_lab_shanghai/k8s/couldeon/cloudeon-assembly-v1.0.0-release/work/monitor1/k8s-worker-node3/conf/provisioning/dashboards/grafana/jvm.json
2023-06-25 22:44:31.261 [ForkJoinPool.commonPool-worker-4] INFO  org.dromara.cloudeon.processor.ConfigTask - File found: provisioning/dashboards/grafana/grafana.json
2023-06-25 22:44:31.261 [ForkJoinPool.commonPool-worker-4] INFO  org.dromara.cloudeon.processor.ConfigTask - 完成配置文件生成：/Users/ycw/work/ycw/home_lab_shanghai/k8s/couldeon/cloudeon-assembly-v1.0.0-release/work/monitor1/k8s-worker-node3/conf/provisioning/dashboards/grafana/grafana.json
2023-06-25 22:44:31.262 [ForkJoinPool.commonPool-worker-4] INFO  org.dromara.cloudeon.processor.ConfigTask - File found: provisioning/dashboards/grafana/yarn.json
2023-06-25 22:44:31.262 [ForkJoinPool.commonPool-worker-4] INFO  org.dromara.cloudeon.processor.ConfigTask - 完成配置文件生成：/Users/ycw/work/ycw/home_lab_shanghai/k8s/couldeon/cloudeon-assembly-v1.0.0-release/work/monitor1/k8s-worker-node3/conf/provisioning/dashboards/grafana/yarn.json
2023-06-25 22:44:31.263 [ForkJoinPool.commonPool-worker-4] INFO  org.dromara.cloudeon.processor.ConfigTask - File found: provisioning/dashboards/grafana/hdfs.json
2023-06-25 22:44:31.263 [ForkJoinPool.commonPool-worker-4] INFO  org.dromara.cloudeon.processor.ConfigTask - 完成配置文件生成：/Users/ycw/work/ycw/home_lab_shanghai/k8s/couldeon/cloudeon-assembly-v1.0.0-release/work/monitor1/k8s-worker-node3/conf/provisioning/dashboards/grafana/hdfs.json
2023-06-25 22:44:31.263 [ForkJoinPool.commonPool-worker-4] INFO  org.dromara.cloudeon.processor.ConfigTask - File found: provisioning/dashboards/grafana/zonglan.json
2023-06-25 22:44:31.264 [ForkJoinPool.commonPool-worker-4] INFO  org.dromara.cloudeon.processor.ConfigTask - 完成配置文件生成：/Users/ycw/work/ycw/home_lab_shanghai/k8s/couldeon/cloudeon-assembly-v1.0.0-release/work/monitor1/k8s-worker-node3/conf/provisioning/dashboards/grafana/zonglan.json
2023-06-25 22:44:31.264 [ForkJoinPool.commonPool-worker-4] INFO  org.dromara.cloudeon.processor.ConfigTask - File found: provisioning/dashboards/grafana/prometheus.json
2023-06-25 22:44:31.265 [ForkJoinPool.commonPool-worker-4] INFO  org.dromara.cloudeon.processor.ConfigTask - 完成配置文件生成：/Users/ycw/work/ycw/home_lab_shanghai/k8s/couldeon/cloudeon-assembly-v1.0.0-release/work/monitor1/k8s-worker-node3/conf/provisioning/dashboards/grafana/prometheus.json
2023-06-25 22:44:31.265 [ForkJoinPool.commonPool-worker-4] INFO  org.dromara.cloudeon.processor.ConfigTask - File found: provisioning/dashboards/grafana/one-node-detail.json
2023-06-25 22:44:31.265 [ForkJoinPool.commonPool-worker-4] INFO  org.dromara.cloudeon.processor.ConfigTask - 完成配置文件生成：/Users/ycw/work/ycw/home_lab_shanghai/k8s/couldeon/cloudeon-assembly-v1.0.0-release/work/monitor1/k8s-worker-node3/conf/provisioning/dashboards/grafana/one-node-detail.json
2023-06-25 22:44:31.265 [ForkJoinPool.commonPool-worker-4] INFO  org.dromara.cloudeon.processor.ConfigTask - File found: provisioning/dashboards/grafana/hive.json
2023-06-25 22:44:31.266 [ForkJoinPool.commonPool-worker-4] INFO  org.dromara.cloudeon.processor.ConfigTask - 完成配置文件生成：/Users/ycw/work/ycw/home_lab_shanghai/k8s/couldeon/cloudeon-assembly-v1.0.0-release/work/monitor1/k8s-worker-node3/conf/provisioning/dashboards/grafana/hive.json
2023-06-25 22:44:31.266 [ForkJoinPool.commonPool-worker-4] INFO  org.dromara.cloudeon.processor.ConfigTask - File found: provisioning/dashboards/grafana/node-info.json
2023-06-25 22:44:31.267 [ForkJoinPool.commonPool-worker-4] INFO  org.dromara.cloudeon.processor.ConfigTask - 完成配置文件生成：/Users/ycw/work/ycw/home_lab_shanghai/k8s/couldeon/cloudeon-assembly-v1.0.0-release/work/monitor1/k8s-worker-node3/conf/provisioning/dashboards/grafana/node-info.json
2023-06-25 22:44:31.267 [ForkJoinPool.commonPool-worker-4] INFO  org.dromara.cloudeon.processor.ConfigTask - File found: provisioning/dashboards/grafana/hbase.json
2023-06-25 22:44:31.267 [ForkJoinPool.commonPool-worker-4] INFO  org.dromara.cloudeon.processor.ConfigTask - 完成配置文件生成：/Users/ycw/work/ycw/home_lab_shanghai/k8s/couldeon/cloudeon-assembly-v1.0.0-release/work/monitor1/k8s-worker-node3/conf/provisioning/dashboards/grafana/hbase.json
2023-06-25 22:44:31.267 [ForkJoinPool.commonPool-worker-4] INFO  org.dromara.cloudeon.processor.ConfigTask - File found: provisioning/dashboards/grafana/kafka-metrics.json
2023-06-25 22:44:31.268 [ForkJoinPool.commonPool-worker-4] INFO  org.dromara.cloudeon.processor.ConfigTask - 完成配置文件生成：/Users/ycw/work/ycw/home_lab_shanghai/k8s/couldeon/cloudeon-assembly-v1.0.0-release/work/monitor1/k8s-worker-node3/conf/provisioning/dashboards/grafana/kafka-metrics.json
2023-06-25 22:44:31.268 [ForkJoinPool.commonPool-worker-4] INFO  org.dromara.cloudeon.processor.ConfigTask - File found: provisioning/dashboards/grafana/trion.json
2023-06-25 22:44:31.268 [ForkJoinPool.commonPool-worker-4] INFO  org.dromara.cloudeon.processor.ConfigTask - 完成配置文件生成：/Users/ycw/work/ycw/home_lab_shanghai/k8s/couldeon/cloudeon-assembly-v1.0.0-release/work/monitor1/k8s-worker-node3/conf/provisioning/dashboards/grafana/trion.json
2023-06-25 22:44:31.269 [ForkJoinPool.commonPool-worker-4] INFO  org.dromara.cloudeon.processor.ConfigTask - Scanning directory: /Users/ycw/work/ycw/home_lab_shanghai/k8s/couldeon/cloudeon-assembly-v1.0.0-release/stack/EDP-1.0.0/monitor/render/rule
2023-06-25 22:44:31.269 [ForkJoinPool.commonPool-worker-4] INFO  org.dromara.cloudeon.processor.ConfigTask - File found: rule/rules-internal.yml.ftl
2023-06-25 22:44:31.270 [ForkJoinPool.commonPool-worker-4] INFO  org.dromara.cloudeon.processor.ConfigTask - 完成配置文件生成：/Users/ycw/work/ycw/home_lab_shanghai/k8s/couldeon/cloudeon-assembly-v1.0.0-release/work/monitor1/k8s-worker-node3/conf/rule/rules-internal.yml
2023-06-25 22:44:31.270 [ForkJoinPool.commonPool-worker-4] INFO  org.dromara.cloudeon.processor.ConfigTask - File found: rule/rules-alert.yml
2023-06-25 22:44:31.270 [ForkJoinPool.commonPool-worker-4] INFO  org.dromara.cloudeon.processor.ConfigTask - 完成配置文件生成：/Users/ycw/work/ycw/home_lab_shanghai/k8s/couldeon/cloudeon-assembly-v1.0.0-release/work/monitor1/k8s-worker-node3/conf/rule/rules-alert.yml
2023-06-25 22:44:31.271 [ForkJoinPool.commonPool-worker-4] INFO  org.dromara.cloudeon.processor.ConfigTask - File found: alertmanager.yml.ftl
2023-06-25 22:44:31.272 [ForkJoinPool.commonPool-worker-4] INFO  org.dromara.cloudeon.processor.ConfigTask - 完成配置文件生成：/Users/ycw/work/ycw/home_lab_shanghai/k8s/couldeon/cloudeon-assembly-v1.0.0-release/work/monitor1/k8s-worker-node3/conf/alertmanager.yml
2023-06-25 22:44:31.272 [ForkJoinPool.commonPool-worker-4] INFO  org.dromara.cloudeon.processor.ConfigTask - File found: prometheus-bootstrap.sh.ftl
2023-06-25 22:44:31.274 [ForkJoinPool.commonPool-worker-4] INFO  org.dromara.cloudeon.processor.ConfigTask - 完成配置文件生成：/Users/ycw/work/ycw/home_lab_shanghai/k8s/couldeon/cloudeon-assembly-v1.0.0-release/work/monitor1/k8s-worker-node3/conf/prometheus-bootstrap.sh
2023-06-25 22:44:31.274 [ForkJoinPool.commonPool-worker-4] INFO  org.dromara.cloudeon.processor.ConfigTask - File found: alertmanager-bootstrap.sh.ftl
2023-06-25 22:44:31.276 [ForkJoinPool.commonPool-worker-4] INFO  org.dromara.cloudeon.processor.ConfigTask - 完成配置文件生成：/Users/ycw/work/ycw/home_lab_shanghai/k8s/couldeon/cloudeon-assembly-v1.0.0-release/work/monitor1/k8s-worker-node3/conf/alertmanager-bootstrap.sh
2023-06-25 22:44:31.341 [ForkJoinPool.commonPool-worker-4] INFO  org.dromara.cloudeon.processor.ConfigTask - 拷贝本地配置目录：/Users/ycw/work/ycw/home_lab_shanghai/k8s/couldeon/cloudeon-assembly-v1.0.0-release/work/monitor1/k8s-worker-node3/conf 到节点k8s-worker-node3的：/opt/edp/monitor1/conf/
2023-06-25 22:44:31.936 [ForkJoinPool.commonPool-worker-4] INFO  org.dromara.cloudeon.processor.ConfigTask - 成功拷贝本地配置目录：/Users/ycw/work/ycw/home_lab_shanghai/k8s/couldeon/cloudeon-assembly-v1.0.0-release/work/monitor1/k8s-worker-node3/conf 到节点k8s-worker-node3的：/opt/edp/monitor1/conf/
2023-06-25 22:44:31.937 [ForkJoinPool.commonPool-worker-4] INFO  org.dromara.cloudeon.processor.ConfigTask - 赋予conf目录下sh脚本执行权限：chmod +x /opt/edp/monitor1/conf//*.sh
2023-06-25 22:44:31.960 [ForkJoinPool.commonPool-worker-4] INFO  org.dromara.cloudeon.processor.ConfigTask - command task：33 结束, 记录到数据库
2023-06-25 22:44:31.964 [ForkJoinPool.commonPool-worker-4] INFO  org.dromara.cloudeon.processor.ConfigTask - close sifting Appender of `2-33`
2023-06-26 13:50:08.042 [ForkJoinPool.commonPool-worker-6] INFO  org.dromara.cloudeon.processor.TagHostLabelTask - command task：33 开始, 记录到数据库
2023-06-26 13:50:08.047 [ForkJoinPool.commonPool-worker-6] INFO  org.dromara.cloudeon.processor.TagHostLabelTask - 给k8s节点 k8s-worker-node1 打上label :zookeeper-server-zookeeper1
2023-06-26 13:50:08.211 [ForkJoinPool.commonPool-worker-6] INFO  org.dromara.cloudeon.processor.TagHostLabelTask - command task：33 结束, 记录到数据库
2023-06-26 13:50:08.214 [ForkJoinPool.commonPool-worker-6] INFO  org.dromara.cloudeon.processor.TagHostLabelTask - close sifting Appender of `2-33`
