2023-06-25 22:44:31.969 [ForkJoinPool.commonPool-worker-4] INFO  org.dromara.cloudeon.processor.ImportAlertRuleTask - command task：34 开始, 记录到数据库
2023-06-25 22:44:31.974 [ForkJoinPool.commonPool-worker-4] INFO  org.dromara.cloudeon.processor.ImportAlertRuleTask - 开始集群告警规则资源文件生成：/Users/ycw/work/ycw/home_lab_shanghai/k8s/couldeon/cloudeon-assembly-v1.0.0-release/work/alert-rule/1
2023-06-25 22:44:31.974 [ForkJoinPool.commonPool-worker-4] INFO  org.dromara.cloudeon.processor.ImportAlertRuleTask - 目录/Users/ycw/work/ycw/home_lab_shanghai/k8s/couldeon/cloudeon-assembly-v1.0.0-release/work/alert-rule/1不存在，创建目录...
2023-06-25 22:44:31.989 [ForkJoinPool.commonPool-worker-4] INFO  org.dromara.cloudeon.processor.ImportAlertRuleTask - 完成服务告警规则资源文件生成：/Users/ycw/work/ycw/home_lab_shanghai/k8s/couldeon/cloudeon-assembly-v1.0.0-release/work/alert-rule/1/HIVE.yml
2023-06-25 22:44:31.990 [ForkJoinPool.commonPool-worker-4] INFO  org.dromara.cloudeon.processor.ImportAlertRuleTask - 完成服务告警规则资源文件生成：/Users/ycw/work/ycw/home_lab_shanghai/k8s/couldeon/cloudeon-assembly-v1.0.0-release/work/alert-rule/1/DORIS.yml
2023-06-25 22:44:31.992 [ForkJoinPool.commonPool-worker-4] INFO  org.dromara.cloudeon.processor.ImportAlertRuleTask - 完成服务告警规则资源文件生成：/Users/ycw/work/ycw/home_lab_shanghai/k8s/couldeon/cloudeon-assembly-v1.0.0-release/work/alert-rule/1/MONITOR.yml
2023-06-25 22:44:31.993 [ForkJoinPool.commonPool-worker-4] INFO  org.dromara.cloudeon.processor.ImportAlertRuleTask - 完成服务告警规则资源文件生成：/Users/ycw/work/ycw/home_lab_shanghai/k8s/couldeon/cloudeon-assembly-v1.0.0-release/work/alert-rule/1/HDFS.yml
2023-06-25 22:44:31.993 [ForkJoinPool.commonPool-worker-4] INFO  org.dromara.cloudeon.processor.ImportAlertRuleTask - 完成服务告警规则资源文件生成：/Users/ycw/work/ycw/home_lab_shanghai/k8s/couldeon/cloudeon-assembly-v1.0.0-release/work/alert-rule/1/KAFKA.yml
2023-06-25 22:44:31.994 [ForkJoinPool.commonPool-worker-4] INFO  org.dromara.cloudeon.processor.ImportAlertRuleTask - 完成服务告警规则资源文件生成：/Users/ycw/work/ycw/home_lab_shanghai/k8s/couldeon/cloudeon-assembly-v1.0.0-release/work/alert-rule/1/SPARK.yml
2023-06-25 22:44:31.994 [ForkJoinPool.commonPool-worker-4] INFO  org.dromara.cloudeon.processor.ImportAlertRuleTask - 完成服务告警规则资源文件生成：/Users/ycw/work/ycw/home_lab_shanghai/k8s/couldeon/cloudeon-assembly-v1.0.0-release/work/alert-rule/1/HBASE.yml
2023-06-25 22:44:31.995 [ForkJoinPool.commonPool-worker-4] INFO  org.dromara.cloudeon.processor.ImportAlertRuleTask - 完成服务告警规则资源文件生成：/Users/ycw/work/ycw/home_lab_shanghai/k8s/couldeon/cloudeon-assembly-v1.0.0-release/work/alert-rule/1/ZOOKEEPER.yml
2023-06-25 22:44:31.995 [ForkJoinPool.commonPool-worker-4] INFO  org.dromara.cloudeon.processor.ImportAlertRuleTask - 完成服务告警规则资源文件生成：/Users/ycw/work/ycw/home_lab_shanghai/k8s/couldeon/cloudeon-assembly-v1.0.0-release/work/alert-rule/1/DOLPHINSCHEDULER.yml
2023-06-25 22:44:31.996 [ForkJoinPool.commonPool-worker-4] INFO  org.dromara.cloudeon.processor.ImportAlertRuleTask - 完成服务告警规则资源文件生成：/Users/ycw/work/ycw/home_lab_shanghai/k8s/couldeon/cloudeon-assembly-v1.0.0-release/work/alert-rule/1/YARN.yml
2023-06-25 22:44:31.997 [ForkJoinPool.commonPool-worker-4] INFO  org.dromara.cloudeon.processor.ImportAlertRuleTask - 完成服务告警规则资源文件生成：/Users/ycw/work/ycw/home_lab_shanghai/k8s/couldeon/cloudeon-assembly-v1.0.0-release/work/alert-rule/1/FLINK.yml
2023-06-25 22:44:32.000 [ForkJoinPool.commonPool-worker-4] INFO  org.dromara.cloudeon.processor.ImportAlertRuleTask - 拷贝本地配置目录：/Users/ycw/work/ycw/home_lab_shanghai/k8s/couldeon/cloudeon-assembly-v1.0.0-release/work/alert-rule/1 到节点192.168.100.52的：/opt/edp/monitor1/conf/rule/
2023-06-25 22:44:32.081 [ForkJoinPool.commonPool-worker-4] INFO  org.dromara.cloudeon.processor.ImportAlertRuleTask - command task：34 结束, 记录到数据库
2023-06-25 22:44:32.085 [ForkJoinPool.commonPool-worker-4] INFO  org.dromara.cloudeon.processor.ImportAlertRuleTask - close sifting Appender of `2-34`
2023-06-26 13:50:08.219 [ForkJoinPool.commonPool-worker-6] INFO  org.dromara.cloudeon.processor.TagHostLabelTask - command task：34 开始, 记录到数据库
2023-06-26 13:50:08.225 [ForkJoinPool.commonPool-worker-6] INFO  org.dromara.cloudeon.processor.TagHostLabelTask - 给k8s节点 k8s-worker-node2 打上label :zookeeper-server-zookeeper1
2023-06-26 13:50:08.378 [ForkJoinPool.commonPool-worker-6] INFO  org.dromara.cloudeon.processor.TagHostLabelTask - command task：34 结束, 记录到数据库
2023-06-26 13:50:08.382 [ForkJoinPool.commonPool-worker-6] INFO  org.dromara.cloudeon.processor.TagHostLabelTask - close sifting Appender of `2-34`
