2023-06-25 22:44:32.186 [ForkJoinPool.commonPool-worker-4] INFO  o.d.cloudeon.processor.StartRoleK8sDeploymentTask - command task：36 开始, 记录到数据库
2023-06-25 22:44:32.197 [ForkJoinPool.commonPool-worker-4] INFO  o.d.cloudeon.processor.StartRoleK8sDeploymentTask - 开始角色k8s资源文件生成：/Users/ycw/work/ycw/home_lab_shanghai/k8s/couldeon/cloudeon-assembly-v1.0.0-release/work/k8s-resource/monitor1
2023-06-25 22:44:32.197 [ForkJoinPool.commonPool-worker-4] INFO  o.d.cloudeon.processor.StartRoleK8sDeploymentTask - 目录/Users/ycw/work/ycw/home_lab_shanghai/k8s/couldeon/cloudeon-assembly-v1.0.0-release/work/k8s-resource/monitor1不存在，创建目录...
2023-06-25 22:44:32.197 [ForkJoinPool.commonPool-worker-4] INFO  o.d.cloudeon.processor.StartRoleK8sDeploymentTask - 加载服务实例角色k8s资源模板目录：/Users/ycw/work/ycw/home_lab_shanghai/k8s/couldeon/cloudeon-assembly-v1.0.0-release/stack/EDP-1.0.0/monitor/k8s
2023-06-25 22:44:32.201 [ForkJoinPool.commonPool-worker-4] INFO  o.d.cloudeon.processor.StartRoleK8sDeploymentTask - 完成角色k8s资源文件生成：/Users/ycw/work/ycw/home_lab_shanghai/k8s/couldeon/cloudeon-assembly-v1.0.0-release/work/k8s-resource/monitor1/prometheus.yaml
2023-06-25 22:44:32.284 [ForkJoinPool.commonPool-worker-4] INFO  o.d.cloudeon.processor.StartRoleK8sDeploymentTask - 在k8s上启动deployment: prometheus-monitor1 ,使用本地资源文件: /Users/ycw/work/ycw/home_lab_shanghai/k8s/couldeon/cloudeon-assembly-v1.0.0-release/work/k8s-resource/monitor1/prometheus.yaml ,持续等待 10 分钟
2023-06-25 22:45:17.620 [ForkJoinPool.commonPool-worker-4] INFO  o.d.cloudeon.processor.StartRoleK8sDeploymentTask - ========================start prometheus========================
nohup prometheus --config.file=/opt/edp/monitor1/conf/prometheus.yml --storage.tsdb.path=/opt/edp/monitor1/data/prometheus  --web.listen-address=0.0.0.0:9090 --web.enable-lifecycle > /opt/edp/monitor1/log/prometheus-k8s-worker-node1.out 2>&1 &

2023-06-25 22:45:17.624 [ForkJoinPool.commonPool-worker-4] INFO  o.d.cloudeon.processor.StartRoleK8sDeploymentTask - command task：36 结束, 记录到数据库
2023-06-25 22:45:17.627 [ForkJoinPool.commonPool-worker-4] INFO  o.d.cloudeon.processor.StartRoleK8sDeploymentTask - close sifting Appender of `2-36`
2023-06-26 13:50:08.594 [ForkJoinPool.commonPool-worker-6] INFO  o.d.cloudeon.processor.StartRoleK8sDeploymentTask - command task：36 开始, 记录到数据库
2023-06-26 13:50:08.603 [ForkJoinPool.commonPool-worker-6] INFO  o.d.cloudeon.processor.StartRoleK8sDeploymentTask - 开始角色k8s资源文件生成：/Users/ycw/work/ycw/home_lab_shanghai/k8s/couldeon/cloudeon-assembly-v1.0.0-release/work/k8s-resource/zookeeper1
2023-06-26 13:50:08.603 [ForkJoinPool.commonPool-worker-6] INFO  o.d.cloudeon.processor.StartRoleK8sDeploymentTask - 加载服务实例角色k8s资源模板目录：/Users/ycw/work/ycw/home_lab_shanghai/k8s/couldeon/cloudeon-assembly-v1.0.0-release/stack/EDP-1.0.0/zookeeper/k8s
2023-06-26 13:50:08.607 [ForkJoinPool.commonPool-worker-6] INFO  o.d.cloudeon.processor.StartRoleK8sDeploymentTask - 完成角色k8s资源文件生成：/Users/ycw/work/ycw/home_lab_shanghai/k8s/couldeon/cloudeon-assembly-v1.0.0-release/work/k8s-resource/zookeeper1/zookeeper-server.yaml
2023-06-26 13:50:08.724 [ForkJoinPool.commonPool-worker-6] INFO  o.d.cloudeon.processor.StartRoleK8sDeploymentTask - 在k8s上启动deployment: zookeeper-server-zookeeper1 ,使用本地资源文件: /Users/ycw/work/ycw/home_lab_shanghai/k8s/couldeon/cloudeon-assembly-v1.0.0-release/work/k8s-resource/zookeeper1/zookeeper-server.yaml ,持续等待 10 分钟
2023-06-26 14:00:14.225 [ForkJoinPool.commonPool-worker-6] ERROR o.d.cloudeon.processor.StartRoleK8sDeploymentTask - ZooKeeper JMX enabled by default
Using config: /opt/edp/zookeeper1/conf/zoo.cfg
Starting zookeeper ... STARTED
ZooKeeper JMX enabled by default
Using config: /opt/edp/zookeeper1/conf/zoo.cfg
Starting zookeeper ... STARTED
ZooKeeper JMX enabled by default
Using config: /opt/edp/zookeeper1/conf/zoo.cfg
Starting zookeeper ... STARTED

2023-06-26 14:00:14.227 [ForkJoinPool.commonPool-worker-6] INFO  o.d.cloudeon.processor.StartRoleK8sDeploymentTask - 36:发生异常，处理异常。。。io.fabric8.kubernetes.client.KubernetesClientTimeoutException: Timed out waiting for [600000] milliseconds for [Deployment] with name:[zookeeper-server-zookeeper1] in namespace [default].
