2023-06-25 23:06:30.811 [ForkJoinPool.commonPool-worker-5] INFO  org.dromara.cloudeon.processor.PullImageTask - command task：62 开始, 记录到数据库
2023-06-25 23:06:30.817 [ForkJoinPool.commonPool-worker-5] INFO  org.dromara.cloudeon.processor.PullImageTask - 节点：k8s-master-node1 上拉取镜像：registry.cn-hangzhou.aliyuncs.com/udh/hadoop:3.3.4
2023-06-25 23:06:30.817 [ForkJoinPool.commonPool-worker-5] INFO  org.dromara.cloudeon.processor.PullImageTask - 节点：k8s-master-node1 上执行命令：ctr image pull registry.cn-hangzhou.aliyuncs.com/udh/hadoop:3.3.4
2023-06-25 23:06:34.687 [ForkJoinPool.commonPool-worker-5] INFO  org.dromara.cloudeon.processor.PullImageTask - registry.cn-hangzhou.aliyuncs.com/udh/hadoop:3.3.4: resolving      |[32m[0m--------------------------------------| 
elapsed: 0.1 s                                      total:   0.0 B (0.0 B/s)                                         
registry.cn-hangzhou.aliyuncs.com/udh/hadoop:3.3.4: resolving      |[32m[0m--------------------------------------| 
elapsed: 0.2 s                                      total:   0.0 B (0.0 B/s)                                         
registry.cn-hangzhou.aliyuncs.com/udh/hadoop:3.3.4: resolving      |[32m[0m--------------------------------------| 
elapsed: 0.3 s                                      total:   0.0 B (0.0 B/s)                                         
registry.cn-hangzhou.aliyuncs.com/udh/hadoop:3.3.4: resolving      |[32m[0m--------------------------------------| 
elapsed: 0.4 s                                      total:   0.0 B (0.0 B/s)                                         
registry.cn-hangzhou.aliyuncs.com/udh/hadoop:3.3.4: resolving      |[32m[0m--------------------------------------| 
elapsed: 0.5 s                                      total:   0.0 B (0.0 B/s)                                         
registry.cn-hangzhou.aliyuncs.com/udh/hadoop:3.3.4: resolving      |[32m[0m--------------------------------------| 
elapsed: 0.6 s                                      total:   0.0 B (0.0 B/s)                                         
registry.cn-hangzhou.aliyuncs.com/udh/hadoop:3.3.4: resolving      |[32m[0m--------------------------------------| 
elapsed: 0.7 s                                      total:   0.0 B (0.0 B/s)                                         
registry.cn-hangzhou.aliyuncs.com/udh/hadoop:3.3.4: resolving      |[32m[0m--------------------------------------| 
elapsed: 0.8 s                                      total:   0.0 B (0.0 B/s)                                         
registry.cn-hangzhou.aliyuncs.com/udh/hadoop:3.3.4: resolving      |[32m[0m--------------------------------------| 
elapsed: 0.9 s                                      total:   0.0 B (0.0 B/s)                                         
registry.cn-hangzhou.aliyuncs.com/udh/hadoop:3.3.4: resolving      |[32m[0m--------------------------------------| 
elapsed: 1.0 s                                      total:   0.0 B (0.0 B/s)                                         
registry.cn-hangzhou.aliyuncs.com/udh/hadoop:3.3.4: resolving      |[32m[0m--------------------------------------| 
elapsed: 1.1 s                                      total:   0.0 B (0.0 B/s)                                         
registry.cn-hangzhou.aliyuncs.com/udh/hadoop:3.3.4: resolving      |[32m[0m--------------------------------------| 
elapsed: 1.2 s                                      total:   0.0 B (0.0 B/s)                                         
registry.cn-hangzhou.aliyuncs.com/udh/hadoop:3.3.4: resolving      |[32m[0m--------------------------------------| 
elapsed: 1.3 s                                      total:   0.0 B (0.0 B/s)                                         
registry.cn-hangzhou.aliyuncs.com/udh/hadoop:3.3.4: resolving      |[32m[0m--------------------------------------| 
elapsed: 1.4 s                                      total:   0.0 B (0.0 B/s)                                         
registry.cn-hangzhou.aliyuncs.com/udh/hadoop:3.3.4: resolving      |[32m[0m--------------------------------------| 
elapsed: 1.5 s                                      total:   0.0 B (0.0 B/s)                                         
registry.cn-hangzhou.aliyuncs.com/udh/hadoop:3.3.4: resolving      |[32m[0m--------------------------------------| 
elapsed: 1.6 s                                      total:   0.0 B (0.0 B/s)                                         
registry.cn-hangzhou.aliyuncs.com/udh/hadoop:3.3.4: resolving      |[32m[0m--------------------------------------| 
elapsed: 1.7 s                                      total:   0.0 B (0.0 B/s)                                         
registry.cn-hangzhou.aliyuncs.com/udh/hadoop:3.3.4: resolving      |[32m[0m--------------------------------------| 
elapsed: 1.8 s                                      total:   0.0 B (0.0 B/s)                                         
registry.cn-hangzhou.aliyuncs.com/udh/hadoop:3.3.4: resolving      |[32m[0m--------------------------------------| 
elapsed: 1.9 s                                      total:   0.0 B (0.0 B/s)                                         
registry.cn-hangzhou.aliyuncs.com/udh/hadoop:3.3.4: resolving      |[32m[0m--------------------------------------| 
elapsed: 2.0 s                                      total:   0.0 B (0.0 B/s)                                         
registry.cn-hangzhou.aliyuncs.com/udh/hadoop:3.3.4: resolving      |[32m[0m--------------------------------------| 
elapsed: 2.1 s                                      total:   0.0 B (0.0 B/s)                                         
registry.cn-hangzhou.aliyuncs.com/udh/hadoop:3.3.4: resolving      |[32m[0m--------------------------------------| 
elapsed: 2.2 s                                      total:   0.0 B (0.0 B/s)                                         
registry.cn-hangzhou.aliyuncs.com/udh/hadoop:3.3.4: resolving      |[32m[0m--------------------------------------| 
elapsed: 2.3 s                                      total:   0.0 B (0.0 B/s)                                         
registry.cn-hangzhou.aliyuncs.com/udh/hadoop:3.3.4: resolving      |[32m[0m--------------------------------------| 
elapsed: 2.4 s                                      total:   0.0 B (0.0 B/s)                                         
registry.cn-hangzhou.aliyuncs.com/udh/hadoop:3.3.4: resolving      |[32m[0m--------------------------------------| 
elapsed: 2.5 s                                      total:   0.0 B (0.0 B/s)                                         
registry.cn-hangzhou.aliyuncs.com/udh/hadoop:3.3.4: resolving      |[32m[0m--------------------------------------| 
elapsed: 2.6 s                                      total:   0.0 B (0.0 B/s)                                         
registry.cn-hangzhou.aliyuncs.com/udh/hadoop:3.3.4: resolving      |[32m[0m--------------------------------------| 
elapsed: 2.7 s                                      total:   0.0 B (0.0 B/s)                                         
registry.cn-hangzhou.aliyuncs.com/udh/hadoop:3.3.4: resolving      |[32m[0m--------------------------------------| 
elapsed: 2.8 s                                      total:   0.0 B (0.0 B/s)                                         
registry.cn-hangzhou.aliyuncs.com/udh/hadoop:3.3.4: resolving      |[32m[0m--------------------------------------| 
elapsed: 2.9 s                                      total:   0.0 B (0.0 B/s)                                         
registry.cn-hangzhou.aliyuncs.com/udh/hadoop:3.3.4: resolving      |[32m[0m--------------------------------------| 
elapsed: 3.0 s                                      total:   0.0 B (0.0 B/s)                                         
registry.cn-hangzhou.aliyuncs.com/udh/hadoop:3.3.4: resolving      |[32m[0m--------------------------------------| 
elapsed: 3.1 s                                      total:   0.0 B (0.0 B/s)                                         
registry.cn-hangzhou.aliyuncs.com/udh/hadoop:3.3.4: resolving      |[32m[0m--------------------------------------| 
elapsed: 3.2 s                                      total:   0.0 B (0.0 B/s)                                         
registry.cn-hangzhou.aliyuncs.com/udh/hadoop:3.3.4: resolving      |[32m[0m--------------------------------------| 
elapsed: 3.3 s                                      total:   0.0 B (0.0 B/s)                                         
registry.cn-hangzhou.aliyuncs.com/udh/hadoop:3.3.4: resolving      |[32m[0m--------------------------------------| 
elapsed: 3.4 s                                      total:   0.0 B (0.0 B/s)                                         
registry.cn-hangzhou.aliyuncs.com/udh/hadoop:3.3.4: resolving      |[32m[0m--------------------------------------| 
elapsed: 3.5 s                                      total:   0.0 B (0.0 B/s)                                         
registry.cn-hangzhou.aliyuncs.com/udh/hadoop:3.3.4: resolving      |[32m[0m--------------------------------------| 
elapsed: 3.6 s                                      total:   0.0 B (0.0 B/s)                                         
registry.cn-hangzhou.aliyuncs.com/udh/hadoop:3.3.4: resolving      |[32m[0m--------------------------------------| 
elapsed: 3.7 s                                      total:   0.0 B (0.0 B/s)                                         
registry.cn-hangzhou.aliyuncs.com/udh/hadoop:3.3.4:                               resolved       |[32m++++++++++++++++++++++++++++++++++++++[0m| 
manifest-sha256:b2d80411cc3d226b4747f42ffd8dbbc44bb336affb722b3506d04178f3c3b9d2: done           |[32m++++++++++++++++++++++++++++++++++++++[0m| 
layer-sha256:c22264054e095b523803a5a8f6296c5b4da7c557c9024e935b6fbc51bb21daf4:    done           |[32m++++++++++++++++++++++++++++++++++++++[0m| 
config-sha256:496eb6013b8e464546abe6e1a38c65dc84fbef11d5dae422fd6d8783707481d1:   done           |[32m++++++++++++++++++++++++++++++++++++++[0m| 
layer-sha256:9a598663ae731cd95b7cc07391f4130f30076a4ede6bc52fe07375eca89f65bd:    done           |[32m++++++++++++++++++++++++++++++++++++++[0m| 
layer-sha256:affda14d02694081dd31f3e33046e50d2ab1b7645565c0dbfddfa302a0ecb391:    done           |[32m++++++++++++++++++++++++++++++++++++++[0m| 
layer-sha256:75fbbc60150f52d0a43220e09c9a9e3a5b6a7a345244d09951db618fac23863a:    done           |[32m++++++++++++++++++++++++++++++++++++++[0m| 
layer-sha256:d662dc7c27d38b9f399b07f066c2afb5e9434036164b520e74cad6b1e5ec68f7:    done           |[32m++++++++++++++++++++++++++++++++++++++[0m| 
layer-sha256:0a9037958e8ad4ce4abccef6864a92b852a479c2b79b2244b0fab840c286fbff:    done           |[32m++++++++++++++++++++++++++++++++++++++[0m| 
layer-sha256:1ee3d1854cf250b0ef169b1d6de253d2c4378184219699813391ab0c0825ca7a:    done           |[32m++++++++++++++++++++++++++++++++++++++[0m| 
layer-sha256:c256c5a984c69c7d0ed0fab81f942620242b6a27d49fd7b25362936702d3d312:    done           |[32m++++++++++++++++++++++++++++++++++++++[0m| 
layer-sha256:35264e61b8b657e2b93e619f729076df92f3a9d6701e2a98ca67d8e467279f0b:    done           |[32m++++++++++++++++++++++++++++++++++++++[0m| 
layer-sha256:619b01d8da89699c89f883fc565417a8cd652f3ff63796afd8e6b448789ffc52:    done           |[32m++++++++++++++++++++++++++++++++++++++[0m| 
elapsed: 3.8 s                                                                    total:   0.0 B (0.0 B/s)                                         
unpacking linux/amd64 sha256:b2d80411cc3d226b4747f42ffd8dbbc44bb336affb722b3506d04178f3c3b9d2...
done: 11.848694ms
2023-06-25 23:06:34.688 [ForkJoinPool.commonPool-worker-5] INFO  org.dromara.cloudeon.processor.PullImageTask - 成功在节点：k8s-master-node1 上拉取镜像：registry.cn-hangzhou.aliyuncs.com/udh/hadoop:3.3.4
2023-06-25 23:06:34.688 [ForkJoinPool.commonPool-worker-5] INFO  org.dromara.cloudeon.processor.PullImageTask - command task：62 结束, 记录到数据库
2023-06-25 23:06:34.693 [ForkJoinPool.commonPool-worker-5] INFO  org.dromara.cloudeon.processor.PullImageTask - close sifting Appender of `4-62`
