2023-06-25 23:06:45.630 [ForkJoinPool.commonPool-worker-5] INFO  org.dromara.cloudeon.processor.ConfigTask - command task：78 开始, 记录到数据库
2023-06-25 23:06:45.638 [ForkJoinPool.commonPool-worker-5] INFO  org.dromara.cloudeon.processor.ConfigTask - 加载配置文件模板目录：/Users/ycw/work/ycw/home_lab_shanghai/k8s/couldeon/cloudeon-assembly-v1.0.0-release/stack/EDP-1.0.0/hdfs/render
2023-06-25 23:06:45.654 [ForkJoinPool.commonPool-worker-5] INFO  org.dromara.cloudeon.processor.ConfigTask - Scanning directory: /Users/ycw/work/ycw/home_lab_shanghai/k8s/couldeon/cloudeon-assembly-v1.0.0-release/stack/EDP-1.0.0/hdfs/render
2023-06-25 23:06:45.655 [ForkJoinPool.commonPool-worker-5] INFO  org.dromara.cloudeon.processor.ConfigTask - File found: httpfs-log4j.properties
2023-06-25 23:06:45.656 [ForkJoinPool.commonPool-worker-5] INFO  org.dromara.cloudeon.processor.ConfigTask - 完成配置文件生成：/Users/ycw/work/ycw/home_lab_shanghai/k8s/couldeon/cloudeon-assembly-v1.0.0-release/work/hdfs1/k8s-master-node1/conf/httpfs-log4j.properties
2023-06-25 23:06:45.656 [ForkJoinPool.commonPool-worker-5] INFO  org.dromara.cloudeon.processor.ConfigTask - File found: journalnode-bootstrap.sh.ftl
2023-06-25 23:06:45.658 [ForkJoinPool.commonPool-worker-5] INFO  org.dromara.cloudeon.processor.ConfigTask - 完成配置文件生成：/Users/ycw/work/ycw/home_lab_shanghai/k8s/couldeon/cloudeon-assembly-v1.0.0-release/work/hdfs1/k8s-master-node1/conf/journalnode-bootstrap.sh
2023-06-25 23:06:45.658 [ForkJoinPool.commonPool-worker-5] INFO  org.dromara.cloudeon.processor.ConfigTask - File found: datanode-bootstrap.sh.ftl
2023-06-25 23:06:45.660 [ForkJoinPool.commonPool-worker-5] INFO  org.dromara.cloudeon.processor.ConfigTask - 完成配置文件生成：/Users/ycw/work/ycw/home_lab_shanghai/k8s/couldeon/cloudeon-assembly-v1.0.0-release/work/hdfs1/k8s-master-node1/conf/datanode-bootstrap.sh
2023-06-25 23:06:45.660 [ForkJoinPool.commonPool-worker-5] INFO  org.dromara.cloudeon.processor.ConfigTask - File found: httpfs-site.xml.ftl
2023-06-25 23:06:45.662 [ForkJoinPool.commonPool-worker-5] INFO  org.dromara.cloudeon.processor.ConfigTask - 完成配置文件生成：/Users/ycw/work/ycw/home_lab_shanghai/k8s/couldeon/cloudeon-assembly-v1.0.0-release/work/hdfs1/k8s-master-node1/conf/httpfs-site.xml
2023-06-25 23:06:45.663 [ForkJoinPool.commonPool-worker-5] INFO  org.dromara.cloudeon.processor.ConfigTask - File found: namenode-format.sh.ftl
2023-06-25 23:06:45.664 [ForkJoinPool.commonPool-worker-5] INFO  org.dromara.cloudeon.processor.ConfigTask - 完成配置文件生成：/Users/ycw/work/ycw/home_lab_shanghai/k8s/couldeon/cloudeon-assembly-v1.0.0-release/work/hdfs1/k8s-master-node1/conf/namenode-format.sh
2023-06-25 23:06:45.664 [ForkJoinPool.commonPool-worker-5] INFO  org.dromara.cloudeon.processor.ConfigTask - File found: httpfs-bootstrap.sh.ftl
2023-06-25 23:06:45.665 [ForkJoinPool.commonPool-worker-5] INFO  org.dromara.cloudeon.processor.ConfigTask - 完成配置文件生成：/Users/ycw/work/ycw/home_lab_shanghai/k8s/couldeon/cloudeon-assembly-v1.0.0-release/work/hdfs1/k8s-master-node1/conf/httpfs-bootstrap.sh
2023-06-25 23:06:45.666 [ForkJoinPool.commonPool-worker-5] INFO  org.dromara.cloudeon.processor.ConfigTask - File found: jmx_prometheus.yaml
2023-06-25 23:06:45.666 [ForkJoinPool.commonPool-worker-5] INFO  org.dromara.cloudeon.processor.ConfigTask - 完成配置文件生成：/Users/ycw/work/ycw/home_lab_shanghai/k8s/couldeon/cloudeon-assembly-v1.0.0-release/work/hdfs1/k8s-master-node1/conf/jmx_prometheus.yaml
2023-06-25 23:06:45.667 [ForkJoinPool.commonPool-worker-5] INFO  org.dromara.cloudeon.processor.ConfigTask - File found: hdfs-site.xml.ftl
2023-06-25 23:06:45.670 [ForkJoinPool.commonPool-worker-5] INFO  org.dromara.cloudeon.processor.ConfigTask - 完成配置文件生成：/Users/ycw/work/ycw/home_lab_shanghai/k8s/couldeon/cloudeon-assembly-v1.0.0-release/work/hdfs1/k8s-master-node1/conf/hdfs-site.xml
2023-06-25 23:06:45.671 [ForkJoinPool.commonPool-worker-5] INFO  org.dromara.cloudeon.processor.ConfigTask - File found: hadoop-metrics2-namenode.properties
2023-06-25 23:06:45.672 [ForkJoinPool.commonPool-worker-5] INFO  org.dromara.cloudeon.processor.ConfigTask - 完成配置文件生成：/Users/ycw/work/ycw/home_lab_shanghai/k8s/couldeon/cloudeon-assembly-v1.0.0-release/work/hdfs1/k8s-master-node1/conf/hadoop-metrics2-namenode.properties
2023-06-25 23:06:45.672 [ForkJoinPool.commonPool-worker-5] INFO  org.dromara.cloudeon.processor.ConfigTask - File found: hadoop-hdfs-env.sh.ftl
2023-06-25 23:06:45.675 [ForkJoinPool.commonPool-worker-5] INFO  org.dromara.cloudeon.processor.ConfigTask - 完成配置文件生成：/Users/ycw/work/ycw/home_lab_shanghai/k8s/couldeon/cloudeon-assembly-v1.0.0-release/work/hdfs1/k8s-master-node1/conf/hadoop-hdfs-env.sh
2023-06-25 23:06:45.675 [ForkJoinPool.commonPool-worker-5] INFO  org.dromara.cloudeon.processor.ConfigTask - File found: hadoop-metrics2-datanode.properties
2023-06-25 23:06:45.676 [ForkJoinPool.commonPool-worker-5] INFO  org.dromara.cloudeon.processor.ConfigTask - 完成配置文件生成：/Users/ycw/work/ycw/home_lab_shanghai/k8s/couldeon/cloudeon-assembly-v1.0.0-release/work/hdfs1/k8s-master-node1/conf/hadoop-metrics2-datanode.properties
2023-06-25 23:06:45.676 [ForkJoinPool.commonPool-worker-5] INFO  org.dromara.cloudeon.processor.ConfigTask - File found: core-site.xml.ftl
2023-06-25 23:06:45.679 [ForkJoinPool.commonPool-worker-5] INFO  org.dromara.cloudeon.processor.ConfigTask - 完成配置文件生成：/Users/ycw/work/ycw/home_lab_shanghai/k8s/couldeon/cloudeon-assembly-v1.0.0-release/work/hdfs1/k8s-master-node1/conf/core-site.xml
2023-06-25 23:06:45.680 [ForkJoinPool.commonPool-worker-5] INFO  org.dromara.cloudeon.processor.ConfigTask - File found: namenode-bootstrap.sh.ftl
2023-06-25 23:06:45.681 [ForkJoinPool.commonPool-worker-5] INFO  org.dromara.cloudeon.processor.ConfigTask - 完成配置文件生成：/Users/ycw/work/ycw/home_lab_shanghai/k8s/couldeon/cloudeon-assembly-v1.0.0-release/work/hdfs1/k8s-master-node1/conf/namenode-bootstrap.sh
2023-06-25 23:06:45.681 [ForkJoinPool.commonPool-worker-5] INFO  org.dromara.cloudeon.processor.ConfigTask - File found: log4j.properties
2023-06-25 23:06:45.682 [ForkJoinPool.commonPool-worker-5] INFO  org.dromara.cloudeon.processor.ConfigTask - 完成配置文件生成：/Users/ycw/work/ycw/home_lab_shanghai/k8s/couldeon/cloudeon-assembly-v1.0.0-release/work/hdfs1/k8s-master-node1/conf/log4j.properties
2023-06-25 23:06:45.682 [ForkJoinPool.commonPool-worker-5] INFO  org.dromara.cloudeon.processor.ConfigTask - File found: dfs.exclude
2023-06-25 23:06:45.682 [ForkJoinPool.commonPool-worker-5] INFO  org.dromara.cloudeon.processor.ConfigTask - 完成配置文件生成：/Users/ycw/work/ycw/home_lab_shanghai/k8s/couldeon/cloudeon-assembly-v1.0.0-release/work/hdfs1/k8s-master-node1/conf/dfs.exclude
2023-06-25 23:06:45.695 [ForkJoinPool.commonPool-worker-5] INFO  org.dromara.cloudeon.processor.ConfigTask - 拷贝本地配置目录：/Users/ycw/work/ycw/home_lab_shanghai/k8s/couldeon/cloudeon-assembly-v1.0.0-release/work/hdfs1/k8s-master-node1/conf 到节点k8s-master-node1的：/opt/edp/hdfs1/conf/
2023-06-25 23:06:45.846 [ForkJoinPool.commonPool-worker-5] INFO  org.dromara.cloudeon.processor.ConfigTask - 成功拷贝本地配置目录：/Users/ycw/work/ycw/home_lab_shanghai/k8s/couldeon/cloudeon-assembly-v1.0.0-release/work/hdfs1/k8s-master-node1/conf 到节点k8s-master-node1的：/opt/edp/hdfs1/conf/
2023-06-25 23:06:45.846 [ForkJoinPool.commonPool-worker-5] INFO  org.dromara.cloudeon.processor.ConfigTask - 赋予conf目录下sh脚本执行权限：chmod +x /opt/edp/hdfs1/conf//*.sh
2023-06-25 23:06:45.879 [ForkJoinPool.commonPool-worker-5] INFO  org.dromara.cloudeon.processor.ConfigTask - command task：78 结束, 记录到数据库
2023-06-25 23:06:45.883 [ForkJoinPool.commonPool-worker-5] INFO  org.dromara.cloudeon.processor.ConfigTask - close sifting Appender of `4-78`
