2023-06-25 23:06:46.152 [ForkJoinPool.commonPool-worker-5] INFO  org.dromara.cloudeon.processor.ConfigTask - command task：80 开始, 记录到数据库
2023-06-25 23:06:46.163 [ForkJoinPool.commonPool-worker-5] INFO  org.dromara.cloudeon.processor.ConfigTask - 加载配置文件模板目录：/Users/ycw/work/ycw/home_lab_shanghai/k8s/couldeon/cloudeon-assembly-v1.0.0-release/stack/EDP-1.0.0/hdfs/render
2023-06-25 23:06:46.185 [ForkJoinPool.commonPool-worker-5] INFO  org.dromara.cloudeon.processor.ConfigTask - Scanning directory: /Users/ycw/work/ycw/home_lab_shanghai/k8s/couldeon/cloudeon-assembly-v1.0.0-release/stack/EDP-1.0.0/hdfs/render
2023-06-25 23:06:46.186 [ForkJoinPool.commonPool-worker-5] INFO  org.dromara.cloudeon.processor.ConfigTask - File found: httpfs-log4j.properties
2023-06-25 23:06:46.186 [ForkJoinPool.commonPool-worker-5] INFO  org.dromara.cloudeon.processor.ConfigTask - 完成配置文件生成：/Users/ycw/work/ycw/home_lab_shanghai/k8s/couldeon/cloudeon-assembly-v1.0.0-release/work/hdfs1/k8s-master-node1/conf/httpfs-log4j.properties
2023-06-25 23:06:46.187 [ForkJoinPool.commonPool-worker-5] INFO  org.dromara.cloudeon.processor.ConfigTask - File found: journalnode-bootstrap.sh.ftl
2023-06-25 23:06:46.187 [ForkJoinPool.commonPool-worker-5] INFO  org.dromara.cloudeon.processor.ConfigTask - 完成配置文件生成：/Users/ycw/work/ycw/home_lab_shanghai/k8s/couldeon/cloudeon-assembly-v1.0.0-release/work/hdfs1/k8s-master-node1/conf/journalnode-bootstrap.sh
2023-06-25 23:06:46.188 [ForkJoinPool.commonPool-worker-5] INFO  org.dromara.cloudeon.processor.ConfigTask - File found: datanode-bootstrap.sh.ftl
2023-06-25 23:06:46.189 [ForkJoinPool.commonPool-worker-5] INFO  org.dromara.cloudeon.processor.ConfigTask - 完成配置文件生成：/Users/ycw/work/ycw/home_lab_shanghai/k8s/couldeon/cloudeon-assembly-v1.0.0-release/work/hdfs1/k8s-master-node1/conf/datanode-bootstrap.sh
2023-06-25 23:06:46.189 [ForkJoinPool.commonPool-worker-5] INFO  org.dromara.cloudeon.processor.ConfigTask - File found: httpfs-site.xml.ftl
2023-06-25 23:06:46.191 [ForkJoinPool.commonPool-worker-5] INFO  org.dromara.cloudeon.processor.ConfigTask - 完成配置文件生成：/Users/ycw/work/ycw/home_lab_shanghai/k8s/couldeon/cloudeon-assembly-v1.0.0-release/work/hdfs1/k8s-master-node1/conf/httpfs-site.xml
2023-06-25 23:06:46.191 [ForkJoinPool.commonPool-worker-5] INFO  org.dromara.cloudeon.processor.ConfigTask - File found: namenode-format.sh.ftl
2023-06-25 23:06:46.193 [ForkJoinPool.commonPool-worker-5] INFO  org.dromara.cloudeon.processor.ConfigTask - 完成配置文件生成：/Users/ycw/work/ycw/home_lab_shanghai/k8s/couldeon/cloudeon-assembly-v1.0.0-release/work/hdfs1/k8s-master-node1/conf/namenode-format.sh
2023-06-25 23:06:46.194 [ForkJoinPool.commonPool-worker-5] INFO  org.dromara.cloudeon.processor.ConfigTask - File found: httpfs-bootstrap.sh.ftl
2023-06-25 23:06:46.195 [ForkJoinPool.commonPool-worker-5] INFO  org.dromara.cloudeon.processor.ConfigTask - 完成配置文件生成：/Users/ycw/work/ycw/home_lab_shanghai/k8s/couldeon/cloudeon-assembly-v1.0.0-release/work/hdfs1/k8s-master-node1/conf/httpfs-bootstrap.sh
2023-06-25 23:06:46.195 [ForkJoinPool.commonPool-worker-5] INFO  org.dromara.cloudeon.processor.ConfigTask - File found: jmx_prometheus.yaml
2023-06-25 23:06:46.195 [ForkJoinPool.commonPool-worker-5] INFO  org.dromara.cloudeon.processor.ConfigTask - 完成配置文件生成：/Users/ycw/work/ycw/home_lab_shanghai/k8s/couldeon/cloudeon-assembly-v1.0.0-release/work/hdfs1/k8s-master-node1/conf/jmx_prometheus.yaml
2023-06-25 23:06:46.195 [ForkJoinPool.commonPool-worker-5] INFO  org.dromara.cloudeon.processor.ConfigTask - File found: hdfs-site.xml.ftl
2023-06-25 23:06:46.198 [ForkJoinPool.commonPool-worker-5] INFO  org.dromara.cloudeon.processor.ConfigTask - 完成配置文件生成：/Users/ycw/work/ycw/home_lab_shanghai/k8s/couldeon/cloudeon-assembly-v1.0.0-release/work/hdfs1/k8s-master-node1/conf/hdfs-site.xml
2023-06-25 23:06:46.199 [ForkJoinPool.commonPool-worker-5] INFO  org.dromara.cloudeon.processor.ConfigTask - File found: hadoop-metrics2-namenode.properties
2023-06-25 23:06:46.199 [ForkJoinPool.commonPool-worker-5] INFO  org.dromara.cloudeon.processor.ConfigTask - 完成配置文件生成：/Users/ycw/work/ycw/home_lab_shanghai/k8s/couldeon/cloudeon-assembly-v1.0.0-release/work/hdfs1/k8s-master-node1/conf/hadoop-metrics2-namenode.properties
2023-06-25 23:06:46.200 [ForkJoinPool.commonPool-worker-5] INFO  org.dromara.cloudeon.processor.ConfigTask - File found: hadoop-hdfs-env.sh.ftl
2023-06-25 23:06:46.202 [ForkJoinPool.commonPool-worker-5] INFO  org.dromara.cloudeon.processor.ConfigTask - 完成配置文件生成：/Users/ycw/work/ycw/home_lab_shanghai/k8s/couldeon/cloudeon-assembly-v1.0.0-release/work/hdfs1/k8s-master-node1/conf/hadoop-hdfs-env.sh
2023-06-25 23:06:46.203 [ForkJoinPool.commonPool-worker-5] INFO  org.dromara.cloudeon.processor.ConfigTask - File found: hadoop-metrics2-datanode.properties
2023-06-25 23:06:46.203 [ForkJoinPool.commonPool-worker-5] INFO  org.dromara.cloudeon.processor.ConfigTask - 完成配置文件生成：/Users/ycw/work/ycw/home_lab_shanghai/k8s/couldeon/cloudeon-assembly-v1.0.0-release/work/hdfs1/k8s-master-node1/conf/hadoop-metrics2-datanode.properties
2023-06-25 23:06:46.204 [ForkJoinPool.commonPool-worker-5] INFO  org.dromara.cloudeon.processor.ConfigTask - File found: core-site.xml.ftl
2023-06-25 23:06:46.209 [ForkJoinPool.commonPool-worker-5] INFO  org.dromara.cloudeon.processor.ConfigTask - 完成配置文件生成：/Users/ycw/work/ycw/home_lab_shanghai/k8s/couldeon/cloudeon-assembly-v1.0.0-release/work/hdfs1/k8s-master-node1/conf/core-site.xml
2023-06-25 23:06:46.211 [ForkJoinPool.commonPool-worker-5] INFO  org.dromara.cloudeon.processor.ConfigTask - File found: namenode-bootstrap.sh.ftl
2023-06-25 23:06:46.213 [ForkJoinPool.commonPool-worker-5] INFO  org.dromara.cloudeon.processor.ConfigTask - 完成配置文件生成：/Users/ycw/work/ycw/home_lab_shanghai/k8s/couldeon/cloudeon-assembly-v1.0.0-release/work/hdfs1/k8s-master-node1/conf/namenode-bootstrap.sh
2023-06-25 23:06:46.214 [ForkJoinPool.commonPool-worker-5] INFO  org.dromara.cloudeon.processor.ConfigTask - File found: log4j.properties
2023-06-25 23:06:46.215 [ForkJoinPool.commonPool-worker-5] INFO  org.dromara.cloudeon.processor.ConfigTask - 完成配置文件生成：/Users/ycw/work/ycw/home_lab_shanghai/k8s/couldeon/cloudeon-assembly-v1.0.0-release/work/hdfs1/k8s-master-node1/conf/log4j.properties
2023-06-25 23:06:46.215 [ForkJoinPool.commonPool-worker-5] INFO  org.dromara.cloudeon.processor.ConfigTask - File found: dfs.exclude
2023-06-25 23:06:46.216 [ForkJoinPool.commonPool-worker-5] INFO  org.dromara.cloudeon.processor.ConfigTask - 完成配置文件生成：/Users/ycw/work/ycw/home_lab_shanghai/k8s/couldeon/cloudeon-assembly-v1.0.0-release/work/hdfs1/k8s-master-node1/conf/dfs.exclude
2023-06-25 23:06:46.232 [ForkJoinPool.commonPool-worker-5] INFO  org.dromara.cloudeon.processor.ConfigTask - 拷贝本地配置目录：/Users/ycw/work/ycw/home_lab_shanghai/k8s/couldeon/cloudeon-assembly-v1.0.0-release/work/hdfs1/k8s-master-node1/conf 到节点k8s-master-node1的：/opt/edp/hdfs1/conf/
2023-06-25 23:06:46.383 [ForkJoinPool.commonPool-worker-5] INFO  org.dromara.cloudeon.processor.ConfigTask - 成功拷贝本地配置目录：/Users/ycw/work/ycw/home_lab_shanghai/k8s/couldeon/cloudeon-assembly-v1.0.0-release/work/hdfs1/k8s-master-node1/conf 到节点k8s-master-node1的：/opt/edp/hdfs1/conf/
2023-06-25 23:06:46.384 [ForkJoinPool.commonPool-worker-5] INFO  org.dromara.cloudeon.processor.ConfigTask - 赋予conf目录下sh脚本执行权限：chmod +x /opt/edp/hdfs1/conf//*.sh
2023-06-25 23:06:46.410 [ForkJoinPool.commonPool-worker-5] INFO  org.dromara.cloudeon.processor.ConfigTask - command task：80 结束, 记录到数据库
2023-06-25 23:06:46.414 [ForkJoinPool.commonPool-worker-5] INFO  org.dromara.cloudeon.processor.ConfigTask - close sifting Appender of `4-80`
