2023-06-25 23:06:46.418 [ForkJoinPool.commonPool-worker-5] INFO  org.dromara.cloudeon.processor.ConfigTask - command task：81 开始, 记录到数据库
2023-06-25 23:06:46.430 [ForkJoinPool.commonPool-worker-5] INFO  org.dromara.cloudeon.processor.ConfigTask - 加载配置文件模板目录：/Users/ycw/work/ycw/home_lab_shanghai/k8s/couldeon/cloudeon-assembly-v1.0.0-release/stack/EDP-1.0.0/hdfs/render
2023-06-25 23:06:46.449 [ForkJoinPool.commonPool-worker-5] INFO  org.dromara.cloudeon.processor.ConfigTask - Scanning directory: /Users/ycw/work/ycw/home_lab_shanghai/k8s/couldeon/cloudeon-assembly-v1.0.0-release/stack/EDP-1.0.0/hdfs/render
2023-06-25 23:06:46.471 [ForkJoinPool.commonPool-worker-5] INFO  org.dromara.cloudeon.processor.ConfigTask - File found: httpfs-log4j.properties
2023-06-25 23:06:46.471 [ForkJoinPool.commonPool-worker-5] INFO  org.dromara.cloudeon.processor.ConfigTask - 完成配置文件生成：/Users/ycw/work/ycw/home_lab_shanghai/k8s/couldeon/cloudeon-assembly-v1.0.0-release/work/hdfs1/k8s-worker-node2/conf/httpfs-log4j.properties
2023-06-25 23:06:46.472 [ForkJoinPool.commonPool-worker-5] INFO  org.dromara.cloudeon.processor.ConfigTask - File found: journalnode-bootstrap.sh.ftl
2023-06-25 23:06:46.474 [ForkJoinPool.commonPool-worker-5] INFO  org.dromara.cloudeon.processor.ConfigTask - 完成配置文件生成：/Users/ycw/work/ycw/home_lab_shanghai/k8s/couldeon/cloudeon-assembly-v1.0.0-release/work/hdfs1/k8s-worker-node2/conf/journalnode-bootstrap.sh
2023-06-25 23:06:46.474 [ForkJoinPool.commonPool-worker-5] INFO  org.dromara.cloudeon.processor.ConfigTask - File found: datanode-bootstrap.sh.ftl
2023-06-25 23:06:46.475 [ForkJoinPool.commonPool-worker-5] INFO  org.dromara.cloudeon.processor.ConfigTask - 完成配置文件生成：/Users/ycw/work/ycw/home_lab_shanghai/k8s/couldeon/cloudeon-assembly-v1.0.0-release/work/hdfs1/k8s-worker-node2/conf/datanode-bootstrap.sh
2023-06-25 23:06:46.475 [ForkJoinPool.commonPool-worker-5] INFO  org.dromara.cloudeon.processor.ConfigTask - File found: httpfs-site.xml.ftl
2023-06-25 23:06:46.477 [ForkJoinPool.commonPool-worker-5] INFO  org.dromara.cloudeon.processor.ConfigTask - 完成配置文件生成：/Users/ycw/work/ycw/home_lab_shanghai/k8s/couldeon/cloudeon-assembly-v1.0.0-release/work/hdfs1/k8s-worker-node2/conf/httpfs-site.xml
2023-06-25 23:06:46.478 [ForkJoinPool.commonPool-worker-5] INFO  org.dromara.cloudeon.processor.ConfigTask - File found: namenode-format.sh.ftl
2023-06-25 23:06:46.479 [ForkJoinPool.commonPool-worker-5] INFO  org.dromara.cloudeon.processor.ConfigTask - 完成配置文件生成：/Users/ycw/work/ycw/home_lab_shanghai/k8s/couldeon/cloudeon-assembly-v1.0.0-release/work/hdfs1/k8s-worker-node2/conf/namenode-format.sh
2023-06-25 23:06:46.479 [ForkJoinPool.commonPool-worker-5] INFO  org.dromara.cloudeon.processor.ConfigTask - File found: httpfs-bootstrap.sh.ftl
2023-06-25 23:06:46.480 [ForkJoinPool.commonPool-worker-5] INFO  org.dromara.cloudeon.processor.ConfigTask - 完成配置文件生成：/Users/ycw/work/ycw/home_lab_shanghai/k8s/couldeon/cloudeon-assembly-v1.0.0-release/work/hdfs1/k8s-worker-node2/conf/httpfs-bootstrap.sh
2023-06-25 23:06:46.480 [ForkJoinPool.commonPool-worker-5] INFO  org.dromara.cloudeon.processor.ConfigTask - File found: jmx_prometheus.yaml
2023-06-25 23:06:46.481 [ForkJoinPool.commonPool-worker-5] INFO  org.dromara.cloudeon.processor.ConfigTask - 完成配置文件生成：/Users/ycw/work/ycw/home_lab_shanghai/k8s/couldeon/cloudeon-assembly-v1.0.0-release/work/hdfs1/k8s-worker-node2/conf/jmx_prometheus.yaml
2023-06-25 23:06:46.481 [ForkJoinPool.commonPool-worker-5] INFO  org.dromara.cloudeon.processor.ConfigTask - File found: hdfs-site.xml.ftl
2023-06-25 23:06:46.484 [ForkJoinPool.commonPool-worker-5] INFO  org.dromara.cloudeon.processor.ConfigTask - 完成配置文件生成：/Users/ycw/work/ycw/home_lab_shanghai/k8s/couldeon/cloudeon-assembly-v1.0.0-release/work/hdfs1/k8s-worker-node2/conf/hdfs-site.xml
2023-06-25 23:06:46.485 [ForkJoinPool.commonPool-worker-5] INFO  org.dromara.cloudeon.processor.ConfigTask - File found: hadoop-metrics2-namenode.properties
2023-06-25 23:06:46.485 [ForkJoinPool.commonPool-worker-5] INFO  org.dromara.cloudeon.processor.ConfigTask - 完成配置文件生成：/Users/ycw/work/ycw/home_lab_shanghai/k8s/couldeon/cloudeon-assembly-v1.0.0-release/work/hdfs1/k8s-worker-node2/conf/hadoop-metrics2-namenode.properties
2023-06-25 23:06:46.486 [ForkJoinPool.commonPool-worker-5] INFO  org.dromara.cloudeon.processor.ConfigTask - File found: hadoop-hdfs-env.sh.ftl
2023-06-25 23:06:46.488 [ForkJoinPool.commonPool-worker-5] INFO  org.dromara.cloudeon.processor.ConfigTask - 完成配置文件生成：/Users/ycw/work/ycw/home_lab_shanghai/k8s/couldeon/cloudeon-assembly-v1.0.0-release/work/hdfs1/k8s-worker-node2/conf/hadoop-hdfs-env.sh
2023-06-25 23:06:46.489 [ForkJoinPool.commonPool-worker-5] INFO  org.dromara.cloudeon.processor.ConfigTask - File found: hadoop-metrics2-datanode.properties
2023-06-25 23:06:46.490 [ForkJoinPool.commonPool-worker-5] INFO  org.dromara.cloudeon.processor.ConfigTask - 完成配置文件生成：/Users/ycw/work/ycw/home_lab_shanghai/k8s/couldeon/cloudeon-assembly-v1.0.0-release/work/hdfs1/k8s-worker-node2/conf/hadoop-metrics2-datanode.properties
2023-06-25 23:06:46.490 [ForkJoinPool.commonPool-worker-5] INFO  org.dromara.cloudeon.processor.ConfigTask - File found: core-site.xml.ftl
2023-06-25 23:06:46.493 [ForkJoinPool.commonPool-worker-5] INFO  org.dromara.cloudeon.processor.ConfigTask - 完成配置文件生成：/Users/ycw/work/ycw/home_lab_shanghai/k8s/couldeon/cloudeon-assembly-v1.0.0-release/work/hdfs1/k8s-worker-node2/conf/core-site.xml
2023-06-25 23:06:46.493 [ForkJoinPool.commonPool-worker-5] INFO  org.dromara.cloudeon.processor.ConfigTask - File found: namenode-bootstrap.sh.ftl
2023-06-25 23:06:46.494 [ForkJoinPool.commonPool-worker-5] INFO  org.dromara.cloudeon.processor.ConfigTask - 完成配置文件生成：/Users/ycw/work/ycw/home_lab_shanghai/k8s/couldeon/cloudeon-assembly-v1.0.0-release/work/hdfs1/k8s-worker-node2/conf/namenode-bootstrap.sh
2023-06-25 23:06:46.494 [ForkJoinPool.commonPool-worker-5] INFO  org.dromara.cloudeon.processor.ConfigTask - File found: log4j.properties
2023-06-25 23:06:46.495 [ForkJoinPool.commonPool-worker-5] INFO  org.dromara.cloudeon.processor.ConfigTask - 完成配置文件生成：/Users/ycw/work/ycw/home_lab_shanghai/k8s/couldeon/cloudeon-assembly-v1.0.0-release/work/hdfs1/k8s-worker-node2/conf/log4j.properties
2023-06-25 23:06:46.495 [ForkJoinPool.commonPool-worker-5] INFO  org.dromara.cloudeon.processor.ConfigTask - File found: dfs.exclude
2023-06-25 23:06:46.495 [ForkJoinPool.commonPool-worker-5] INFO  org.dromara.cloudeon.processor.ConfigTask - 完成配置文件生成：/Users/ycw/work/ycw/home_lab_shanghai/k8s/couldeon/cloudeon-assembly-v1.0.0-release/work/hdfs1/k8s-worker-node2/conf/dfs.exclude
2023-06-25 23:06:46.502 [ForkJoinPool.commonPool-worker-5] INFO  org.dromara.cloudeon.processor.ConfigTask - 拷贝本地配置目录：/Users/ycw/work/ycw/home_lab_shanghai/k8s/couldeon/cloudeon-assembly-v1.0.0-release/work/hdfs1/k8s-worker-node2/conf 到节点k8s-worker-node2的：/opt/edp/hdfs1/conf/
2023-06-25 23:06:46.658 [ForkJoinPool.commonPool-worker-5] INFO  org.dromara.cloudeon.processor.ConfigTask - 成功拷贝本地配置目录：/Users/ycw/work/ycw/home_lab_shanghai/k8s/couldeon/cloudeon-assembly-v1.0.0-release/work/hdfs1/k8s-worker-node2/conf 到节点k8s-worker-node2的：/opt/edp/hdfs1/conf/
2023-06-25 23:06:46.659 [ForkJoinPool.commonPool-worker-5] INFO  org.dromara.cloudeon.processor.ConfigTask - 赋予conf目录下sh脚本执行权限：chmod +x /opt/edp/hdfs1/conf//*.sh
2023-06-25 23:06:46.693 [ForkJoinPool.commonPool-worker-5] INFO  org.dromara.cloudeon.processor.ConfigTask - command task：81 结束, 记录到数据库
2023-06-25 23:06:46.696 [ForkJoinPool.commonPool-worker-5] INFO  org.dromara.cloudeon.processor.ConfigTask - close sifting Appender of `4-81`
