2023-06-26 14:20:07.710 [ForkJoinPool.commonPool-worker-14] INFO  org.dromara.cloudeon.processor.PullImageTask - command task：76 开始, 记录到数据库
2023-06-26 14:20:07.715 [ForkJoinPool.commonPool-worker-14] INFO  org.dromara.cloudeon.processor.PullImageTask - 节点：k8s-worker-node1 上拉取镜像：registry.cn-hangzhou.aliyuncs.com/udh/hadoop:3.3.4
2023-06-26 14:20:07.716 [ForkJoinPool.commonPool-worker-14] INFO  org.dromara.cloudeon.processor.PullImageTask - 节点：k8s-worker-node1 上执行命令：docker pull registry.cn-hangzhou.aliyuncs.com/udh/hadoop:3.3.4
2023-06-26 14:31:59.668 [ForkJoinPool.commonPool-worker-14] INFO  org.dromara.cloudeon.processor.PullImageTask - 3.3.4: Pulling from udh/hadoop
9a598663ae73: Already exists
affda14d0269: Already exists
75fbbc60150f: Already exists
d662dc7c27d3: Already exists
0a9037958e8a: Already exists
1ee3d1854cf2: Already exists
c256c5a984c6: Already exists
35264e61b8b6: Already exists
619b01d8da89: Already exists
c22264054e09: Pulling fs layer
c22264054e09: Retrying in 5 seconds
c22264054e09: Retrying in 4 seconds
c22264054e09: Retrying in 3 seconds
c22264054e09: Retrying in 2 seconds
c22264054e09: Retrying in 1 second
c22264054e09: Verifying Checksum
c22264054e09: Download complete
c22264054e09: Pull complete
Digest: sha256:b2d80411cc3d226b4747f42ffd8dbbc44bb336affb722b3506d04178f3c3b9d2
Status: Downloaded newer image for registry.cn-hangzhou.aliyuncs.com/udh/hadoop:3.3.4
registry.cn-hangzhou.aliyuncs.com/udh/hadoop:3.3.4
2023-06-26 14:31:59.669 [ForkJoinPool.commonPool-worker-14] INFO  org.dromara.cloudeon.processor.PullImageTask - 成功在节点：k8s-worker-node1 上拉取镜像：registry.cn-hangzhou.aliyuncs.com/udh/hadoop:3.3.4
2023-06-26 14:31:59.669 [ForkJoinPool.commonPool-worker-14] INFO  org.dromara.cloudeon.processor.PullImageTask - command task：76 结束, 记录到数据库
2023-06-26 14:31:59.674 [ForkJoinPool.commonPool-worker-14] INFO  org.dromara.cloudeon.processor.PullImageTask - close sifting Appender of `7-76`
